Using pre-set license
Built from '2021.3/china_unity/release' branch; Version is '2021.3.10f1c1 (fad0948fb939) revision 16437396'; Using compiler version '192829333'; Build Type 'Release'
OS: 'Windows 11  (10.0.22621) 64bit ProfessionalEducation' Language: 'zh' Physical Memory: 16005 MB
BatchMode: 1, IsHumanControllingUs: 0, StartBugReporterOnCrash: 0, Is64bit: 1, IsPro: 1

COMMAND LINE ARGUMENTS:
D:\Unity\2021.3.10f1c1\Editor\Unity.exe
-adb2
-batchMode
-noUpm
-name
AssetImportWorker7
-projectPath
E:/Sweet_Dream/Sweet_Dream
-logFile
Logs/AssetImportWorker7.log
-srvPort
5988
Successfully changed project path to: E:/Sweet_Dream/Sweet_Dream
E:/Sweet_Dream/Sweet_Dream
[UnityMemory] Configuration Parameters - Can be set up in boot.config
    "memorysetup-bucket-allocator-granularity=16"
    "memorysetup-bucket-allocator-bucket-count=8"
    "memorysetup-bucket-allocator-block-size=33554432"
    "memorysetup-bucket-allocator-block-count=8"
    "memorysetup-main-allocator-block-size=16777216"
    "memorysetup-thread-allocator-block-size=16777216"
    "memorysetup-gfx-main-allocator-block-size=16777216"
    "memorysetup-gfx-thread-allocator-block-size=16777216"
    "memorysetup-cache-allocator-block-size=4194304"
    "memorysetup-typetree-allocator-block-size=2097152"
    "memorysetup-profiler-bucket-allocator-granularity=16"
    "memorysetup-profiler-bucket-allocator-bucket-count=8"
    "memorysetup-profiler-bucket-allocator-block-size=33554432"
    "memorysetup-profiler-bucket-allocator-block-count=8"
    "memorysetup-profiler-allocator-block-size=16777216"
    "memorysetup-profiler-editor-allocator-block-size=1048576"
    "memorysetup-temp-allocator-size-main=16777216"
    "memorysetup-job-temp-allocator-block-size=2097152"
    "memorysetup-job-temp-allocator-block-size-background=1048576"
    "memorysetup-job-temp-allocator-reduction-small-platforms=262144"
    "memorysetup-temp-allocator-size-background-worker=32768"
    "memorysetup-temp-allocator-size-job-worker=262144"
    "memorysetup-temp-allocator-size-preload-manager=33554432"
    "memorysetup-temp-allocator-size-nav-mesh-worker=65536"
    "memorysetup-temp-allocator-size-audio-worker=65536"
    "memorysetup-temp-allocator-size-cloud-worker=32768"
    "memorysetup-temp-allocator-size-gi-baking-worker=262144"
    "memorysetup-temp-allocator-size-gfx=262144"
AS: AutoStreaming module initializing.
Refreshing native plugins compatible for Editor in 82.28 ms, found 4 plugins.
Preloading 0 native plugins for Editor in 0.00 ms.
Initialize engine version: 2021.3.10f1c1 (fad0948fb939)
[Subsystems] Discovering subsystems at path D:/Unity/2021.3.10f1c1/Editor/Data/Resources/UnitySubsystems
[Subsystems] Discovering subsystems at path E:/Sweet_Dream/Sweet_Dream/Assets
GfxDevice: creating device client; threaded=0; jobified=0
Direct3D:
    Version:  Direct3D 11.0 [level 11.1]
    Renderer: NVIDIA GeForce RTX 3050 Ti Laptop GPU (ID=0x25a0)
    Vendor:   NVIDIA
    VRAM:     3990 MB
    Driver:   30.0.15.1278
Initialize mono
Mono path[0] = 'D:/Unity/2021.3.10f1c1/Editor/Data/Managed'
Mono path[1] = 'D:/Unity/2021.3.10f1c1/Editor/Data/MonoBleedingEdge/lib/mono/unityjit-win32'
Mono config path = 'D:/Unity/2021.3.10f1c1/Editor/Data/MonoBleedingEdge/etc'
Using monoOptions --debugger-agent=transport=dt_socket,embedding=1,server=y,suspend=n,address=127.0.0.1:56252
Begin MonoManager ReloadAssembly
Registering precompiled unity dll's ...
Register platform support module: D:/Unity/2021.3.10f1c1/Editor/Data/PlaybackEngines/WebGLSupport/UnityEditor.WebGL.Extensions.dll
Register platform support module: D:/Unity/2021.3.10f1c1/Editor/Data/PlaybackEngines/AndroidPlayer/UnityEditor.Android.Extensions.dll
Register platform support module: D:/Unity/2021.3.10f1c1/Editor/Data/PlaybackEngines/WindowsStandaloneSupport/UnityEditor.WindowsStandalone.Extensions.dll
Registered in 0.003660 seconds.
Native extension for WindowsStandalone target not found
Native extension for Android target not found
Native extension for WebGL target not found
Refreshing native plugins compatible for Editor in 71.51 ms, found 4 plugins.
Preloading 0 native plugins for Editor in 0.00 ms.
Mono: successfully reloaded assembly
- Completed reload, in  0.645 seconds
Domain Reload Profiling:
	ReloadAssembly (646ms)
		BeginReloadAssembly (78ms)
			ExecutionOrderSort (0ms)
			DisableScriptedObjects (0ms)
			BackupInstance (0ms)
			ReleaseScriptingObjects (0ms)
			CreateAndSetChildDomain (1ms)
		EndReloadAssembly (470ms)
			LoadAssemblies (76ms)
			RebuildTransferFunctionScriptingTraits (0ms)
			SetupTypeCache (108ms)
			ReleaseScriptCaches (0ms)
			RebuildScriptCaches (32ms)
			SetupLoadedEditorAssemblies (276ms)
				LogAssemblyErrors (0ms)
				InitializePlatformSupportModulesInManaged (60ms)
				SetLoadedEditorAssemblies (0ms)
				RefreshPlugins (72ms)
				BeforeProcessingInitializeOnLoad (1ms)
				ProcessInitializeOnLoadAttributes (93ms)
				ProcessInitializeOnLoadMethodAttributes (51ms)
				AfterProcessingInitializeOnLoad (0ms)
				EditorAssembliesLoaded (0ms)
			ExecutionOrderSort2 (0ms)
			AwakeInstancesAfterBackupRestoration (0ms)
Platform modules already initialized, skipping
Registering precompiled user dll's ...
Registered in 0.009493 seconds.
Begin MonoManager ReloadAssembly
Symbol file LoadedFromMemory doesn't match image E:\Sweet_Dream\Sweet_Dream\Library\PackageCache\com.unity.visualscripting@1.7.8\Editor\VisualScripting.Core\Dependencies\YamlDotNet\Unity.VisualScripting.YamlDotNet.dll
Symbol file LoadedFromMemory doesn't match image E:\Sweet_Dream\Sweet_Dream\Library\PackageCache\com.unity.visualscripting@1.7.8\Editor\VisualScripting.Core\Dependencies\DotNetZip\Unity.VisualScripting.IonicZip.dll
Native extension for WindowsStandalone target not found
Native extension for Android target not found
Native extension for WebGL target not found
Refreshing native plugins compatible for Editor in 91.32 ms, found 4 plugins.
Preloading 0 native plugins for Editor in 0.00 ms.
Mono: successfully reloaded assembly
- Completed reload, in  1.472 seconds
Domain Reload Profiling:
	ReloadAssembly (1473ms)
		BeginReloadAssembly (243ms)
			ExecutionOrderSort (0ms)
			DisableScriptedObjects (8ms)
			BackupInstance (0ms)
			ReleaseScriptingObjects (0ms)
			CreateAndSetChildDomain (139ms)
		EndReloadAssembly (1089ms)
			LoadAssemblies (104ms)
			RebuildTransferFunctionScriptingTraits (0ms)
			SetupTypeCache (331ms)
			ReleaseScriptCaches (1ms)
			RebuildScriptCaches (80ms)
			SetupLoadedEditorAssemblies (503ms)
				LogAssemblyErrors (0ms)
				InitializePlatformSupportModulesInManaged (16ms)
				SetLoadedEditorAssemblies (0ms)
				RefreshPlugins (91ms)
				BeforeProcessingInitializeOnLoad (84ms)
				ProcessInitializeOnLoadAttributes (257ms)
				ProcessInitializeOnLoadMethodAttributes (48ms)
				AfterProcessingInitializeOnLoad (6ms)
				EditorAssembliesLoaded (0ms)
			ExecutionOrderSort2 (0ms)
			AwakeInstancesAfterBackupRestoration (9ms)
Platform modules already initialized, skipping
========================================================================
Worker process is ready to serve import requests
Launched and connected shader compiler UnityShaderCompiler.exe after 0.05 seconds
Refreshing native plugins compatible for Editor in 1.06 ms, found 4 plugins.
Preloading 0 native plugins for Editor in 0.00 ms.
Unloading 4069 Unused Serialized files (Serialized files now loaded: 0)
Unloading 38 unused Assets / (56.0 KB). Loaded Objects now: 4528.
Memory consumption went from 155.6 MB to 155.5 MB.
Total: 5.146500 ms (FindLiveObjects: 0.306300 ms CreateObjectMapping: 0.206500 ms MarkObjects: 4.497100 ms  DeleteObjects: 0.134000 ms)

AssetImportParameters requested are different than current active one (requested -> active):
  custom:video-decoder-ogg-theora: a1e56fd34408186e4bbccfd4996cb3dc -> 
  custom:container-muxer-webm: aa71ff27fc2769a1b78a27578f13a17b -> 
  custom:container-demuxer-webm: 4f35f7cbe854078d1ac9338744f61a02 -> 
  custom:video-encoder-webm-vp8: eb34c28f22e8b96e1ab97ce403110664 -> 
  custom:video-codec-MediaFoundation-h265: 746d11721c4dcdbdad8f713fa42b33f4 -> 
  custom:audio-encoder-webm-vorbis: bf7c407c2cedff20999df2af8eb42d56 -> 
  custom:framework-win-MediaFoundation: 216162199b28c13a410421893ffa2e32 -> 
  custom:container-demuxer-ogg: 62fdf1f143b41e24485cea50d1cbac27 -> 
  custom:video-decoder-webm-vp8: 9c59270c3fd7afecdb556c50c9e8de78 -> 
  custom:audio-decoder-ogg-vorbis: bf7c407c2cedff20999df2af8eb42d56 -> 
========================================================================
Received Import Request.
  Time since last request: 183555.868265 seconds.
  path: Assets/Sprites/Tile palettes/室内摆件_7.asset
  artifactKey: Guid(c76cb30743aa3da49bb5386ebff9cafc) Importer(815301076,1909f56bfc062723c751e8b465ee728b)
Start importing Assets/Sprites/Tile palettes/室内摆件_7.asset using Guid(c76cb30743aa3da49bb5386ebff9cafc) Importer(815301076,1909f56bfc062723c751e8b465ee728b)  -> (artifact id: 'a9ee2e3f5bfdc4d05a0e35776b455068') in 0.094291 seconds 
========================================================================
Received Import Request.
  Time since last request: 0.000027 seconds.
  path: Assets/Sprites/Tile palettes/室内摆件_1.asset
  artifactKey: Guid(7882c82f0d873d24b8628b3b3c914527) Importer(815301076,1909f56bfc062723c751e8b465ee728b)
Start importing Assets/Sprites/Tile palettes/室内摆件_1.asset using Guid(7882c82f0d873d24b8628b3b3c914527) Importer(815301076,1909f56bfc062723c751e8b465ee728b)  -> (artifact id: 'e7b30684bb407ced792d4ea4c8c64cc7') in 0.022923 seconds 
========================================================================
Received Import Request.
  Time since last request: 0.037590 seconds.
  path: Assets/Sprites/Tile palettes/室内摆件_11.asset
  artifactKey: Guid(52d085e82eba5464dbdb9dffbc19eae2) Importer(815301076,1909f56bfc062723c751e8b465ee728b)
Start importing Assets/Sprites/Tile palettes/室内摆件_11.asset using Guid(52d085e82eba5464dbdb9dffbc19eae2) Importer(815301076,1909f56bfc062723c751e8b465ee728b)  -> (artifact id: '829ce14c890bf6e8653dca186ac330f0') in 0.024925 seconds 
========================================================================
Received Import Request.
  Time since last request: 0.000024 seconds.
  path: Assets/Sprites/Tile palettes/室内摆件_21.asset
  artifactKey: Guid(3900b11414ea64846891288f09ac42fe) Importer(815301076,1909f56bfc062723c751e8b465ee728b)
Start importing Assets/Sprites/Tile palettes/室内摆件_21.asset using Guid(3900b11414ea64846891288f09ac42fe) Importer(815301076,1909f56bfc062723c751e8b465ee728b)  -> (artifact id: 'e4c0965b150b543a22de0fba16fdb570') in 0.023304 seconds 
========================================================================
Received Import Request.
  Time since last request: 0.000028 seconds.
  path: Assets/Sprites/Tile palettes/室内摆件_12.asset
  artifactKey: Guid(76f467e8fb519e34bbc9e03d9e128ba9) Importer(815301076,1909f56bfc062723c751e8b465ee728b)
Start importing Assets/Sprites/Tile palettes/室内摆件_12.asset using Guid(76f467e8fb519e34bbc9e03d9e128ba9) Importer(815301076,1909f56bfc062723c751e8b465ee728b)  -> (artifact id: '3452d2849ee1ba02cbe6e25483343987') in 0.020317 seconds 
========================================================================
Received Import Request.
  Time since last request: 0.000069 seconds.
  path: Assets/Sprites/Tile palettes/室内摆件_19.asset
  artifactKey: Guid(c18be3faa2947d64cb9156eda3a3c6d9) Importer(815301076,1909f56bfc062723c751e8b465ee728b)
Start importing Assets/Sprites/Tile palettes/室内摆件_19.asset using Guid(c18be3faa2947d64cb9156eda3a3c6d9) Importer(815301076,1909f56bfc062723c751e8b465ee728b)  -> (artifact id: 'b560fac6be40d788830765ac98a06c7b') in 0.018957 seconds 
========================================================================
Received Import Request.
  Time since last request: 144.775658 seconds.
  path: Assets/Sprites/Tile palettes/学校通用地砖_0.asset
  artifactKey: Guid(c04f96e67dc49ef4faf80f5410156714) Importer(815301076,1909f56bfc062723c751e8b465ee728b)
Start importing Assets/Sprites/Tile palettes/学校通用地砖_0.asset using Guid(c04f96e67dc49ef4faf80f5410156714) Importer(815301076,1909f56bfc062723c751e8b465ee728b)  -> (artifact id: '40b333248073d1fea4709fd6fb881b82') in 0.017123 seconds 
========================================================================
Received Import Request.
  Time since last request: 0.000030 seconds.
  path: Assets/Sprites/Tile palettes/学校通用地砖_9.asset
  artifactKey: Guid(cff9c8195ba7a6b43a2f7aeead177f57) Importer(815301076,1909f56bfc062723c751e8b465ee728b)
Start importing Assets/Sprites/Tile palettes/学校通用地砖_9.asset using Guid(cff9c8195ba7a6b43a2f7aeead177f57) Importer(815301076,1909f56bfc062723c751e8b465ee728b)  -> (artifact id: 'ff69c384cb0260568f792a396836e6fa') in 0.017631 seconds 
========================================================================
Received Import Request.
  Time since last request: 0.000040 seconds.
  path: Assets/Sprites/Tile palettes/学校通用地砖_34.asset
  artifactKey: Guid(1724050014362814cb04ba3fa3f48b79) Importer(815301076,1909f56bfc062723c751e8b465ee728b)
Start importing Assets/Sprites/Tile palettes/学校通用地砖_34.asset using Guid(1724050014362814cb04ba3fa3f48b79) Importer(815301076,1909f56bfc062723c751e8b465ee728b)  -> (artifact id: '7ce1fd5d5090536f7e32bfabe78a062e') in 0.014904 seconds 
========================================================================
Received Import Request.
  Time since last request: 0.000028 seconds.
  path: Assets/Sprites/Tile palettes/学校通用地砖_21.asset
  artifactKey: Guid(b1546c4a71295d44f9f4375764859209) Importer(815301076,1909f56bfc062723c751e8b465ee728b)
Start importing Assets/Sprites/Tile palettes/学校通用地砖_21.asset using Guid(b1546c4a71295d44f9f4375764859209) Importer(815301076,1909f56bfc062723c751e8b465ee728b)  -> (artifact id: '725016276431189edd86f764915e316d') in 0.018154 seconds 
========================================================================
Received Import Request.
  Time since last request: 0.000025 seconds.
  path: Assets/Sprites/Tile palettes/学校通用地砖_16.asset
  artifactKey: Guid(6b9366d5e7e623642a07f304a8c145b0) Importer(815301076,1909f56bfc062723c751e8b465ee728b)
Start importing Assets/Sprites/Tile palettes/学校通用地砖_16.asset using Guid(6b9366d5e7e623642a07f304a8c145b0) Importer(815301076,1909f56bfc062723c751e8b465ee728b)  -> (artifact id: 'e84ed6a65309b487e4effcc62643330f') in 0.013999 seconds 
========================================================================
Received Import Request.
  Time since last request: 0.000039 seconds.
  path: Assets/Sprites/Tile palettes/学校通用地砖_35.asset
  artifactKey: Guid(e86ba427f9d62684a8ad61f06038411c) Importer(815301076,1909f56bfc062723c751e8b465ee728b)
Start importing Assets/Sprites/Tile palettes/学校通用地砖_35.asset using Guid(e86ba427f9d62684a8ad61f06038411c) Importer(815301076,1909f56bfc062723c751e8b465ee728b)  -> (artifact id: '9011521c263b39fb4c607ff551e2e776') in 0.014880 seconds 
========================================================================
Received Import Request.
  Time since last request: 0.000038 seconds.
  path: Assets/Sprites/Tile palettes/学校通用地砖_14.asset
  artifactKey: Guid(fa9b0880e3b131a419dda8575f79430d) Importer(815301076,1909f56bfc062723c751e8b465ee728b)
Start importing Assets/Sprites/Tile palettes/学校通用地砖_14.asset using Guid(fa9b0880e3b131a419dda8575f79430d) Importer(815301076,1909f56bfc062723c751e8b465ee728b)  -> (artifact id: '54f9a0e88bdb4cb31799fef43ef988f2') in 0.015512 seconds 
========================================================================
Received Import Request.
  Time since last request: 0.000038 seconds.
  path: Assets/Sprites/Tile palettes/学校通用地砖_37.asset
  artifactKey: Guid(827348fcceb62a04d9de897ff1c1e679) Importer(815301076,1909f56bfc062723c751e8b465ee728b)
Start importing Assets/Sprites/Tile palettes/学校通用地砖_37.asset using Guid(827348fcceb62a04d9de897ff1c1e679) Importer(815301076,1909f56bfc062723c751e8b465ee728b)  -> (artifact id: '0510d498c9d2866acfc2b77acdcd4da5') in 0.016476 seconds 
========================================================================
Received Import Request.
  Time since last request: 0.000033 seconds.
  path: Assets/Sprites/Tile palettes/学校通用地砖_19.asset
  artifactKey: Guid(f8de72e53e6e42f47bff4c5b93ed8a6e) Importer(815301076,1909f56bfc062723c751e8b465ee728b)
Start importing Assets/Sprites/Tile palettes/学校通用地砖_19.asset using Guid(f8de72e53e6e42f47bff4c5b93ed8a6e) Importer(815301076,1909f56bfc062723c751e8b465ee728b)  -> (artifact id: 'c8abc63fde9400a87911d532cdf4cad7') in 0.017764 seconds 
========================================================================
Received Import Request.
  Time since last request: 0.000031 seconds.
  path: Assets/Sprites/Tile palettes/学校通用地砖_10.asset
  artifactKey: Guid(319db8e2454946f429792b5c5532133c) Importer(815301076,1909f56bfc062723c751e8b465ee728b)
Start importing Assets/Sprites/Tile palettes/学校通用地砖_10.asset using Guid(319db8e2454946f429792b5c5532133c) Importer(815301076,1909f56bfc062723c751e8b465ee728b)  -> (artifact id: '72ce0a211ba6ee5614b07d42e6bb94f5') in 0.015970 seconds 
========================================================================
Received Import Request.
  Time since last request: 0.000032 seconds.
  path: Assets/Sprites/Tile palettes/学校通用地砖_27.asset
  artifactKey: Guid(f0da5b5cd0c8e9947892a040401f4f5c) Importer(815301076,1909f56bfc062723c751e8b465ee728b)
Start importing Assets/Sprites/Tile palettes/学校通用地砖_27.asset using Guid(f0da5b5cd0c8e9947892a040401f4f5c) Importer(815301076,1909f56bfc062723c751e8b465ee728b)  -> (artifact id: 'c9e826634a042d1600bc003e93b6e295') in 0.017519 seconds 
========================================================================
Received Import Request.
  Time since last request: 0.000035 seconds.
  path: Assets/Sprites/Tile palettes/学校通用地砖_8.asset
  artifactKey: Guid(2607f7a529fb77246bafd1664b76b199) Importer(815301076,1909f56bfc062723c751e8b465ee728b)
Start importing Assets/Sprites/Tile palettes/学校通用地砖_8.asset using Guid(2607f7a529fb77246bafd1664b76b199) Importer(815301076,1909f56bfc062723c751e8b465ee728b)  -> (artifact id: 'b0f87156916152b2f32a94a8aedc3e02') in 0.021931 seconds 
========================================================================
Received Import Request.
  Time since last request: 0.000034 seconds.
  path: Assets/Sprites/Tile palettes/学校通用地砖_11.asset
  artifactKey: Guid(5376c487bc0e4aa48b83b35273571eda) Importer(815301076,1909f56bfc062723c751e8b465ee728b)
Start importing Assets/Sprites/Tile palettes/学校通用地砖_11.asset using Guid(5376c487bc0e4aa48b83b35273571eda) Importer(815301076,1909f56bfc062723c751e8b465ee728b)  -> (artifact id: 'b8ae58f72f6bcdf473a27db8f679b996') in 0.019420 seconds 
========================================================================
Received Import Request.
  Time since last request: 0.000028 seconds.
  path: Assets/Sprites/Tile palettes/学校通用地砖_1.asset
  artifactKey: Guid(67e821dd89e548a43821e7172e85207b) Importer(815301076,1909f56bfc062723c751e8b465ee728b)
Start importing Assets/Sprites/Tile palettes/学校通用地砖_1.asset using Guid(67e821dd89e548a43821e7172e85207b) Importer(815301076,1909f56bfc062723c751e8b465ee728b)  -> (artifact id: 'b7f81a7244461fd85cc23d9420a52028') in 0.018845 seconds 
========================================================================
Received Import Request.
  Time since last request: 0.000032 seconds.
  path: Assets/Sprites/Tile palettes/学校通用地砖_12.asset
  artifactKey: Guid(cee0dca6a6c09f9489c8805ee72204ae) Importer(815301076,1909f56bfc062723c751e8b465ee728b)
Start importing Assets/Sprites/Tile palettes/学校通用地砖_12.asset using Guid(cee0dca6a6c09f9489c8805ee72204ae) Importer(815301076,1909f56bfc062723c751e8b465ee728b)  -> (artifact id: '9fa0dea6193503b62f1111031a1ea796') in 0.016836 seconds 
========================================================================
Received Import Request.
  Time since last request: 0.000047 seconds.
  path: Assets/Sprites/Tile palettes/学校通用地砖_6.asset
  artifactKey: Guid(ba75b5a0211a80d4a90ad7b95a377925) Importer(815301076,1909f56bfc062723c751e8b465ee728b)
Start importing Assets/Sprites/Tile palettes/学校通用地砖_6.asset using Guid(ba75b5a0211a80d4a90ad7b95a377925) Importer(815301076,1909f56bfc062723c751e8b465ee728b)  -> (artifact id: 'eb4013ea852aee3421eabab3d32609db') in 0.028662 seconds 
========================================================================
Received Import Request.
  Time since last request: 0.000028 seconds.
  path: Assets/Sprites/Tile palettes/学校通用地砖_38.asset
  artifactKey: Guid(9ebd160e972fed34d8b527d2cb9e8d5d) Importer(815301076,1909f56bfc062723c751e8b465ee728b)
Start importing Assets/Sprites/Tile palettes/学校通用地砖_38.asset using Guid(9ebd160e972fed34d8b527d2cb9e8d5d) Importer(815301076,1909f56bfc062723c751e8b465ee728b)  -> (artifact id: '28bf1ac9c8eedcfdc3030563cb3443af') in 0.022377 seconds 
========================================================================
Received Import Request.
  Time since last request: 0.000039 seconds.
  path: Assets/Sprites/Tile palettes/学校通用地砖_26.asset
  artifactKey: Guid(2f2b4826b143aac4da470cbc6ef0190a) Importer(815301076,1909f56bfc062723c751e8b465ee728b)
Start importing Assets/Sprites/Tile palettes/学校通用地砖_26.asset using Guid(2f2b4826b143aac4da470cbc6ef0190a) Importer(815301076,1909f56bfc062723c751e8b465ee728b)  -> (artifact id: 'b39fb0fb1969f14136a627a36bc394e7') in 0.031205 seconds 
========================================================================
Received Import Request.
  Time since last request: 0.000033 seconds.
  path: Assets/Sprites/Tile palettes/学校通用地砖_3.asset
  artifactKey: Guid(2aebe1ecbbf8f5d4296eb9f647ed7625) Importer(815301076,1909f56bfc062723c751e8b465ee728b)
Start importing Assets/Sprites/Tile palettes/学校通用地砖_3.asset using Guid(2aebe1ecbbf8f5d4296eb9f647ed7625) Importer(815301076,1909f56bfc062723c751e8b465ee728b)  -> (artifact id: 'ca74acff63fa3c61780dbcd20d89ce73') in 0.025454 seconds 
========================================================================
Received Import Request.
  Time since last request: 0.000033 seconds.
  path: Assets/Sprites/Tile palettes/学校通用地砖_25.asset
  artifactKey: Guid(86003275883326741a5a636388c04b2e) Importer(815301076,1909f56bfc062723c751e8b465ee728b)
Start importing Assets/Sprites/Tile palettes/学校通用地砖_25.asset using Guid(86003275883326741a5a636388c04b2e) Importer(815301076,1909f56bfc062723c751e8b465ee728b)  -> (artifact id: 'd35f36cff3ba7663d385a9d8c403fb88') in 0.025427 seconds 
========================================================================
Received Import Request.
  Time since last request: 0.000031 seconds.
  path: Assets/Sprites/Tile palettes/学校通用地砖_17.asset
  artifactKey: Guid(acd834cf46f286f46bca09289cc7e827) Importer(815301076,1909f56bfc062723c751e8b465ee728b)
Start importing Assets/Sprites/Tile palettes/学校通用地砖_17.asset using Guid(acd834cf46f286f46bca09289cc7e827) Importer(815301076,1909f56bfc062723c751e8b465ee728b)  -> (artifact id: 'a8744ca7b475b43fffd19b881aca3427') in 0.025592 seconds 
========================================================================
Received Import Request.
  Time since last request: 0.000043 seconds.
  path: Assets/Sprites/Tile palettes/学校通用地砖_2.asset
  artifactKey: Guid(05abb3bbab3fb5d4cbfe0bc6ff3a5a5e) Importer(815301076,1909f56bfc062723c751e8b465ee728b)
Start importing Assets/Sprites/Tile palettes/学校通用地砖_2.asset using Guid(05abb3bbab3fb5d4cbfe0bc6ff3a5a5e) Importer(815301076,1909f56bfc062723c751e8b465ee728b)  -> (artifact id: 'ce0e31a6c9f954577c4a7ba42efea08a') in 0.028937 seconds 
========================================================================
Received Import Request.
  Time since last request: 0.000066 seconds.
  path: Assets/Sprites/Tile palettes/学校通用地砖_15.asset
  artifactKey: Guid(fdcb7006b8ddeb54598b8961727ba111) Importer(815301076,1909f56bfc062723c751e8b465ee728b)
Start importing Assets/Sprites/Tile palettes/学校通用地砖_15.asset using Guid(fdcb7006b8ddeb54598b8961727ba111) Importer(815301076,1909f56bfc062723c751e8b465ee728b)  -> (artifact id: '69a01f37214534075f51793cb5afdf91') in 0.047116 seconds 
========================================================================
Received Import Request.
  Time since last request: 0.336029 seconds.
  path: Assets/Sprites/Tile palettes/学校通用地砖_41.asset
  artifactKey: Guid(1a8f77a93dc52ac4697ffa7035167079) Importer(815301076,1909f56bfc062723c751e8b465ee728b)
Start importing Assets/Sprites/Tile palettes/学校通用地砖_41.asset using Guid(1a8f77a93dc52ac4697ffa7035167079) Importer(815301076,1909f56bfc062723c751e8b465ee728b)  -> (artifact id: 'cafcb37797f414a3aeae4cbae08542a3') in 0.021684 seconds 
========================================================================
Received Import Request.
  Time since last request: 0.000032 seconds.
  path: Assets/Sprites/Tile palettes/学校通用地砖_44.asset
  artifactKey: Guid(bb37a93cdc35a4341a8f0a168fa99a1e) Importer(815301076,1909f56bfc062723c751e8b465ee728b)
Start importing Assets/Sprites/Tile palettes/学校通用地砖_44.asset using Guid(bb37a93cdc35a4341a8f0a168fa99a1e) Importer(815301076,1909f56bfc062723c751e8b465ee728b)  -> (artifact id: 'f026af2dd473134568c90c97b6186573') in 0.015392 seconds 
========================================================================
Received Import Request.
  Time since last request: 0.000034 seconds.
  path: Assets/Sprites/Tile palettes/学校通用地砖_47.asset
  artifactKey: Guid(b4ce18c7112c82d499bf69582091f389) Importer(815301076,1909f56bfc062723c751e8b465ee728b)
Start importing Assets/Sprites/Tile palettes/学校通用地砖_47.asset using Guid(b4ce18c7112c82d499bf69582091f389) Importer(815301076,1909f56bfc062723c751e8b465ee728b)  -> (artifact id: 'a1c9ada6c4aaeb5fda96257164374d26') in 0.015924 seconds 
========================================================================
Received Import Request.
  Time since last request: 0.000028 seconds.
  path: Assets/Sprites/Tile palettes/学校通用地砖_43.asset
  artifactKey: Guid(84ab304bee279f84c95ec1a5def88c4c) Importer(815301076,1909f56bfc062723c751e8b465ee728b)
Start importing Assets/Sprites/Tile palettes/学校通用地砖_43.asset using Guid(84ab304bee279f84c95ec1a5def88c4c) Importer(815301076,1909f56bfc062723c751e8b465ee728b)  -> (artifact id: 'd8696603b49b7ed081ac2b3b8ecf88cd') in 0.014704 seconds 
========================================================================
Received Import Request.
  Time since last request: 0.000032 seconds.
  path: Assets/Sprites/Tile palettes/学校通用地砖_49.asset
  artifactKey: Guid(dbb546bbdf50f964386da3867779776c) Importer(815301076,1909f56bfc062723c751e8b465ee728b)
Start importing Assets/Sprites/Tile palettes/学校通用地砖_49.asset using Guid(dbb546bbdf50f964386da3867779776c) Importer(815301076,1909f56bfc062723c751e8b465ee728b)  -> (artifact id: '2df57c6b6ef1429bffcddc56dd92a99b') in 0.015181 seconds 
========================================================================
Received Import Request.
  Time since last request: 0.097939 seconds.
  path: Assets/Sprites/Tile palettes/学校通用地砖_51.asset
  artifactKey: Guid(1841e5c1c83eb254482cab8a7db21b62) Importer(815301076,1909f56bfc062723c751e8b465ee728b)
Start importing Assets/Sprites/Tile palettes/学校通用地砖_51.asset using Guid(1841e5c1c83eb254482cab8a7db21b62) Importer(815301076,1909f56bfc062723c751e8b465ee728b)  -> (artifact id: '54f4290fe8a22c4eb108940554223feb') in 0.018064 seconds 
========================================================================
Received Import Request.
  Time since last request: 0.000025 seconds.
  path: Assets/Sprites/Tile palettes/学校通用地砖_52.asset
  artifactKey: Guid(63226f7ce4c61914fa6df02aa468f145) Importer(815301076,1909f56bfc062723c751e8b465ee728b)
Start importing Assets/Sprites/Tile palettes/学校通用地砖_52.asset using Guid(63226f7ce4c61914fa6df02aa468f145) Importer(815301076,1909f56bfc062723c751e8b465ee728b)  -> (artifact id: '88e4e9a5fd812764ed8178a88a49cd81') in 0.018159 seconds 
========================================================================
Received Import Request.
  Time since last request: 0.000024 seconds.
  path: Assets/Sprites/Tile palettes/学校通用地砖_62.asset
  artifactKey: Guid(586ee885e51d92f43a219696e7771c1a) Importer(815301076,1909f56bfc062723c751e8b465ee728b)
Start importing Assets/Sprites/Tile palettes/学校通用地砖_62.asset using Guid(586ee885e51d92f43a219696e7771c1a) Importer(815301076,1909f56bfc062723c751e8b465ee728b)  -> (artifact id: '1ce006dda878cdd2442b28484b37e784') in 0.014638 seconds 
========================================================================
Received Import Request.
  Time since last request: 0.000026 seconds.
  path: Assets/Sprites/Tile palettes/学校通用地砖_65.asset
  artifactKey: Guid(2d77a1aa23797ac48b407d4bc1d56e8e) Importer(815301076,1909f56bfc062723c751e8b465ee728b)
Start importing Assets/Sprites/Tile palettes/学校通用地砖_65.asset using Guid(2d77a1aa23797ac48b407d4bc1d56e8e) Importer(815301076,1909f56bfc062723c751e8b465ee728b)  -> (artifact id: 'ed546c1c3ff4c1cb47e81e2bf803c4f2') in 0.016087 seconds 
========================================================================
Received Import Request.
  Time since last request: 0.000033 seconds.
  path: Assets/Sprites/Tile palettes/学校通用地砖_57.asset
  artifactKey: Guid(1729bae94527d1a40bbe62df00ab8c6a) Importer(815301076,1909f56bfc062723c751e8b465ee728b)
Start importing Assets/Sprites/Tile palettes/学校通用地砖_57.asset using Guid(1729bae94527d1a40bbe62df00ab8c6a) Importer(815301076,1909f56bfc062723c751e8b465ee728b)  -> (artifact id: '6adcb44e407bfa9207d6ec1f33a82fad') in 0.017816 seconds 
========================================================================
Received Import Request.
  Time since last request: 0.000026 seconds.
  path: Assets/Sprites/Tile palettes/学校通用地砖_55.asset
  artifactKey: Guid(0217d78ddf791ce4e9327db27d5dfd94) Importer(815301076,1909f56bfc062723c751e8b465ee728b)
Start importing Assets/Sprites/Tile palettes/学校通用地砖_55.asset using Guid(0217d78ddf791ce4e9327db27d5dfd94) Importer(815301076,1909f56bfc062723c751e8b465ee728b)  -> (artifact id: '61670e37e8f5a1f2cd3dd8095ffb403c') in 0.016895 seconds 
========================================================================
Received Import Request.
  Time since last request: 0.000024 seconds.
  path: Assets/Sprites/Tile palettes/学校通用地砖_67.asset
  artifactKey: Guid(2bb24934a38ba7744a2d2738c5097152) Importer(815301076,1909f56bfc062723c751e8b465ee728b)
Start importing Assets/Sprites/Tile palettes/学校通用地砖_67.asset using Guid(2bb24934a38ba7744a2d2738c5097152) Importer(815301076,1909f56bfc062723c751e8b465ee728b)  -> (artifact id: 'ff87b9e6cad4cb53f168f26dc0476fbd') in 0.015181 seconds 
========================================================================
Received Import Request.
  Time since last request: 0.000030 seconds.
  path: Assets/Sprites/Tile palettes/学校通用地砖_56.asset
  artifactKey: Guid(b55cbc77676dd6f4da375b30e0a6f3e3) Importer(815301076,1909f56bfc062723c751e8b465ee728b)
Start importing Assets/Sprites/Tile palettes/学校通用地砖_56.asset using Guid(b55cbc77676dd6f4da375b30e0a6f3e3) Importer(815301076,1909f56bfc062723c751e8b465ee728b)  -> (artifact id: '09aa20da1c8b5de6947200aa85b74ee8') in 0.016893 seconds 
========================================================================
Received Import Request.
  Time since last request: 0.000037 seconds.
  path: Assets/Sprites/Tile palettes/学校通用地砖_58.asset
  artifactKey: Guid(b1e9938f794297b48a2786ccb3573608) Importer(815301076,1909f56bfc062723c751e8b465ee728b)
Start importing Assets/Sprites/Tile palettes/学校通用地砖_58.asset using Guid(b1e9938f794297b48a2786ccb3573608) Importer(815301076,1909f56bfc062723c751e8b465ee728b)  -> (artifact id: '141746f99c5fd62ab39e0e7bfdcb1d94') in 0.015366 seconds 
========================================================================
Received Import Request.
  Time since last request: 0.000039 seconds.
  path: Assets/Sprites/Tile palettes/学校通用地砖_53.asset
  artifactKey: Guid(623b388f93cebc446ab43a962ccddc27) Importer(815301076,1909f56bfc062723c751e8b465ee728b)
Start importing Assets/Sprites/Tile palettes/学校通用地砖_53.asset using Guid(623b388f93cebc446ab43a962ccddc27) Importer(815301076,1909f56bfc062723c751e8b465ee728b)  -> (artifact id: '3e74daa263d19c3771f2a557088c58f3') in 0.015985 seconds 
========================================================================
Received Import Request.
  Time since last request: 0.000023 seconds.
  path: Assets/Sprites/Tile palettes/学校通用地砖_73.asset
  artifactKey: Guid(f29b71cf9dbf12548a40f17a7519881e) Importer(815301076,1909f56bfc062723c751e8b465ee728b)
Start importing Assets/Sprites/Tile palettes/学校通用地砖_73.asset using Guid(f29b71cf9dbf12548a40f17a7519881e) Importer(815301076,1909f56bfc062723c751e8b465ee728b)  -> (artifact id: '6639b89a41df871b501188872eb3dfaf') in 0.015716 seconds 
========================================================================
Received Import Request.
  Time since last request: 0.000027 seconds.
  path: Assets/Sprites/Tile palettes/学校通用地砖_70.asset
  artifactKey: Guid(1da2278c4def0cd4aa55be14dd933971) Importer(815301076,1909f56bfc062723c751e8b465ee728b)
Start importing Assets/Sprites/Tile palettes/学校通用地砖_70.asset using Guid(1da2278c4def0cd4aa55be14dd933971) Importer(815301076,1909f56bfc062723c751e8b465ee728b)  -> (artifact id: 'aa1dc54e6ca9c5d080dec49331fa9406') in 0.016539 seconds 
========================================================================
Received Import Request.
  Time since last request: 0.000024 seconds.
  path: Assets/Sprites/Tile palettes/学校通用地砖_83.asset
  artifactKey: Guid(0594a11498eb78549bf73c1a84422614) Importer(815301076,1909f56bfc062723c751e8b465ee728b)
Start importing Assets/Sprites/Tile palettes/学校通用地砖_83.asset using Guid(0594a11498eb78549bf73c1a84422614) Importer(815301076,1909f56bfc062723c751e8b465ee728b)  -> (artifact id: 'c4bdc75aac1ecd7357f6ad603c0e7507') in 0.015680 seconds 
========================================================================
Received Import Request.
  Time since last request: 0.000038 seconds.
  path: Assets/Sprites/Tile palettes/学校通用地砖_89.asset
  artifactKey: Guid(30edf57cb74511f41a1192f986901220) Importer(815301076,1909f56bfc062723c751e8b465ee728b)
Start importing Assets/Sprites/Tile palettes/学校通用地砖_89.asset using Guid(30edf57cb74511f41a1192f986901220) Importer(815301076,1909f56bfc062723c751e8b465ee728b)  -> (artifact id: 'e153f690bdbfa9c744c15e6cac7aac70') in 0.015762 seconds 
========================================================================
Received Import Request.
  Time since last request: 0.000028 seconds.
  path: Assets/Sprites/Tile palettes/学校通用地砖_85.asset
  artifactKey: Guid(351d34f9558edad43a56e15bbd4f1e5e) Importer(815301076,1909f56bfc062723c751e8b465ee728b)
Start importing Assets/Sprites/Tile palettes/学校通用地砖_85.asset using Guid(351d34f9558edad43a56e15bbd4f1e5e) Importer(815301076,1909f56bfc062723c751e8b465ee728b)  -> (artifact id: '6f546fa836a9c6c5fbeffbacddfa9369') in 0.015387 seconds 
========================================================================
Received Import Request.
  Time since last request: 0.000030 seconds.
  path: Assets/Sprites/Tile palettes/学校通用地砖_78.asset
  artifactKey: Guid(979148baf8c11a84f835befd5f630a6b) Importer(815301076,1909f56bfc062723c751e8b465ee728b)
Start importing Assets/Sprites/Tile palettes/学校通用地砖_78.asset using Guid(979148baf8c11a84f835befd5f630a6b) Importer(815301076,1909f56bfc062723c751e8b465ee728b)  -> (artifact id: '18bd2c8571e9eda709539cf143fda1c8') in 0.014665 seconds 
========================================================================
Received Import Request.
  Time since last request: 0.000023 seconds.
  path: Assets/Sprites/Tile palettes/学校通用地砖_82.asset
  artifactKey: Guid(9f56681757fd78b47899663d5f923b2e) Importer(815301076,1909f56bfc062723c751e8b465ee728b)
Start importing Assets/Sprites/Tile palettes/学校通用地砖_82.asset using Guid(9f56681757fd78b47899663d5f923b2e) Importer(815301076,1909f56bfc062723c751e8b465ee728b)  -> (artifact id: '27e8ebbf2c353d62b223b2607d1b4eae') in 0.015734 seconds 
========================================================================
Received Import Request.
  Time since last request: 0.000026 seconds.
  path: Assets/Sprites/Tile palettes/学校通用地砖_80.asset
  artifactKey: Guid(f8c2c8e1bcaf94a48b5a97d527b6aa16) Importer(815301076,1909f56bfc062723c751e8b465ee728b)
Start importing Assets/Sprites/Tile palettes/学校通用地砖_80.asset using Guid(f8c2c8e1bcaf94a48b5a97d527b6aa16) Importer(815301076,1909f56bfc062723c751e8b465ee728b)  -> (artifact id: 'cdf340f44d8d529d0c3eb6b628df6809') in 0.016305 seconds 
========================================================================
Received Import Request.
  Time since last request: 0.000028 seconds.
  path: Assets/Sprites/Tile palettes/学校通用地砖_76.asset
  artifactKey: Guid(a5afcc8e47573b349bef05fce8127fcb) Importer(815301076,1909f56bfc062723c751e8b465ee728b)
Start importing Assets/Sprites/Tile palettes/学校通用地砖_76.asset using Guid(a5afcc8e47573b349bef05fce8127fcb) Importer(815301076,1909f56bfc062723c751e8b465ee728b)  -> (artifact id: 'c7adc24a743b79a07f9f540738f65ac2') in 0.015320 seconds 
========================================================================
Received Import Request.
  Time since last request: 0.000024 seconds.
  path: Assets/Sprites/Tile palettes/学校通用地砖_71.asset
  artifactKey: Guid(5adf34b1fd5f023418e42196dc00ed6a) Importer(815301076,1909f56bfc062723c751e8b465ee728b)
Start importing Assets/Sprites/Tile palettes/学校通用地砖_71.asset using Guid(5adf34b1fd5f023418e42196dc00ed6a) Importer(815301076,1909f56bfc062723c751e8b465ee728b)  -> (artifact id: '4ba5684891f1c9964a3aad9a33d1045c') in 0.015370 seconds 
========================================================================
Received Import Request.
  Time since last request: 0.014119 seconds.
  path: Assets/Sprites/Tile palettes/学校通用地砖_91.asset
  artifactKey: Guid(a5a1e31a506463b49a60675666c1c41e) Importer(815301076,1909f56bfc062723c751e8b465ee728b)
Start importing Assets/Sprites/Tile palettes/学校通用地砖_91.asset using Guid(a5a1e31a506463b49a60675666c1c41e) Importer(815301076,1909f56bfc062723c751e8b465ee728b)  -> (artifact id: '3696439cb52ecd3284dedeb54a0283b6') in 0.014855 seconds 
========================================================================
Received Import Request.
  Time since last request: 0.000021 seconds.
  path: Assets/Sprites/Tile palettes/学校通用地砖_97.asset
  artifactKey: Guid(702563ee3cf4e7242885dd701c1e8a4c) Importer(815301076,1909f56bfc062723c751e8b465ee728b)
Start importing Assets/Sprites/Tile palettes/学校通用地砖_97.asset using Guid(702563ee3cf4e7242885dd701c1e8a4c) Importer(815301076,1909f56bfc062723c751e8b465ee728b)  -> (artifact id: '0621cae90e400fcf99caf7a3fd2a44c6') in 0.015604 seconds 
========================================================================
Received Import Request.
  Time since last request: 0.000023 seconds.
  path: Assets/Sprites/Tile palettes/学校通用地砖_95.asset
  artifactKey: Guid(d54fa5307eeb9d546833b68fc4b39934) Importer(815301076,1909f56bfc062723c751e8b465ee728b)
Start importing Assets/Sprites/Tile palettes/学校通用地砖_95.asset using Guid(d54fa5307eeb9d546833b68fc4b39934) Importer(815301076,1909f56bfc062723c751e8b465ee728b)  -> (artifact id: 'cea2e2a42eae698a08c321441670e4f4') in 0.016765 seconds 
========================================================================
Received Import Request.
  Time since last request: 0.000030 seconds.
  path: Assets/Sprites/Tile palettes/学校通用地砖_93.asset
  artifactKey: Guid(25efba5c3ef5cca4ab336f24c0941dc4) Importer(815301076,1909f56bfc062723c751e8b465ee728b)
Start importing Assets/Sprites/Tile palettes/学校通用地砖_93.asset using Guid(25efba5c3ef5cca4ab336f24c0941dc4) Importer(815301076,1909f56bfc062723c751e8b465ee728b)  -> (artifact id: '65b879ad5d048ba40e1f1eca03e0ebd3') in 0.015033 seconds 
========================================================================
Received Import Request.
  Time since last request: 0.000028 seconds.
  path: Assets/Sprites/Tile palettes/学校通用地砖_100.asset
  artifactKey: Guid(ae26b111244ba8146863eeecf0ca2a8a) Importer(815301076,1909f56bfc062723c751e8b465ee728b)
Start importing Assets/Sprites/Tile palettes/学校通用地砖_100.asset using Guid(ae26b111244ba8146863eeecf0ca2a8a) Importer(815301076,1909f56bfc062723c751e8b465ee728b)  -> (artifact id: '820ff5dd8f1fece2e1a31c93fa1f85f8') in 0.013944 seconds 
========================================================================
Received Import Request.
  Time since last request: 0.000021 seconds.
  path: Assets/Sprites/Tile palettes/学校通用地砖_104.asset
  artifactKey: Guid(e0cdaf3f935cb2e4a94590078a7e21de) Importer(815301076,1909f56bfc062723c751e8b465ee728b)
Start importing Assets/Sprites/Tile palettes/学校通用地砖_104.asset using Guid(e0cdaf3f935cb2e4a94590078a7e21de) Importer(815301076,1909f56bfc062723c751e8b465ee728b)  -> (artifact id: '5c4b7a01e701541b5fb5758361964389') in 0.015909 seconds 
========================================================================
Received Import Request.
  Time since last request: 0.000027 seconds.
  path: Assets/Sprites/Tile palettes/学校通用地砖_107.asset
  artifactKey: Guid(07ffe4318a86c12478ed629b647f0818) Importer(815301076,1909f56bfc062723c751e8b465ee728b)
Start importing Assets/Sprites/Tile palettes/学校通用地砖_107.asset using Guid(07ffe4318a86c12478ed629b647f0818) Importer(815301076,1909f56bfc062723c751e8b465ee728b)  -> (artifact id: 'e9333dcd9577d84d38f814bbb6c992d8') in 0.015724 seconds 
========================================================================
Received Import Request.
  Time since last request: 0.000019 seconds.
  path: Assets/Sprites/Tile palettes/学校通用地砖_102.asset
  artifactKey: Guid(7aa0db29b14da0746bc62c4c0d45ebbb) Importer(815301076,1909f56bfc062723c751e8b465ee728b)
Start importing Assets/Sprites/Tile palettes/学校通用地砖_102.asset using Guid(7aa0db29b14da0746bc62c4c0d45ebbb) Importer(815301076,1909f56bfc062723c751e8b465ee728b)  -> (artifact id: 'fde94b7b43658628c9d31960f2b81bbf') in 0.015694 seconds 
========================================================================
Received Import Request.
  Time since last request: 0.000026 seconds.
  path: Assets/Sprites/Tile palettes/学校通用地砖_98.asset
  artifactKey: Guid(556d8c55aad8f5444968dabaa4329a6a) Importer(815301076,1909f56bfc062723c751e8b465ee728b)
Start importing Assets/Sprites/Tile palettes/学校通用地砖_98.asset using Guid(556d8c55aad8f5444968dabaa4329a6a) Importer(815301076,1909f56bfc062723c751e8b465ee728b)  -> (artifact id: 'ab3f6915921ebdf91c33d5cf9191d8cf') in 0.014820 seconds 
========================================================================
Received Import Request.
  Time since last request: 0.000019 seconds.
  path: Assets/Sprites/Tile palettes/学校通用地砖_94.asset
  artifactKey: Guid(20e7cb2ccbd5f0c4da86505c84f3e4ed) Importer(815301076,1909f56bfc062723c751e8b465ee728b)
Start importing Assets/Sprites/Tile palettes/学校通用地砖_94.asset using Guid(20e7cb2ccbd5f0c4da86505c84f3e4ed) Importer(815301076,1909f56bfc062723c751e8b465ee728b)  -> (artifact id: '315a32c6583cbabff5f781c01c714cf7') in 0.016107 seconds 
========================================================================
Received Import Request.
  Time since last request: 0.032229 seconds.
  path: Assets/Sprites/Tile palettes/学校通用地砖_111.asset
  artifactKey: Guid(a3c9624f25fa0c74aa6e58d1fc8a7673) Importer(815301076,1909f56bfc062723c751e8b465ee728b)
Start importing Assets/Sprites/Tile palettes/学校通用地砖_111.asset using Guid(a3c9624f25fa0c74aa6e58d1fc8a7673) Importer(815301076,1909f56bfc062723c751e8b465ee728b)  -> (artifact id: 'e7bd66a7f7d5c188f3140c5651be0619') in 0.015830 seconds 
========================================================================
Received Import Request.
  Time since last request: 0.000023 seconds.
  path: Assets/Sprites/Tile palettes/学校通用地砖_122.asset
  artifactKey: Guid(1db67aa22107d0c429860eef99f133d9) Importer(815301076,1909f56bfc062723c751e8b465ee728b)
Start importing Assets/Sprites/Tile palettes/学校通用地砖_122.asset using Guid(1db67aa22107d0c429860eef99f133d9) Importer(815301076,1909f56bfc062723c751e8b465ee728b)  -> (artifact id: '89252ffe5f43956d46542eea6dc220ac') in 0.017454 seconds 
========================================================================
Received Import Request.
  Time since last request: 0.000030 seconds.
  path: Assets/Sprites/Tile palettes/学校通用地砖_118.asset
  artifactKey: Guid(4f2db2509684bd642a53a379b688921b) Importer(815301076,1909f56bfc062723c751e8b465ee728b)
Start importing Assets/Sprites/Tile palettes/学校通用地砖_118.asset using Guid(4f2db2509684bd642a53a379b688921b) Importer(815301076,1909f56bfc062723c751e8b465ee728b)  -> (artifact id: '201412dbaf516b70041f1e049b65c1ff') in 0.014874 seconds 
========================================================================
Received Import Request.
  Time since last request: 0.000029 seconds.
  path: Assets/Sprites/Tile palettes/学校通用地砖_113.asset
  artifactKey: Guid(32c0424d74cb6914cbe8b0d9fff2f089) Importer(815301076,1909f56bfc062723c751e8b465ee728b)
Start importing Assets/Sprites/Tile palettes/学校通用地砖_113.asset using Guid(32c0424d74cb6914cbe8b0d9fff2f089) Importer(815301076,1909f56bfc062723c751e8b465ee728b)  -> (artifact id: 'f84689ce2e8b1503ab476ab42d1353f1') in 0.016879 seconds 
========================================================================
Received Import Request.
  Time since last request: 0.000028 seconds.
  path: Assets/Sprites/Tile palettes/学校通用地砖_120.asset
  artifactKey: Guid(c0da1ac6c303a314a86de6e2d0bfe979) Importer(815301076,1909f56bfc062723c751e8b465ee728b)
Start importing Assets/Sprites/Tile palettes/学校通用地砖_120.asset using Guid(c0da1ac6c303a314a86de6e2d0bfe979) Importer(815301076,1909f56bfc062723c751e8b465ee728b)  -> (artifact id: '8099e13d906f2a080af9ffb0474bbdfe') in 0.014937 seconds 
========================================================================
Received Import Request.
  Time since last request: 0.000031 seconds.
  path: Assets/Sprites/Tile palettes/学校通用地砖_123.asset
  artifactKey: Guid(e5fb5dc95641da043b94401abd0bb8d6) Importer(815301076,1909f56bfc062723c751e8b465ee728b)
Start importing Assets/Sprites/Tile palettes/学校通用地砖_123.asset using Guid(e5fb5dc95641da043b94401abd0bb8d6) Importer(815301076,1909f56bfc062723c751e8b465ee728b)  -> (artifact id: 'cfe72d7c33606c55c43a2de73854ecd8') in 0.015759 seconds 
========================================================================
Received Import Request.
  Time since last request: 0.000058 seconds.
  path: Assets/Sprites/Tile palettes/学校通用地砖_125.asset
  artifactKey: Guid(5731aafa68887484196fffe5be59b5a9) Importer(815301076,1909f56bfc062723c751e8b465ee728b)
Start importing Assets/Sprites/Tile palettes/学校通用地砖_125.asset using Guid(5731aafa68887484196fffe5be59b5a9) Importer(815301076,1909f56bfc062723c751e8b465ee728b)  -> (artifact id: '60fdaa755d355a27a0e6ce6fa35731aa') in 0.015034 seconds 
========================================================================
Received Import Request.
  Time since last request: 0.000054 seconds.
  path: Assets/Sprites/Tile palettes/学校通用地砖_115.asset
  artifactKey: Guid(1daa41a63e608f5479faadaa6b741f1c) Importer(815301076,1909f56bfc062723c751e8b465ee728b)
Start importing Assets/Sprites/Tile palettes/学校通用地砖_115.asset using Guid(1daa41a63e608f5479faadaa6b741f1c) Importer(815301076,1909f56bfc062723c751e8b465ee728b)  -> (artifact id: '8f7eabbaefb852fa37e29ef48e2c0986') in 0.015981 seconds 
========================================================================
Received Import Request.
  Time since last request: 0.000026 seconds.
  path: Assets/Sprites/Tile palettes/学校通用地砖_119.asset
  artifactKey: Guid(9805e7014a30f3142a726e81d80ef2ed) Importer(815301076,1909f56bfc062723c751e8b465ee728b)
Start importing Assets/Sprites/Tile palettes/学校通用地砖_119.asset using Guid(9805e7014a30f3142a726e81d80ef2ed) Importer(815301076,1909f56bfc062723c751e8b465ee728b)  -> (artifact id: 'f71a1acc9e3e9220edf49cdbdb7b96f9') in 0.013808 seconds 
========================================================================
Received Import Request.
  Time since last request: 51.571420 seconds.
  path: Assets/Sprites/学校墙面.png
  artifactKey: Guid(b2490a37413fb1242b20af00f4bf3092) Importer(815301076,1909f56bfc062723c751e8b465ee728b)
Start importing Assets/Sprites/学校墙面.png using Guid(b2490a37413fb1242b20af00f4bf3092) Importer(815301076,1909f56bfc062723c751e8b465ee728b)  -> (artifact id: '721883a1237217420a25ff2f825fe19a') in 0.043132 seconds 
Editor requested this worker to shutdown with reason: Scaling down because of idle timeout
AssetImportWorker is now disconnected from the server
Process exiting
Exiting without the bug reporter. Application will terminate with return code 0