Using pre-set license
Built from '2021.3/china_unity/release' branch; Version is '2021.3.10f1c1 (fad0948fb939) revision 16437396'; Using compiler version '192829333'; Build Type 'Release'
OS: 'Windows 11  (10.0.22621) 64bit ProfessionalEducation' Language: 'zh' Physical Memory: 16005 MB
BatchMode: 1, IsHumanControllingUs: 0, StartBugReporterOnCrash: 0, Is64bit: 1, IsPro: 1

COMMAND LINE ARGUMENTS:
D:\Unity\2021.3.10f1c1\Editor\Unity.exe
-adb2
-batchMode
-noUpm
-name
AssetImportWorker4
-projectPath
E:/Sweet_Dream/Sweet_Dream
-logFile
Logs/AssetImportWorker4.log
-srvPort
3453
Successfully changed project path to: E:/Sweet_Dream/Sweet_Dream
E:/Sweet_Dream/Sweet_Dream
[UnityMemory] Configuration Parameters - Can be set up in boot.config
    "memorysetup-bucket-allocator-granularity=16"
    "memorysetup-bucket-allocator-bucket-count=8"
    "memorysetup-bucket-allocator-block-size=33554432"
    "memorysetup-bucket-allocator-block-count=8"
    "memorysetup-main-allocator-block-size=16777216"
    "memorysetup-thread-allocator-block-size=16777216"
    "memorysetup-gfx-main-allocator-block-size=16777216"
    "memorysetup-gfx-thread-allocator-block-size=16777216"
    "memorysetup-cache-allocator-block-size=4194304"
    "memorysetup-typetree-allocator-block-size=2097152"
    "memorysetup-profiler-bucket-allocator-granularity=16"
    "memorysetup-profiler-bucket-allocator-bucket-count=8"
    "memorysetup-profiler-bucket-allocator-block-size=33554432"
    "memorysetup-profiler-bucket-allocator-block-count=8"
    "memorysetup-profiler-allocator-block-size=16777216"
    "memorysetup-profiler-editor-allocator-block-size=1048576"
    "memorysetup-temp-allocator-size-main=16777216"
    "memorysetup-job-temp-allocator-block-size=2097152"
    "memorysetup-job-temp-allocator-block-size-background=1048576"
    "memorysetup-job-temp-allocator-reduction-small-platforms=262144"
    "memorysetup-temp-allocator-size-background-worker=32768"
    "memorysetup-temp-allocator-size-job-worker=262144"
    "memorysetup-temp-allocator-size-preload-manager=33554432"
    "memorysetup-temp-allocator-size-nav-mesh-worker=65536"
    "memorysetup-temp-allocator-size-audio-worker=65536"
    "memorysetup-temp-allocator-size-cloud-worker=32768"
    "memorysetup-temp-allocator-size-gi-baking-worker=262144"
    "memorysetup-temp-allocator-size-gfx=262144"
AS: AutoStreaming module initializing.
Refreshing native plugins compatible for Editor in 105.74 ms, found 5 plugins.
Preloading 0 native plugins for Editor in 0.00 ms.
Initialize engine version: 2021.3.10f1c1 (fad0948fb939)
[Subsystems] Discovering subsystems at path D:/Unity/2021.3.10f1c1/Editor/Data/Resources/UnitySubsystems
[Subsystems] Discovering subsystems at path E:/Sweet_Dream/Sweet_Dream/Assets
GfxDevice: creating device client; threaded=0; jobified=0
Direct3D:
    Version:  Direct3D 11.0 [level 11.1]
    Renderer: NVIDIA GeForce RTX 3050 Ti Laptop GPU (ID=0x25a0)
    Vendor:   NVIDIA
    VRAM:     3990 MB
    Driver:   30.0.15.1278
Initialize mono
Mono path[0] = 'D:/Unity/2021.3.10f1c1/Editor/Data/Managed'
Mono path[1] = 'D:/Unity/2021.3.10f1c1/Editor/Data/MonoBleedingEdge/lib/mono/unityjit-win32'
Mono config path = 'D:/Unity/2021.3.10f1c1/Editor/Data/MonoBleedingEdge/etc'
Using monoOptions --debugger-agent=transport=dt_socket,embedding=1,server=y,suspend=n,address=127.0.0.1:56136
Begin MonoManager ReloadAssembly
Registering precompiled unity dll's ...
Register platform support module: D:/Unity/2021.3.10f1c1/Editor/Data/PlaybackEngines/WebGLSupport/UnityEditor.WebGL.Extensions.dll
Register platform support module: D:/Unity/2021.3.10f1c1/Editor/Data/PlaybackEngines/AndroidPlayer/UnityEditor.Android.Extensions.dll
Register platform support module: D:/Unity/2021.3.10f1c1/Editor/Data/PlaybackEngines/WindowsStandaloneSupport/UnityEditor.WindowsStandalone.Extensions.dll
Registered in 0.002291 seconds.
Native extension for WindowsStandalone target not found
Native extension for Android target not found
Native extension for WebGL target not found
Refreshing native plugins compatible for Editor in 106.48 ms, found 5 plugins.
Preloading 0 native plugins for Editor in 0.00 ms.
Mono: successfully reloaded assembly
- Completed reload, in  0.537 seconds
Domain Reload Profiling:
	ReloadAssembly (538ms)
		BeginReloadAssembly (47ms)
			ExecutionOrderSort (0ms)
			DisableScriptedObjects (0ms)
			BackupInstance (0ms)
			ReleaseScriptingObjects (0ms)
			CreateAndSetChildDomain (1ms)
		EndReloadAssembly (419ms)
			LoadAssemblies (45ms)
			RebuildTransferFunctionScriptingTraits (0ms)
			SetupTypeCache (70ms)
			ReleaseScriptCaches (0ms)
			RebuildScriptCaches (20ms)
			SetupLoadedEditorAssemblies (292ms)
				LogAssemblyErrors (0ms)
				InitializePlatformSupportModulesInManaged (41ms)
				SetLoadedEditorAssemblies (0ms)
				RefreshPlugins (107ms)
				BeforeProcessingInitializeOnLoad (1ms)
				ProcessInitializeOnLoadAttributes (94ms)
				ProcessInitializeOnLoadMethodAttributes (49ms)
				AfterProcessingInitializeOnLoad (0ms)
				EditorAssembliesLoaded (0ms)
			ExecutionOrderSort2 (0ms)
			AwakeInstancesAfterBackupRestoration (0ms)
Platform modules already initialized, skipping
Registering precompiled user dll's ...
Registered in 0.013693 seconds.
Begin MonoManager ReloadAssembly
Native extension for WindowsStandalone target not found
Native extension for Android target not found
Native extension for WebGL target not found
Refreshing native plugins compatible for Editor in 100.63 ms, found 5 plugins.
Preloading 0 native plugins for Editor in 0.00 ms.
Mono: successfully reloaded assembly
- Completed reload, in  1.025 seconds
Domain Reload Profiling:
	ReloadAssembly (1026ms)
		BeginReloadAssembly (180ms)
			ExecutionOrderSort (0ms)
			DisableScriptedObjects (4ms)
			BackupInstance (0ms)
			ReleaseScriptingObjects (0ms)
			CreateAndSetChildDomain (115ms)
		EndReloadAssembly (764ms)
			LoadAssemblies (65ms)
			RebuildTransferFunctionScriptingTraits (0ms)
			SetupTypeCache (180ms)
			ReleaseScriptCaches (0ms)
			RebuildScriptCaches (48ms)
			SetupLoadedEditorAssemblies (426ms)
				LogAssemblyErrors (0ms)
				InitializePlatformSupportModulesInManaged (9ms)
				SetLoadedEditorAssemblies (0ms)
				RefreshPlugins (101ms)
				BeforeProcessingInitializeOnLoad (68ms)
				ProcessInitializeOnLoadAttributes (215ms)
				ProcessInitializeOnLoadMethodAttributes (29ms)
				AfterProcessingInitializeOnLoad (4ms)
				EditorAssembliesLoaded (0ms)
			ExecutionOrderSort2 (0ms)
			AwakeInstancesAfterBackupRestoration (7ms)
Platform modules already initialized, skipping
========================================================================
Worker process is ready to serve import requests
Launched and connected shader compiler UnityShaderCompiler.exe after 0.03 seconds
Refreshing native plugins compatible for Editor in 1.15 ms, found 5 plugins.
Preloading 0 native plugins for Editor in 0.00 ms.
Unloading 5068 Unused Serialized files (Serialized files now loaded: 0)
Unloading 64 unused Assets / (479.3 KB). Loaded Objects now: 5529.
Memory consumption went from 211.3 MB to 210.8 MB.
Total: 4.021700 ms (FindLiveObjects: 0.412800 ms CreateObjectMapping: 0.179500 ms MarkObjects: 3.213700 ms  DeleteObjects: 0.214000 ms)

AssetImportParameters requested are different than current active one (requested -> active):
  custom:video-decoder-ogg-theora: a1e56fd34408186e4bbccfd4996cb3dc -> 
  custom:container-muxer-webm: aa71ff27fc2769a1b78a27578f13a17b -> 
  custom:container-demuxer-webm: 4f35f7cbe854078d1ac9338744f61a02 -> 
  custom:video-encoder-webm-vp8: eb34c28f22e8b96e1ab97ce403110664 -> 
  custom:video-codec-MediaFoundation-h265: 746d11721c4dcdbdad8f713fa42b33f4 -> 
  custom:audio-encoder-webm-vorbis: bf7c407c2cedff20999df2af8eb42d56 -> 
  custom:framework-win-MediaFoundation: 216162199b28c13a410421893ffa2e32 -> 
  custom:container-demuxer-ogg: 62fdf1f143b41e24485cea50d1cbac27 -> 
  custom:video-decoder-webm-vp8: 9c59270c3fd7afecdb556c50c9e8de78 -> 
  custom:audio-decoder-ogg-vorbis: bf7c407c2cedff20999df2af8eb42d56 -> 
========================================================================
Received Import Request.
  Time since last request: 426641.250155 seconds.
  path: Assets/Plugins/FX/Stylized VFX/Skills/_Scripts_
  artifactKey: Guid(da14069a6a6b290438651d86a5d73b2a) Importer(815301076,1909f56bfc062723c751e8b465ee728b)
Start importing Assets/Plugins/FX/Stylized VFX/Skills/_Scripts_ using Guid(da14069a6a6b290438651d86a5d73b2a) Importer(815301076,1909f56bfc062723c751e8b465ee728b)  -> (artifact id: 'f603c90dc4ab0de3090d27bb54eb1a09') in 0.013908 seconds 
========================================================================
Received Import Request.
  Time since last request: 4.230490 seconds.
  path: Assets/Plugins/FX/Stylized VFX/Skills/_Scripts_/MagicAttacks_Manager.cs
  artifactKey: Guid(c29f6e2b19727e9488d2b2bafce1d5f7) Importer(815301076,1909f56bfc062723c751e8b465ee728b)
Start importing Assets/Plugins/FX/Stylized VFX/Skills/_Scripts_/MagicAttacks_Manager.cs using Guid(c29f6e2b19727e9488d2b2bafce1d5f7) Importer(815301076,1909f56bfc062723c751e8b465ee728b)  -> (artifact id: 'd7f693fbfafe7e6ccb731c37db3da04c') in 0.033345 seconds 
========================================================================
Received Import Request.
  Time since last request: 485.006366 seconds.
  path: Assets/Plugins/FX/Stylized VFX/Scenes/Demo_Profiles
  artifactKey: Guid(a9b01d93c0b99ce48b08258463774284) Importer(815301076,1909f56bfc062723c751e8b465ee728b)
Start importing Assets/Plugins/FX/Stylized VFX/Scenes/Demo_Profiles using Guid(a9b01d93c0b99ce48b08258463774284) Importer(815301076,1909f56bfc062723c751e8b465ee728b)  -> (artifact id: 'f4a0bd2f5ae95cb90f78aac5c3364a60') in 0.007498 seconds 
========================================================================
Received Import Request.
  Time since last request: 0.061470 seconds.
  path: Assets/Plugins/FX/Stylized VFX/Scenes/Demo_Profiles/PostProcessProfile_Default.asset
  artifactKey: Guid(eccd8f326f08df1489cac1ab7c99d447) Importer(815301076,1909f56bfc062723c751e8b465ee728b)
Start importing Assets/Plugins/FX/Stylized VFX/Scenes/Demo_Profiles/PostProcessProfile_Default.asset using Guid(eccd8f326f08df1489cac1ab7c99d447) Importer(815301076,1909f56bfc062723c751e8b465ee728b)  -> (artifact id: 'f91f7fe773efd819753ea034fc646619') in 0.013541 seconds 
========================================================================
Received Import Request.
  Time since last request: 6.273287 seconds.
  path: Assets/Scenes/Battle Demo.unity
  artifactKey: Guid(6770dcf230703d44a98ab14dbe6837e6) Importer(815301076,1909f56bfc062723c751e8b465ee728b)
Start importing Assets/Scenes/Battle Demo.unity using Guid(6770dcf230703d44a98ab14dbe6837e6) Importer(815301076,1909f56bfc062723c751e8b465ee728b)  -> (artifact id: '2809c9a4dcdb2f8bdaebddd464e709d7') in 0.012027 seconds 
========================================================================
Received Import Request.
  Time since last request: 6.090657 seconds.
  path: Assets/Items/Carrot.asset
  artifactKey: Guid(d983045f44990ae40adb3654b94f95c4) Importer(815301076,1909f56bfc062723c751e8b465ee728b)
Start importing Assets/Items/Carrot.asset using Guid(d983045f44990ae40adb3654b94f95c4) Importer(815301076,1909f56bfc062723c751e8b465ee728b)  -> (artifact id: 'a1ce5653ae06dcab13c3c12f9180024c') in 0.007039 seconds 
========================================================================
Received Import Request.
  Time since last request: 0.001023 seconds.
  path: Assets/Items/Potato.asset
  artifactKey: Guid(9d97b758d04d5ef49bd94aa2d571cd06) Importer(815301076,1909f56bfc062723c751e8b465ee728b)
Start importing Assets/Items/Potato.asset using Guid(9d97b758d04d5ef49bd94aa2d571cd06) Importer(815301076,1909f56bfc062723c751e8b465ee728b)  -> (artifact id: 'a9c0af5d67f8a7842038d7a57c269ef6') in 0.008762 seconds 
========================================================================
Received Import Request.
  Time since last request: 0.000023 seconds.
  path: Assets/Items/WhiteCarrot.asset
  artifactKey: Guid(0c22cd7365c90e74492d290784881aaf) Importer(815301076,1909f56bfc062723c751e8b465ee728b)
Start importing Assets/Items/WhiteCarrot.asset using Guid(0c22cd7365c90e74492d290784881aaf) Importer(815301076,1909f56bfc062723c751e8b465ee728b)  -> (artifact id: '3d01e80147bf00eb133c6cf8f335afaf') in 0.012859 seconds 
========================================================================
Received Import Request.
  Time since last request: 0.000025 seconds.
  path: Assets/Items/Tomato.asset
  artifactKey: Guid(289804dffbf3cc1499fa421b0dac7c0b) Importer(815301076,1909f56bfc062723c751e8b465ee728b)
Start importing Assets/Items/Tomato.asset using Guid(289804dffbf3cc1499fa421b0dac7c0b) Importer(815301076,1909f56bfc062723c751e8b465ee728b)  -> (artifact id: '4e339eb72ae75670ea78a3fce119f9fa') in 0.012804 seconds 
========================================================================
Received Import Request.
  Time since last request: 6.123545 seconds.
  path: Assets/Plugins/FX/Stylized VFX/Skills/MagicAttacks
  artifactKey: Guid(91f15dbc30242444796ef4d390549e97) Importer(815301076,1909f56bfc062723c751e8b465ee728b)
Start importing Assets/Plugins/FX/Stylized VFX/Skills/MagicAttacks using Guid(91f15dbc30242444796ef4d390549e97) Importer(815301076,1909f56bfc062723c751e8b465ee728b)  -> (artifact id: '28143e58ffb50a8600b5f2b33284bbfb') in 0.002103 seconds 
========================================================================
Received Import Request.
  Time since last request: 0.863712 seconds.
  path: Assets/Plugins/FX/Stylized VFX/Skills/MagicAttacks/Dark
  artifactKey: Guid(51586fa6a2bc3954f8865efeb33f6efc) Importer(815301076,1909f56bfc062723c751e8b465ee728b)
Start importing Assets/Plugins/FX/Stylized VFX/Skills/MagicAttacks/Dark using Guid(51586fa6a2bc3954f8865efeb33f6efc) Importer(815301076,1909f56bfc062723c751e8b465ee728b)  -> (artifact id: '2646c23fc03566d900b6aa03cb2aca09') in 0.006642 seconds 
========================================================================
Received Import Request.
  Time since last request: 0.051237 seconds.
  path: Assets/Plugins/FX/Stylized VFX/Skills/MagicAttacks/Dark/PS_DarkMagic_Cast.prefab
  artifactKey: Guid(262581077fd0acc4b9e6e6a81366eed2) Importer(815301076,1909f56bfc062723c751e8b465ee728b)
Start importing Assets/Plugins/FX/Stylized VFX/Skills/MagicAttacks/Dark/PS_DarkMagic_Cast.prefab using Guid(262581077fd0acc4b9e6e6a81366eed2) Importer(815301076,1909f56bfc062723c751e8b465ee728b)  -> (artifact id: 'f45e9f1a55e7eb28919f42d517f1a056') in 0.350081 seconds 
========================================================================
Received Import Request.
  Time since last request: 10.127928 seconds.
  path: Assets/Plugins/FX/Stylized VFX/Skills/MagicAttacks/Dark/Textures
  artifactKey: Guid(861932104ed00da4c9b6d5c65751044f) Importer(815301076,1909f56bfc062723c751e8b465ee728b)
Start importing Assets/Plugins/FX/Stylized VFX/Skills/MagicAttacks/Dark/Textures using Guid(861932104ed00da4c9b6d5c65751044f) Importer(815301076,1909f56bfc062723c751e8b465ee728b)  -> (artifact id: '98f37b754cc86610dd9db93cba8dca42') in 0.006790 seconds 
========================================================================
Received Import Request.
  Time since last request: 0.050288 seconds.
  path: Assets/Plugins/FX/Stylized VFX/Skills/MagicAttacks/Dark/Textures/T_VFX_DarkMagic_EnergySmoke.png
  artifactKey: Guid(71a7812c3bf66cf4c805a9eafc0bc6dd) Importer(815301076,1909f56bfc062723c751e8b465ee728b)
Start importing Assets/Plugins/FX/Stylized VFX/Skills/MagicAttacks/Dark/Textures/T_VFX_DarkMagic_EnergySmoke.png using Guid(71a7812c3bf66cf4c805a9eafc0bc6dd) Importer(815301076,1909f56bfc062723c751e8b465ee728b)  -> (artifact id: '76e799451d26f82ecdf58ee041fec994') in 0.063527 seconds 
========================================================================
Received Import Request.
  Time since last request: 0.000028 seconds.
  path: Assets/Plugins/FX/Stylized VFX/Skills/MagicAttacks/Dark/Textures/T_VFX_DarkMagic_Trail_TP.png
  artifactKey: Guid(b9e911745e4c47845a8c5e3fc15c03ea) Importer(815301076,1909f56bfc062723c751e8b465ee728b)
Start importing Assets/Plugins/FX/Stylized VFX/Skills/MagicAttacks/Dark/Textures/T_VFX_DarkMagic_Trail_TP.png using Guid(b9e911745e4c47845a8c5e3fc15c03ea) Importer(815301076,1909f56bfc062723c751e8b465ee728b)  -> (artifact id: 'd7d0bd7dcaa76a15c09b4ee99e06f5ef') in 0.016018 seconds 
========================================================================
Received Import Request.
  Time since last request: 9.586947 seconds.
  path: Assets/Plugins/FX/Stylized VFX/Skills/MagicAttacks/Dark/Materials
  artifactKey: Guid(a2bf49973de32ff408496139dedd0a58) Importer(815301076,1909f56bfc062723c751e8b465ee728b)
Start importing Assets/Plugins/FX/Stylized VFX/Skills/MagicAttacks/Dark/Materials using Guid(a2bf49973de32ff408496139dedd0a58) Importer(815301076,1909f56bfc062723c751e8b465ee728b)  -> (artifact id: '7944399100ce6dfe3aba401ff45d90e5') in 0.006787 seconds 
========================================================================
Received Import Request.
  Time since last request: 0.045566 seconds.
  path: Assets/Plugins/FX/Stylized VFX/Skills/MagicAttacks/Dark/Materials/M_VFX_DarkMagic_Flare_01.mat
  artifactKey: Guid(dc2f57ae67aa6264c89f6510481d35b2) Importer(815301076,1909f56bfc062723c751e8b465ee728b)
Start importing Assets/Plugins/FX/Stylized VFX/Skills/MagicAttacks/Dark/Materials/M_VFX_DarkMagic_Flare_01.mat using Guid(dc2f57ae67aa6264c89f6510481d35b2) Importer(815301076,1909f56bfc062723c751e8b465ee728b)  -> (artifact id: 'a44067c3b6a82b2e8073f6accc5d136d') in 0.043079 seconds 
========================================================================
Received Import Request.
  Time since last request: 5.810117 seconds.
  path: Assets/Plugins/FX/Stylized VFX/Skills/MagicAttacks/Electric
  artifactKey: Guid(1c7c1cf1c10e73a4e9a8d98aef699bf6) Importer(815301076,1909f56bfc062723c751e8b465ee728b)
Start importing Assets/Plugins/FX/Stylized VFX/Skills/MagicAttacks/Electric using Guid(1c7c1cf1c10e73a4e9a8d98aef699bf6) Importer(815301076,1909f56bfc062723c751e8b465ee728b)  -> (artifact id: 'fa55d3931e5ae65cd193231c0cd789cc') in 0.006925 seconds 
========================================================================
Received Import Request.
  Time since last request: 0.187320 seconds.
  path: Assets/Plugins/FX/Stylized VFX/Skills/MagicAttacks/Electric/PS_ElectricMagic_Cast.prefab
  artifactKey: Guid(e8579862d98cd5a479e87a9cb9109e4f) Importer(815301076,1909f56bfc062723c751e8b465ee728b)
Start importing Assets/Plugins/FX/Stylized VFX/Skills/MagicAttacks/Electric/PS_ElectricMagic_Cast.prefab using Guid(e8579862d98cd5a479e87a9cb9109e4f) Importer(815301076,1909f56bfc062723c751e8b465ee728b)  -> (artifact id: '580b09b2b6c593ccb76e86d79cb9df13') in 0.027977 seconds 
========================================================================
Received Prepare
Registering precompiled user dll's ...
Registered in 0.014680 seconds.
Begin MonoManager ReloadAssembly
Native extension for WindowsStandalone target not found
Native extension for Android target not found
Native extension for WebGL target not found
Refreshing native plugins compatible for Editor in 1.32 ms, found 5 plugins.
Preloading 0 native plugins for Editor in 0.00 ms.
Mono: successfully reloaded assembly
- Completed reload, in  0.949 seconds
Domain Reload Profiling:
	ReloadAssembly (950ms)
		BeginReloadAssembly (128ms)
			ExecutionOrderSort (0ms)
			DisableScriptedObjects (7ms)
			BackupInstance (0ms)
			ReleaseScriptingObjects (0ms)
			CreateAndSetChildDomain (43ms)
		EndReloadAssembly (734ms)
			LoadAssemblies (89ms)
			RebuildTransferFunctionScriptingTraits (0ms)
			SetupTypeCache (198ms)
			ReleaseScriptCaches (1ms)
			RebuildScriptCaches (46ms)
			SetupLoadedEditorAssemblies (339ms)
				LogAssemblyErrors (0ms)
				InitializePlatformSupportModulesInManaged (25ms)
				SetLoadedEditorAssemblies (0ms)
				RefreshPlugins (1ms)
				BeforeProcessingInitializeOnLoad (59ms)
				ProcessInitializeOnLoadAttributes (218ms)
				ProcessInitializeOnLoadMethodAttributes (30ms)
				AfterProcessingInitializeOnLoad (5ms)
				EditorAssembliesLoaded (0ms)
			ExecutionOrderSort2 (0ms)
			AwakeInstancesAfterBackupRestoration (11ms)
Platform modules already initialized, skipping
Refreshing native plugins compatible for Editor in 5.86 ms, found 5 plugins.
Preloading 0 native plugins for Editor in 0.00 ms.
Unloading 5005 Unused Serialized files (Serialized files now loaded: 0)
Unloading 49 unused Assets / (508.8 KB). Loaded Objects now: 5575.
Memory consumption went from 209.7 MB to 209.2 MB.
Total: 3.770600 ms (FindLiveObjects: 0.478200 ms CreateObjectMapping: 0.220600 ms MarkObjects: 2.776500 ms  DeleteObjects: 0.293600 ms)

AssetImportParameters requested are different than current active one (requested -> active):
  custom:video-decoder-ogg-theora: a1e56fd34408186e4bbccfd4996cb3dc -> 
  custom:container-muxer-webm: aa71ff27fc2769a1b78a27578f13a17b -> 
  custom:container-demuxer-webm: 4f35f7cbe854078d1ac9338744f61a02 -> 
  custom:video-encoder-webm-vp8: eb34c28f22e8b96e1ab97ce403110664 -> 
  custom:video-codec-MediaFoundation-h265: 746d11721c4dcdbdad8f713fa42b33f4 -> 
  custom:audio-encoder-webm-vorbis: bf7c407c2cedff20999df2af8eb42d56 -> 
  custom:framework-win-MediaFoundation: 216162199b28c13a410421893ffa2e32 -> 
  custom:container-demuxer-ogg: 62fdf1f143b41e24485cea50d1cbac27 -> 
  custom:video-decoder-webm-vp8: 9c59270c3fd7afecdb556c50c9e8de78 -> 
  custom:audio-decoder-ogg-vorbis: bf7c407c2cedff20999df2af8eb42d56 -> 
Editor requested this worker to shutdown with reason: Scaling down because of idle timeout
AssetImportWorker is now disconnected from the server
Process exiting
Exiting without the bug reporter. Application will terminate with return code 0