Using pre-set license
Built from '2021.3/china_unity/release' branch; Version is '2021.3.10f1c1 (fad0948fb939) revision 16437396'; Using compiler version '192829333'; Build Type 'Release'
OS: 'Windows 11  (10.0.22621) 64bit ProfessionalEducation' Language: 'zh' Physical Memory: 16005 MB
BatchMode: 1, IsHumanControllingUs: 0, StartBugReporterOnCrash: 0, Is64bit: 1, IsPro: 1

COMMAND LINE ARGUMENTS:
D:\Unity\2021.3.10f1c1\Editor\Unity.exe
-adb2
-batchMode
-noUpm
-name
AssetImportWorker5
-projectPath
E:/Sweet_Dream/Sweet_Dream
-logFile
Logs/AssetImportWorker5.log
-srvPort
9376
Successfully changed project path to: E:/Sweet_Dream/Sweet_Dream
E:/Sweet_Dream/Sweet_Dream
[UnityMemory] Configuration Parameters - Can be set up in boot.config
    "memorysetup-bucket-allocator-granularity=16"
    "memorysetup-bucket-allocator-bucket-count=8"
    "memorysetup-bucket-allocator-block-size=33554432"
    "memorysetup-bucket-allocator-block-count=8"
    "memorysetup-main-allocator-block-size=16777216"
    "memorysetup-thread-allocator-block-size=16777216"
    "memorysetup-gfx-main-allocator-block-size=16777216"
    "memorysetup-gfx-thread-allocator-block-size=16777216"
    "memorysetup-cache-allocator-block-size=4194304"
    "memorysetup-typetree-allocator-block-size=2097152"
    "memorysetup-profiler-bucket-allocator-granularity=16"
    "memorysetup-profiler-bucket-allocator-bucket-count=8"
    "memorysetup-profiler-bucket-allocator-block-size=33554432"
    "memorysetup-profiler-bucket-allocator-block-count=8"
    "memorysetup-profiler-allocator-block-size=16777216"
    "memorysetup-profiler-editor-allocator-block-size=1048576"
    "memorysetup-temp-allocator-size-main=16777216"
    "memorysetup-job-temp-allocator-block-size=2097152"
    "memorysetup-job-temp-allocator-block-size-background=1048576"
    "memorysetup-job-temp-allocator-reduction-small-platforms=262144"
    "memorysetup-temp-allocator-size-background-worker=32768"
    "memorysetup-temp-allocator-size-job-worker=262144"
    "memorysetup-temp-allocator-size-preload-manager=33554432"
    "memorysetup-temp-allocator-size-nav-mesh-worker=65536"
    "memorysetup-temp-allocator-size-audio-worker=65536"
    "memorysetup-temp-allocator-size-cloud-worker=32768"
    "memorysetup-temp-allocator-size-gi-baking-worker=262144"
    "memorysetup-temp-allocator-size-gfx=262144"
AS: AutoStreaming module initializing.
Refreshing native plugins compatible for Editor in 78.79 ms, found 4 plugins.
Preloading 0 native plugins for Editor in 0.00 ms.
Initialize engine version: 2021.3.10f1c1 (fad0948fb939)
[Subsystems] Discovering subsystems at path D:/Unity/2021.3.10f1c1/Editor/Data/Resources/UnitySubsystems
[Subsystems] Discovering subsystems at path E:/Sweet_Dream/Sweet_Dream/Assets
GfxDevice: creating device client; threaded=0; jobified=0
Direct3D:
    Version:  Direct3D 11.0 [level 11.1]
    Renderer: NVIDIA GeForce RTX 3050 Ti Laptop GPU (ID=0x25a0)
    Vendor:   NVIDIA
    VRAM:     3990 MB
    Driver:   30.0.15.1278
Initialize mono
Mono path[0] = 'D:/Unity/2021.3.10f1c1/Editor/Data/Managed'
Mono path[1] = 'D:/Unity/2021.3.10f1c1/Editor/Data/MonoBleedingEdge/lib/mono/unityjit-win32'
Mono config path = 'D:/Unity/2021.3.10f1c1/Editor/Data/MonoBleedingEdge/etc'
Using monoOptions --debugger-agent=transport=dt_socket,embedding=1,server=y,suspend=n,address=127.0.0.1:56768
Begin MonoManager ReloadAssembly
Registering precompiled unity dll's ...
Register platform support module: D:/Unity/2021.3.10f1c1/Editor/Data/PlaybackEngines/WebGLSupport/UnityEditor.WebGL.Extensions.dll
Register platform support module: D:/Unity/2021.3.10f1c1/Editor/Data/PlaybackEngines/AndroidPlayer/UnityEditor.Android.Extensions.dll
Register platform support module: D:/Unity/2021.3.10f1c1/Editor/Data/PlaybackEngines/WindowsStandaloneSupport/UnityEditor.WindowsStandalone.Extensions.dll
Registered in 0.002103 seconds.
Native extension for WindowsStandalone target not found
Native extension for Android target not found
Native extension for WebGL target not found
Refreshing native plugins compatible for Editor in 70.19 ms, found 4 plugins.
Preloading 0 native plugins for Editor in 0.00 ms.
Mono: successfully reloaded assembly
- Completed reload, in  0.509 seconds
Domain Reload Profiling:
	ReloadAssembly (510ms)
		BeginReloadAssembly (59ms)
			ExecutionOrderSort (0ms)
			DisableScriptedObjects (0ms)
			BackupInstance (0ms)
			ReleaseScriptingObjects (0ms)
			CreateAndSetChildDomain (1ms)
		EndReloadAssembly (372ms)
			LoadAssemblies (58ms)
			RebuildTransferFunctionScriptingTraits (0ms)
			SetupTypeCache (86ms)
			ReleaseScriptCaches (0ms)
			RebuildScriptCaches (26ms)
			SetupLoadedEditorAssemblies (221ms)
				LogAssemblyErrors (0ms)
				InitializePlatformSupportModulesInManaged (44ms)
				SetLoadedEditorAssemblies (0ms)
				RefreshPlugins (70ms)
				BeforeProcessingInitializeOnLoad (1ms)
				ProcessInitializeOnLoadAttributes (71ms)
				ProcessInitializeOnLoadMethodAttributes (35ms)
				AfterProcessingInitializeOnLoad (0ms)
				EditorAssembliesLoaded (0ms)
			ExecutionOrderSort2 (0ms)
			AwakeInstancesAfterBackupRestoration (0ms)
Platform modules already initialized, skipping
Registering precompiled user dll's ...
Registered in 0.006502 seconds.
Begin MonoManager ReloadAssembly
Native extension for WindowsStandalone target not found
Native extension for Android target not found
Native extension for WebGL target not found
Refreshing native plugins compatible for Editor in 75.69 ms, found 4 plugins.
Preloading 0 native plugins for Editor in 0.00 ms.
Mono: successfully reloaded assembly
- Completed reload, in  0.997 seconds
Domain Reload Profiling:
	ReloadAssembly (997ms)
		BeginReloadAssembly (192ms)
			ExecutionOrderSort (0ms)
			DisableScriptedObjects (4ms)
			BackupInstance (0ms)
			ReleaseScriptingObjects (0ms)
			CreateAndSetChildDomain (118ms)
		EndReloadAssembly (724ms)
			LoadAssemblies (69ms)
			RebuildTransferFunctionScriptingTraits (0ms)
			SetupTypeCache (173ms)
			ReleaseScriptCaches (0ms)
			RebuildScriptCaches (51ms)
			SetupLoadedEditorAssemblies (379ms)
				LogAssemblyErrors (0ms)
				InitializePlatformSupportModulesInManaged (9ms)
				SetLoadedEditorAssemblies (0ms)
				RefreshPlugins (76ms)
				BeforeProcessingInitializeOnLoad (69ms)
				ProcessInitializeOnLoadAttributes (184ms)
				ProcessInitializeOnLoadMethodAttributes (35ms)
				AfterProcessingInitializeOnLoad (5ms)
				EditorAssembliesLoaded (0ms)
			ExecutionOrderSort2 (0ms)
			AwakeInstancesAfterBackupRestoration (6ms)
Platform modules already initialized, skipping
========================================================================
Worker process is ready to serve import requests
Launched and connected shader compiler UnityShaderCompiler.exe after 0.05 seconds
Refreshing native plugins compatible for Editor in 1.61 ms, found 4 plugins.
Preloading 0 native plugins for Editor in 0.00 ms.
Unloading 4069 Unused Serialized files (Serialized files now loaded: 0)
Unloading 38 unused Assets / (56.0 KB). Loaded Objects now: 4528.
Memory consumption went from 155.6 MB to 155.5 MB.
Total: 3.643800 ms (FindLiveObjects: 0.363000 ms CreateObjectMapping: 0.185300 ms MarkObjects: 3.028500 ms  DeleteObjects: 0.065600 ms)

AssetImportParameters requested are different than current active one (requested -> active):
  custom:video-decoder-ogg-theora: a1e56fd34408186e4bbccfd4996cb3dc -> 
  custom:container-muxer-webm: aa71ff27fc2769a1b78a27578f13a17b -> 
  custom:container-demuxer-webm: 4f35f7cbe854078d1ac9338744f61a02 -> 
  custom:video-encoder-webm-vp8: eb34c28f22e8b96e1ab97ce403110664 -> 
  custom:video-codec-MediaFoundation-h265: 746d11721c4dcdbdad8f713fa42b33f4 -> 
  custom:audio-encoder-webm-vorbis: bf7c407c2cedff20999df2af8eb42d56 -> 
  custom:framework-win-MediaFoundation: 216162199b28c13a410421893ffa2e32 -> 
  custom:container-demuxer-ogg: 62fdf1f143b41e24485cea50d1cbac27 -> 
  custom:video-decoder-webm-vp8: 9c59270c3fd7afecdb556c50c9e8de78 -> 
  custom:audio-decoder-ogg-vorbis: bf7c407c2cedff20999df2af8eb42d56 -> 
========================================================================
Received Import Request.
  Time since last request: 268998.525578 seconds.
  path: Assets/Farming Asset Pack/farming-tileset_1.asset
  artifactKey: Guid(4d11788edaa47e44ebb497a02c629c3b) Importer(815301076,1909f56bfc062723c751e8b465ee728b)
Start importing Assets/Farming Asset Pack/farming-tileset_1.asset using Guid(4d11788edaa47e44ebb497a02c629c3b) Importer(815301076,1909f56bfc062723c751e8b465ee728b)  -> (artifact id: '6c95c268c0d4b48c4b5cff9a366db35b') in 0.088247 seconds 
========================================================================
Received Import Request.
  Time since last request: 0.000041 seconds.
  path: Assets/Farming Asset Pack/farming-tileset_2.asset
  artifactKey: Guid(1c8f5e7f768f0dd4dbf1709068747e8f) Importer(815301076,1909f56bfc062723c751e8b465ee728b)
Start importing Assets/Farming Asset Pack/farming-tileset_2.asset using Guid(1c8f5e7f768f0dd4dbf1709068747e8f) Importer(815301076,1909f56bfc062723c751e8b465ee728b)  -> (artifact id: '70ff688bdc9ec528d72f8323af04ce72') in 0.017649 seconds 
========================================================================
Received Import Request.
  Time since last request: 0.000042 seconds.
  path: Assets/Farming Asset Pack/farming-tileset_7.asset
  artifactKey: Guid(736d641c3ada2c7449dce7f72f058ea9) Importer(815301076,1909f56bfc062723c751e8b465ee728b)
Start importing Assets/Farming Asset Pack/farming-tileset_7.asset using Guid(736d641c3ada2c7449dce7f72f058ea9) Importer(815301076,1909f56bfc062723c751e8b465ee728b)  -> (artifact id: 'e80e7fbbf4d4c29140c9911646e9b75c') in 0.016974 seconds 
========================================================================
Received Import Request.
  Time since last request: 0.000030 seconds.
  path: Assets/Farming Asset Pack/farming-tileset_3.asset
  artifactKey: Guid(fb827fa26e723774f8790a75e64fc757) Importer(815301076,1909f56bfc062723c751e8b465ee728b)
Start importing Assets/Farming Asset Pack/farming-tileset_3.asset using Guid(fb827fa26e723774f8790a75e64fc757) Importer(815301076,1909f56bfc062723c751e8b465ee728b)  -> (artifact id: '50beefda45788eddab9bd0863ad92abf') in 0.018389 seconds 
========================================================================
Received Import Request.
  Time since last request: 34.099930 seconds.
  path: Assets/Farming Asset Pack/farming-tileset_12.asset
  artifactKey: Guid(acd1555af076ae24da445971210fddd7) Importer(815301076,1909f56bfc062723c751e8b465ee728b)
Start importing Assets/Farming Asset Pack/farming-tileset_12.asset using Guid(acd1555af076ae24da445971210fddd7) Importer(815301076,1909f56bfc062723c751e8b465ee728b)  -> (artifact id: '78069cd9b834d086de559299b46a3511') in 0.021514 seconds 
========================================================================
Received Import Request.
  Time since last request: 0.000027 seconds.
  path: Assets/Farming Asset Pack/farming-tileset_18.asset
  artifactKey: Guid(07f8ff327ad72ef4c816903f51710ce2) Importer(815301076,1909f56bfc062723c751e8b465ee728b)
Start importing Assets/Farming Asset Pack/farming-tileset_18.asset using Guid(07f8ff327ad72ef4c816903f51710ce2) Importer(815301076,1909f56bfc062723c751e8b465ee728b)  -> (artifact id: '91b085edba63e757d73022b702aa9d06') in 0.021941 seconds 
========================================================================
Received Import Request.
  Time since last request: 0.000029 seconds.
  path: Assets/Farming Asset Pack/farming-tileset_14.asset
  artifactKey: Guid(f46a9e82d1dfefd438e99b43ed1d338b) Importer(815301076,1909f56bfc062723c751e8b465ee728b)
Start importing Assets/Farming Asset Pack/farming-tileset_14.asset using Guid(f46a9e82d1dfefd438e99b43ed1d338b) Importer(815301076,1909f56bfc062723c751e8b465ee728b)  -> (artifact id: '3e13f994a2accb3addce6009b1d0396f') in 0.018214 seconds 
========================================================================
Received Import Request.
  Time since last request: 0.000027 seconds.
  path: Assets/Farming Asset Pack/farming-tileset_22.asset
  artifactKey: Guid(66fd429b96c93c645a075c1cd0f3c4c4) Importer(815301076,1909f56bfc062723c751e8b465ee728b)
Start importing Assets/Farming Asset Pack/farming-tileset_22.asset using Guid(66fd429b96c93c645a075c1cd0f3c4c4) Importer(815301076,1909f56bfc062723c751e8b465ee728b)  -> (artifact id: '417917f0290e68a5caff47ff45dd860c') in 0.017994 seconds 
========================================================================
Received Import Request.
  Time since last request: 0.000110 seconds.
  path: Assets/Farming Asset Pack/farming-tileset_23.asset
  artifactKey: Guid(015adf5224f994f4d9d082dab2351999) Importer(815301076,1909f56bfc062723c751e8b465ee728b)
Start importing Assets/Farming Asset Pack/farming-tileset_23.asset using Guid(015adf5224f994f4d9d082dab2351999) Importer(815301076,1909f56bfc062723c751e8b465ee728b)  -> (artifact id: '12a47cbf6d636e00cf818d416598d8a4') in 0.021704 seconds 
========================================================================
Received Import Request.
  Time since last request: 0.000031 seconds.
  path: Assets/Farming Asset Pack/farming-tileset_27.asset
  artifactKey: Guid(8a07e48d7dc6eba4699986738af36739) Importer(815301076,1909f56bfc062723c751e8b465ee728b)
Start importing Assets/Farming Asset Pack/farming-tileset_27.asset using Guid(8a07e48d7dc6eba4699986738af36739) Importer(815301076,1909f56bfc062723c751e8b465ee728b)  -> (artifact id: '7146fe120dd458f753be6d77268ca517') in 0.020503 seconds 
========================================================================
Received Import Request.
  Time since last request: 5.633275 seconds.
  path: Assets/Farming Asset Pack/farming-tileset_30.asset
  artifactKey: Guid(fe152fbb4a76dd7499499e348222fc7e) Importer(815301076,1909f56bfc062723c751e8b465ee728b)
Start importing Assets/Farming Asset Pack/farming-tileset_30.asset using Guid(fe152fbb4a76dd7499499e348222fc7e) Importer(815301076,1909f56bfc062723c751e8b465ee728b)  -> (artifact id: 'a2a1bf1517488e2d06a5c16d01660d5f') in 0.022993 seconds 
========================================================================
Received Import Request.
  Time since last request: 0.553973 seconds.
  path: Assets/Farming Asset Pack/farming-tileset_33.asset
  artifactKey: Guid(fd8d325d20d2fef42ac7b6a7aab25a39) Importer(815301076,1909f56bfc062723c751e8b465ee728b)
Start importing Assets/Farming Asset Pack/farming-tileset_33.asset using Guid(fd8d325d20d2fef42ac7b6a7aab25a39) Importer(815301076,1909f56bfc062723c751e8b465ee728b)  -> (artifact id: '20b688e2021a19b883d6540aa6e0a46c') in 0.018649 seconds 
========================================================================
Received Import Request.
  Time since last request: 0.000029 seconds.
  path: Assets/Farming Asset Pack/farming-tileset_37.asset
  artifactKey: Guid(0b3a453725ee00f4d86772b55806c973) Importer(815301076,1909f56bfc062723c751e8b465ee728b)
Start importing Assets/Farming Asset Pack/farming-tileset_37.asset using Guid(0b3a453725ee00f4d86772b55806c973) Importer(815301076,1909f56bfc062723c751e8b465ee728b)  -> (artifact id: '719e581db79247a5de3a8f7ba0b49c51') in 0.019234 seconds 
========================================================================
Received Import Request.
  Time since last request: 0.000027 seconds.
  path: Assets/Farming Asset Pack/farming-tileset_42.asset
  artifactKey: Guid(c867f61bb5d3de5498a62fa0a2601af3) Importer(815301076,1909f56bfc062723c751e8b465ee728b)
Start importing Assets/Farming Asset Pack/farming-tileset_42.asset using Guid(c867f61bb5d3de5498a62fa0a2601af3) Importer(815301076,1909f56bfc062723c751e8b465ee728b)  -> (artifact id: '96f6c686f1e378eab4318a9257d00558') in 0.017065 seconds 
========================================================================
Received Import Request.
  Time since last request: 0.000028 seconds.
  path: Assets/Farming Asset Pack/farming-tileset_44.asset
  artifactKey: Guid(76c37c8fd2dab7249b8d06d0a431a094) Importer(815301076,1909f56bfc062723c751e8b465ee728b)
Start importing Assets/Farming Asset Pack/farming-tileset_44.asset using Guid(76c37c8fd2dab7249b8d06d0a431a094) Importer(815301076,1909f56bfc062723c751e8b465ee728b)  -> (artifact id: 'a361c1b1bff669b8f6fda7ca59f49126') in 0.017598 seconds 
========================================================================
Received Import Request.
  Time since last request: 0.000041 seconds.
  path: Assets/Farming Asset Pack/farming-tileset_36.asset
  artifactKey: Guid(8fc331620fc591e48a5255c80f6f667b) Importer(815301076,1909f56bfc062723c751e8b465ee728b)
Start importing Assets/Farming Asset Pack/farming-tileset_36.asset using Guid(8fc331620fc591e48a5255c80f6f667b) Importer(815301076,1909f56bfc062723c751e8b465ee728b)  -> (artifact id: '6fe8decd6a4a131196ef096d9a9e671c') in 0.021020 seconds 
========================================================================
Received Import Request.
  Time since last request: 4.061561 seconds.
  path: Assets/Farming Asset Pack/farming-tileset_51.asset
  artifactKey: Guid(e18be729ba1e9b6479c5ed54a63285c3) Importer(815301076,1909f56bfc062723c751e8b465ee728b)
Start importing Assets/Farming Asset Pack/farming-tileset_51.asset using Guid(e18be729ba1e9b6479c5ed54a63285c3) Importer(815301076,1909f56bfc062723c751e8b465ee728b)  -> (artifact id: '9ad00cc20e3367599d4d12760111e320') in 0.028641 seconds 
========================================================================
Received Import Request.
  Time since last request: 0.000034 seconds.
  path: Assets/Farming Asset Pack/farming-tileset_54.asset
  artifactKey: Guid(c0a69987bad7b854a940b75b651a4cac) Importer(815301076,1909f56bfc062723c751e8b465ee728b)
Start importing Assets/Farming Asset Pack/farming-tileset_54.asset using Guid(c0a69987bad7b854a940b75b651a4cac) Importer(815301076,1909f56bfc062723c751e8b465ee728b)  -> (artifact id: 'ac4f3550b1359229538f2f7cfa240fed') in 0.021613 seconds 
========================================================================
Received Import Request.
  Time since last request: 0.110185 seconds.
  path: Assets/Farming Asset Pack/farming-tileset_60.asset
  artifactKey: Guid(e8857b360812b3b4fb9a6678f76b02c5) Importer(815301076,1909f56bfc062723c751e8b465ee728b)
Start importing Assets/Farming Asset Pack/farming-tileset_60.asset using Guid(e8857b360812b3b4fb9a6678f76b02c5) Importer(815301076,1909f56bfc062723c751e8b465ee728b)  -> (artifact id: 'bf4b0b64d82fdfb9a51cf73d33ec945a') in 0.030330 seconds 
========================================================================
Received Import Request.
  Time since last request: 0.000032 seconds.
  path: Assets/Farming Asset Pack/farming-tileset_64.asset
  artifactKey: Guid(af35b1f18a0f28b42bc3cdef9dc8c5df) Importer(815301076,1909f56bfc062723c751e8b465ee728b)
Start importing Assets/Farming Asset Pack/farming-tileset_64.asset using Guid(af35b1f18a0f28b42bc3cdef9dc8c5df) Importer(815301076,1909f56bfc062723c751e8b465ee728b)  -> (artifact id: 'a128921681101ab74cbfc151063d74b2') in 0.023495 seconds 
========================================================================
Received Import Request.
  Time since last request: 0.000037 seconds.
  path: Assets/Farming Asset Pack/farming-tileset_69.asset
  artifactKey: Guid(401bba8737f4363409277716ce7164be) Importer(815301076,1909f56bfc062723c751e8b465ee728b)
Start importing Assets/Farming Asset Pack/farming-tileset_69.asset using Guid(401bba8737f4363409277716ce7164be) Importer(815301076,1909f56bfc062723c751e8b465ee728b)  -> (artifact id: '5f1fdb1cb78ed2cc309c659f5da75194') in 0.019089 seconds 
========================================================================
Received Import Request.
  Time since last request: 0.000030 seconds.
  path: Assets/Farming Asset Pack/farming-tileset_82.asset
  artifactKey: Guid(d7609c6d54e6f084e824f3f68e5caca5) Importer(815301076,1909f56bfc062723c751e8b465ee728b)
Start importing Assets/Farming Asset Pack/farming-tileset_82.asset using Guid(d7609c6d54e6f084e824f3f68e5caca5) Importer(815301076,1909f56bfc062723c751e8b465ee728b)  -> (artifact id: 'fb1b84b20e3869c0df9b54e8ef66700d') in 0.025851 seconds 
========================================================================
Received Import Request.
  Time since last request: 0.000044 seconds.
  path: Assets/Farming Asset Pack/farming-tileset_75.asset
  artifactKey: Guid(4ace2752aa401554497b4f8b28a7160d) Importer(815301076,1909f56bfc062723c751e8b465ee728b)
Start importing Assets/Farming Asset Pack/farming-tileset_75.asset using Guid(4ace2752aa401554497b4f8b28a7160d) Importer(815301076,1909f56bfc062723c751e8b465ee728b)  -> (artifact id: '7c33af688cb7795c50bf728d50c0aef2') in 0.021999 seconds 
========================================================================
Received Import Request.
  Time since last request: 0.000030 seconds.
  path: Assets/Farming Asset Pack/farming-tileset_84.asset
  artifactKey: Guid(af150e13e8bb625469b00d1b3b3f9096) Importer(815301076,1909f56bfc062723c751e8b465ee728b)
Start importing Assets/Farming Asset Pack/farming-tileset_84.asset using Guid(af150e13e8bb625469b00d1b3b3f9096) Importer(815301076,1909f56bfc062723c751e8b465ee728b)  -> (artifact id: 'c981b6f1bf67b2adb489c393a15abbb5') in 0.021217 seconds 
========================================================================
Received Import Request.
  Time since last request: 0.000042 seconds.
  path: Assets/Farming Asset Pack/farming-tileset_65.asset
  artifactKey: Guid(676115eb1550bd04b9daa90c01b058cd) Importer(815301076,1909f56bfc062723c751e8b465ee728b)
Start importing Assets/Farming Asset Pack/farming-tileset_65.asset using Guid(676115eb1550bd04b9daa90c01b058cd) Importer(815301076,1909f56bfc062723c751e8b465ee728b)  -> (artifact id: '20637d65129ce348702fd9801a26b665') in 0.027779 seconds 
========================================================================
Received Import Request.
  Time since last request: 0.032418 seconds.
  path: Assets/Farming Asset Pack/farming-tileset_87.asset
  artifactKey: Guid(f1d6ffdd66de4f44a920b7f1a0edd094) Importer(815301076,1909f56bfc062723c751e8b465ee728b)
Start importing Assets/Farming Asset Pack/farming-tileset_87.asset using Guid(f1d6ffdd66de4f44a920b7f1a0edd094) Importer(815301076,1909f56bfc062723c751e8b465ee728b)  -> (artifact id: '33892db214a7c250984ccc4730130cc1') in 0.020793 seconds 
========================================================================
Received Import Request.
  Time since last request: 0.000032 seconds.
  path: Assets/Farming Asset Pack/farming-tileset_97.asset
  artifactKey: Guid(28bd28548190c21419f8d457c3402eec) Importer(815301076,1909f56bfc062723c751e8b465ee728b)
Start importing Assets/Farming Asset Pack/farming-tileset_97.asset using Guid(28bd28548190c21419f8d457c3402eec) Importer(815301076,1909f56bfc062723c751e8b465ee728b)  -> (artifact id: '787beecd05502ece4e06548dc8704f58') in 0.020448 seconds 
========================================================================
Received Import Request.
  Time since last request: 0.000042 seconds.
  path: Assets/Farming Asset Pack/farming-tileset_103.asset
  artifactKey: Guid(81b1266b433127c43894a635adc98ce1) Importer(815301076,1909f56bfc062723c751e8b465ee728b)
Start importing Assets/Farming Asset Pack/farming-tileset_103.asset using Guid(81b1266b433127c43894a635adc98ce1) Importer(815301076,1909f56bfc062723c751e8b465ee728b)  -> (artifact id: '223cf332028f674cc797c4244872dd24') in 0.017390 seconds 
========================================================================
Received Import Request.
  Time since last request: 0.000023 seconds.
  path: Assets/Farming Asset Pack/farming-tileset_94.asset
  artifactKey: Guid(98946e8036236914fa4a16a4910a9733) Importer(815301076,1909f56bfc062723c751e8b465ee728b)
Start importing Assets/Farming Asset Pack/farming-tileset_94.asset using Guid(98946e8036236914fa4a16a4910a9733) Importer(815301076,1909f56bfc062723c751e8b465ee728b)  -> (artifact id: '0a448c56fd24ca1a05f38bdb2d769824') in 0.028692 seconds 
========================================================================
Received Import Request.
  Time since last request: 0.000027 seconds.
  path: Assets/Farming Asset Pack/farming-tileset_90.asset
  artifactKey: Guid(b52cc7dee2c5df243b523d6776ba9c55) Importer(815301076,1909f56bfc062723c751e8b465ee728b)
Start importing Assets/Farming Asset Pack/farming-tileset_90.asset using Guid(b52cc7dee2c5df243b523d6776ba9c55) Importer(815301076,1909f56bfc062723c751e8b465ee728b)  -> (artifact id: '6ab9ce86311cd29e388eaeca59bf1a27') in 0.021505 seconds 
========================================================================
Received Import Request.
  Time since last request: 0.000041 seconds.
  path: Assets/Farming Asset Pack/farming-tileset_100.asset
  artifactKey: Guid(8f961c2ad035ede44bec8009ab5c398e) Importer(815301076,1909f56bfc062723c751e8b465ee728b)
Start importing Assets/Farming Asset Pack/farming-tileset_100.asset using Guid(8f961c2ad035ede44bec8009ab5c398e) Importer(815301076,1909f56bfc062723c751e8b465ee728b)  -> (artifact id: '1116b56c41e8d040ca663a8aaad626ff') in 0.028661 seconds 
========================================================================
Received Import Request.
  Time since last request: 0.000102 seconds.
  path: Assets/Farming Asset Pack/farming-tileset_106.asset
  artifactKey: Guid(eeec38170e362a44f80ade126b42f670) Importer(815301076,1909f56bfc062723c751e8b465ee728b)
Start importing Assets/Farming Asset Pack/farming-tileset_106.asset using Guid(eeec38170e362a44f80ade126b42f670) Importer(815301076,1909f56bfc062723c751e8b465ee728b)  -> (artifact id: 'a728e535037ae86e054ae451e4794cd4') in 0.025354 seconds 
========================================================================
Received Import Request.
  Time since last request: 0.019820 seconds.
  path: Assets/Farming Asset Pack/farming-tileset_114.asset
  artifactKey: Guid(e200b16c0bbb4144bb1ae2e04ac36f68) Importer(815301076,1909f56bfc062723c751e8b465ee728b)
Start importing Assets/Farming Asset Pack/farming-tileset_114.asset using Guid(e200b16c0bbb4144bb1ae2e04ac36f68) Importer(815301076,1909f56bfc062723c751e8b465ee728b)  -> (artifact id: '1ba983b4f4e6e76fd387a0ff74c47fc0') in 0.022438 seconds 
========================================================================
Received Import Request.
  Time since last request: 0.000029 seconds.
  path: Assets/Farming Asset Pack/farming-tileset_117.asset
  artifactKey: Guid(f9e5059fd5470e041bd1a35bfb9d8617) Importer(815301076,1909f56bfc062723c751e8b465ee728b)
Start importing Assets/Farming Asset Pack/farming-tileset_117.asset using Guid(f9e5059fd5470e041bd1a35bfb9d8617) Importer(815301076,1909f56bfc062723c751e8b465ee728b)  -> (artifact id: '9df33c5cd8a2f4309c7eabd546a3ddf4') in 0.023789 seconds 
========================================================================
Received Import Request.
  Time since last request: 0.000087 seconds.
  path: Assets/Farming Asset Pack/farming-tileset_122.asset
  artifactKey: Guid(ca6df7234a328f248ad983dd4965aced) Importer(815301076,1909f56bfc062723c751e8b465ee728b)
Start importing Assets/Farming Asset Pack/farming-tileset_122.asset using Guid(ca6df7234a328f248ad983dd4965aced) Importer(815301076,1909f56bfc062723c751e8b465ee728b)  -> (artifact id: '5550f2086910791389d2ba409a410155') in 0.017118 seconds 
========================================================================
Received Import Request.
  Time since last request: 0.000030 seconds.
  path: Assets/Farming Asset Pack/farming-tileset_129.asset
  artifactKey: Guid(a4f1f262a6934004baa20b56b2ca37e8) Importer(815301076,1909f56bfc062723c751e8b465ee728b)
Start importing Assets/Farming Asset Pack/farming-tileset_129.asset using Guid(a4f1f262a6934004baa20b56b2ca37e8) Importer(815301076,1909f56bfc062723c751e8b465ee728b)  -> (artifact id: 'e290d16d673d883e6342e391cf3acd3e') in 0.028401 seconds 
========================================================================
Received Import Request.
  Time since last request: 0.086342 seconds.
  path: Assets/Farming Asset Pack/farming-tileset_132.asset
  artifactKey: Guid(e577fbfeb95922f46aedb27ecffe84e3) Importer(815301076,1909f56bfc062723c751e8b465ee728b)
Start importing Assets/Farming Asset Pack/farming-tileset_132.asset using Guid(e577fbfeb95922f46aedb27ecffe84e3) Importer(815301076,1909f56bfc062723c751e8b465ee728b)  -> (artifact id: '7ec2e55a17fcacba6dd5703496be2b69') in 0.017515 seconds 
========================================================================
Received Import Request.
  Time since last request: 0.000029 seconds.
  path: Assets/Farming Asset Pack/farming-tileset_136.asset
  artifactKey: Guid(61e3e504755b0524c8461fc5090a2883) Importer(815301076,1909f56bfc062723c751e8b465ee728b)
Start importing Assets/Farming Asset Pack/farming-tileset_136.asset using Guid(61e3e504755b0524c8461fc5090a2883) Importer(815301076,1909f56bfc062723c751e8b465ee728b)  -> (artifact id: '8513f99fffd81ef435288228ea5a0c26') in 0.019147 seconds 
========================================================================
Received Import Request.
  Time since last request: 0.000025 seconds.
  path: Assets/Farming Asset Pack/farming-tileset_139.asset
  artifactKey: Guid(6bdb50ca57ab066488577de0e000191a) Importer(815301076,1909f56bfc062723c751e8b465ee728b)
Start importing Assets/Farming Asset Pack/farming-tileset_139.asset using Guid(6bdb50ca57ab066488577de0e000191a) Importer(815301076,1909f56bfc062723c751e8b465ee728b)  -> (artifact id: '204525890f6f21cb57f7851d867f2638') in 0.018503 seconds 
========================================================================
Received Import Request.
  Time since last request: 0.000035 seconds.
  path: Assets/Farming Asset Pack/farming-tileset_142.asset
  artifactKey: Guid(435ef62b301f18f44afc9197ff15a116) Importer(815301076,1909f56bfc062723c751e8b465ee728b)
Start importing Assets/Farming Asset Pack/farming-tileset_142.asset using Guid(435ef62b301f18f44afc9197ff15a116) Importer(815301076,1909f56bfc062723c751e8b465ee728b)  -> (artifact id: '9cf86eefda11a7fe3c5e690dcc9faf0c') in 0.019269 seconds 
========================================================================
Received Import Request.
  Time since last request: 0.000044 seconds.
  path: Assets/Farming Asset Pack/farming-tileset_144.asset
  artifactKey: Guid(abfd504e8ca79164ca7291c39eac4273) Importer(815301076,1909f56bfc062723c751e8b465ee728b)
Start importing Assets/Farming Asset Pack/farming-tileset_144.asset using Guid(abfd504e8ca79164ca7291c39eac4273) Importer(815301076,1909f56bfc062723c751e8b465ee728b)  -> (artifact id: '485f01090b9504d34c36fc39a96f2197') in 0.030457 seconds 
========================================================================
Received Import Request.
  Time since last request: 0.084778 seconds.
  path: Assets/Farming Asset Pack/farming-tileset_150.asset
  artifactKey: Guid(0d1fbe51690180f4aa5cbdf858b41a30) Importer(815301076,1909f56bfc062723c751e8b465ee728b)
Start importing Assets/Farming Asset Pack/farming-tileset_150.asset using Guid(0d1fbe51690180f4aa5cbdf858b41a30) Importer(815301076,1909f56bfc062723c751e8b465ee728b)  -> (artifact id: '36d2d0669331d9e1fe3d7ef2bfb87bb7') in 0.021770 seconds 
========================================================================
Received Import Request.
  Time since last request: 0.000039 seconds.
  path: Assets/Farming Asset Pack/farming-tileset_155.asset
  artifactKey: Guid(9b586de390af14144939ac2ac45c1ef8) Importer(815301076,1909f56bfc062723c751e8b465ee728b)
Start importing Assets/Farming Asset Pack/farming-tileset_155.asset using Guid(9b586de390af14144939ac2ac45c1ef8) Importer(815301076,1909f56bfc062723c751e8b465ee728b)  -> (artifact id: '974fb95906a3ade85b908a26843c378e') in 0.021263 seconds 
Editor requested this worker to shutdown with reason: Scaling down because of idle timeout
AssetImportWorker is now disconnected from the server
Process exiting
Exiting without the bug reporter. Application will terminate with return code 0