Using pre-set license
Built from '2021.3/china_unity/release' branch; Version is '2021.3.10f1c1 (fad0948fb939) revision 16437396'; Using compiler version '192829333'; Build Type 'Release'
OS: 'Windows 11  (10.0.22621) 64bit ProfessionalEducation' Language: 'zh' Physical Memory: 16005 MB
BatchMode: 1, IsHumanControllingUs: 0, StartBugReporterOnCrash: 0, Is64bit: 1, IsPro: 1

COMMAND LINE ARGUMENTS:
D:\Unity\2021.3.10f1c1\Editor\Unity.exe
-adb2
-batchMode
-noUpm
-name
AssetImportWorker6
-projectPath
E:/Sweet_Dream/Sweet_Dream
-logFile
Logs/AssetImportWorker6.log
-srvPort
9376
Successfully changed project path to: E:/Sweet_Dream/Sweet_Dream
E:/Sweet_Dream/Sweet_Dream
[UnityMemory] Configuration Parameters - Can be set up in boot.config
    "memorysetup-bucket-allocator-granularity=16"
    "memorysetup-bucket-allocator-bucket-count=8"
    "memorysetup-bucket-allocator-block-size=33554432"
    "memorysetup-bucket-allocator-block-count=8"
    "memorysetup-main-allocator-block-size=16777216"
    "memorysetup-thread-allocator-block-size=16777216"
    "memorysetup-gfx-main-allocator-block-size=16777216"
    "memorysetup-gfx-thread-allocator-block-size=16777216"
    "memorysetup-cache-allocator-block-size=4194304"
    "memorysetup-typetree-allocator-block-size=2097152"
    "memorysetup-profiler-bucket-allocator-granularity=16"
    "memorysetup-profiler-bucket-allocator-bucket-count=8"
    "memorysetup-profiler-bucket-allocator-block-size=33554432"
    "memorysetup-profiler-bucket-allocator-block-count=8"
    "memorysetup-profiler-allocator-block-size=16777216"
    "memorysetup-profiler-editor-allocator-block-size=1048576"
    "memorysetup-temp-allocator-size-main=16777216"
    "memorysetup-job-temp-allocator-block-size=2097152"
    "memorysetup-job-temp-allocator-block-size-background=1048576"
    "memorysetup-job-temp-allocator-reduction-small-platforms=262144"
    "memorysetup-temp-allocator-size-background-worker=32768"
    "memorysetup-temp-allocator-size-job-worker=262144"
    "memorysetup-temp-allocator-size-preload-manager=33554432"
    "memorysetup-temp-allocator-size-nav-mesh-worker=65536"
    "memorysetup-temp-allocator-size-audio-worker=65536"
    "memorysetup-temp-allocator-size-cloud-worker=32768"
    "memorysetup-temp-allocator-size-gi-baking-worker=262144"
    "memorysetup-temp-allocator-size-gfx=262144"
AS: AutoStreaming module initializing.
Refreshing native plugins compatible for Editor in 87.19 ms, found 4 plugins.
Preloading 0 native plugins for Editor in 0.00 ms.
Initialize engine version: 2021.3.10f1c1 (fad0948fb939)
[Subsystems] Discovering subsystems at path D:/Unity/2021.3.10f1c1/Editor/Data/Resources/UnitySubsystems
[Subsystems] Discovering subsystems at path E:/Sweet_Dream/Sweet_Dream/Assets
GfxDevice: creating device client; threaded=0; jobified=0
Direct3D:
    Version:  Direct3D 11.0 [level 11.1]
    Renderer: NVIDIA GeForce RTX 3050 Ti Laptop GPU (ID=0x25a0)
    Vendor:   NVIDIA
    VRAM:     3990 MB
    Driver:   30.0.15.1278
Initialize mono
Mono path[0] = 'D:/Unity/2021.3.10f1c1/Editor/Data/Managed'
Mono path[1] = 'D:/Unity/2021.3.10f1c1/Editor/Data/MonoBleedingEdge/lib/mono/unityjit-win32'
Mono config path = 'D:/Unity/2021.3.10f1c1/Editor/Data/MonoBleedingEdge/etc'
Using monoOptions --debugger-agent=transport=dt_socket,embedding=1,server=y,suspend=n,address=127.0.0.1:56844
Begin MonoManager ReloadAssembly
Registering precompiled unity dll's ...
Register platform support module: D:/Unity/2021.3.10f1c1/Editor/Data/PlaybackEngines/WebGLSupport/UnityEditor.WebGL.Extensions.dll
Register platform support module: D:/Unity/2021.3.10f1c1/Editor/Data/PlaybackEngines/AndroidPlayer/UnityEditor.Android.Extensions.dll
Register platform support module: D:/Unity/2021.3.10f1c1/Editor/Data/PlaybackEngines/WindowsStandaloneSupport/UnityEditor.WindowsStandalone.Extensions.dll
Registered in 0.005978 seconds.
Native extension for WindowsStandalone target not found
Native extension for Android target not found
Native extension for WebGL target not found
Refreshing native plugins compatible for Editor in 70.89 ms, found 4 plugins.
Preloading 0 native plugins for Editor in 0.00 ms.
Mono: successfully reloaded assembly
- Completed reload, in  0.602 seconds
Domain Reload Profiling:
	ReloadAssembly (603ms)
		BeginReloadAssembly (109ms)
			ExecutionOrderSort (0ms)
			DisableScriptedObjects (0ms)
			BackupInstance (0ms)
			ReleaseScriptingObjects (0ms)
			CreateAndSetChildDomain (1ms)
		EndReloadAssembly (402ms)
			LoadAssemblies (107ms)
			RebuildTransferFunctionScriptingTraits (0ms)
			SetupTypeCache (101ms)
			ReleaseScriptCaches (0ms)
			RebuildScriptCaches (22ms)
			SetupLoadedEditorAssemblies (238ms)
				LogAssemblyErrors (0ms)
				InitializePlatformSupportModulesInManaged (46ms)
				SetLoadedEditorAssemblies (0ms)
				RefreshPlugins (71ms)
				BeforeProcessingInitializeOnLoad (1ms)
				ProcessInitializeOnLoadAttributes (79ms)
				ProcessInitializeOnLoadMethodAttributes (40ms)
				AfterProcessingInitializeOnLoad (0ms)
				EditorAssembliesLoaded (0ms)
			ExecutionOrderSort2 (0ms)
			AwakeInstancesAfterBackupRestoration (0ms)
Platform modules already initialized, skipping
Registering precompiled user dll's ...
Registered in 0.007991 seconds.
Begin MonoManager ReloadAssembly
Native extension for WindowsStandalone target not found
Native extension for Android target not found
Native extension for WebGL target not found
Refreshing native plugins compatible for Editor in 73.70 ms, found 4 plugins.
Preloading 0 native plugins for Editor in 0.00 ms.
Mono: successfully reloaded assembly
- Completed reload, in  1.077 seconds
Domain Reload Profiling:
	ReloadAssembly (1078ms)
		BeginReloadAssembly (194ms)
			ExecutionOrderSort (0ms)
			DisableScriptedObjects (4ms)
			BackupInstance (0ms)
			ReleaseScriptingObjects (0ms)
			CreateAndSetChildDomain (128ms)
		EndReloadAssembly (792ms)
			LoadAssemblies (108ms)
			RebuildTransferFunctionScriptingTraits (0ms)
			SetupTypeCache (210ms)
			ReleaseScriptCaches (1ms)
			RebuildScriptCaches (47ms)
			SetupLoadedEditorAssemblies (381ms)
				LogAssemblyErrors (0ms)
				InitializePlatformSupportModulesInManaged (10ms)
				SetLoadedEditorAssemblies (0ms)
				RefreshPlugins (74ms)
				BeforeProcessingInitializeOnLoad (68ms)
				ProcessInitializeOnLoadAttributes (190ms)
				ProcessInitializeOnLoadMethodAttributes (34ms)
				AfterProcessingInitializeOnLoad (5ms)
				EditorAssembliesLoaded (0ms)
			ExecutionOrderSort2 (0ms)
			AwakeInstancesAfterBackupRestoration (9ms)
Platform modules already initialized, skipping
========================================================================
Worker process is ready to serve import requests
Launched and connected shader compiler UnityShaderCompiler.exe after 0.05 seconds
Refreshing native plugins compatible for Editor in 0.65 ms, found 4 plugins.
Preloading 0 native plugins for Editor in 0.00 ms.
Unloading 4069 Unused Serialized files (Serialized files now loaded: 0)
Unloading 38 unused Assets / (56.1 KB). Loaded Objects now: 4528.
Memory consumption went from 155.6 MB to 155.5 MB.
Total: 2.941200 ms (FindLiveObjects: 0.505200 ms CreateObjectMapping: 0.149100 ms MarkObjects: 2.200200 ms  DeleteObjects: 0.085100 ms)

AssetImportParameters requested are different than current active one (requested -> active):
  custom:video-decoder-ogg-theora: a1e56fd34408186e4bbccfd4996cb3dc -> 
  custom:container-muxer-webm: aa71ff27fc2769a1b78a27578f13a17b -> 
  custom:container-demuxer-webm: 4f35f7cbe854078d1ac9338744f61a02 -> 
  custom:video-encoder-webm-vp8: eb34c28f22e8b96e1ab97ce403110664 -> 
  custom:video-codec-MediaFoundation-h265: 746d11721c4dcdbdad8f713fa42b33f4 -> 
  custom:audio-encoder-webm-vorbis: bf7c407c2cedff20999df2af8eb42d56 -> 
  custom:framework-win-MediaFoundation: 216162199b28c13a410421893ffa2e32 -> 
  custom:container-demuxer-ogg: 62fdf1f143b41e24485cea50d1cbac27 -> 
  custom:video-decoder-webm-vp8: 9c59270c3fd7afecdb556c50c9e8de78 -> 
  custom:audio-decoder-ogg-vorbis: bf7c407c2cedff20999df2af8eb42d56 -> 
========================================================================
Received Import Request.
  Time since last request: 269032.796923 seconds.
  path: Assets/Farming Asset Pack/farming-tileset_11.asset
  artifactKey: Guid(f85765db23cd65647b3b7c4064f9f42d) Importer(815301076,1909f56bfc062723c751e8b465ee728b)
Start importing Assets/Farming Asset Pack/farming-tileset_11.asset using Guid(f85765db23cd65647b3b7c4064f9f42d) Importer(815301076,1909f56bfc062723c751e8b465ee728b)  -> (artifact id: '38f919dc98eff4bfa6a3139e78102461') in 0.115569 seconds 
========================================================================
Received Import Request.
  Time since last request: 0.000033 seconds.
  path: Assets/Farming Asset Pack/farming-tileset_24.asset
  artifactKey: Guid(3c13fc36921e4374db00428f078b0426) Importer(815301076,1909f56bfc062723c751e8b465ee728b)
Start importing Assets/Farming Asset Pack/farming-tileset_24.asset using Guid(3c13fc36921e4374db00428f078b0426) Importer(815301076,1909f56bfc062723c751e8b465ee728b)  -> (artifact id: 'd3e2acc4078d68e84fc19f7bcf7e214e') in 0.021535 seconds 
========================================================================
Received Import Request.
  Time since last request: 0.000081 seconds.
  path: Assets/Farming Asset Pack/farming-tileset_21.asset
  artifactKey: Guid(a0abca2a307ff79468f8c0fefecda30f) Importer(815301076,1909f56bfc062723c751e8b465ee728b)
Start importing Assets/Farming Asset Pack/farming-tileset_21.asset using Guid(a0abca2a307ff79468f8c0fefecda30f) Importer(815301076,1909f56bfc062723c751e8b465ee728b)  -> (artifact id: 'b551e0bec0ba42328f976551e3153874') in 0.018964 seconds 
========================================================================
Received Import Request.
  Time since last request: 5.613519 seconds.
  path: Assets/Farming Asset Pack/farming-tileset_29.asset
  artifactKey: Guid(fb388033c9661ba48aafd72f3406e913) Importer(815301076,1909f56bfc062723c751e8b465ee728b)
Start importing Assets/Farming Asset Pack/farming-tileset_29.asset using Guid(fb388033c9661ba48aafd72f3406e913) Importer(815301076,1909f56bfc062723c751e8b465ee728b)  -> (artifact id: '686c866e467dcae171977a3d0bfe3cba') in 0.020914 seconds 
========================================================================
Received Import Request.
  Time since last request: 0.556487 seconds.
  path: Assets/Farming Asset Pack/farming-tileset_32.asset
  artifactKey: Guid(ad7ffe1d82cf14542b0c6883ed0cd976) Importer(815301076,1909f56bfc062723c751e8b465ee728b)
Start importing Assets/Farming Asset Pack/farming-tileset_32.asset using Guid(ad7ffe1d82cf14542b0c6883ed0cd976) Importer(815301076,1909f56bfc062723c751e8b465ee728b)  -> (artifact id: '339b0f7e07da3d472db87d6908996c24') in 0.018352 seconds 
========================================================================
Received Import Request.
  Time since last request: 0.000024 seconds.
  path: Assets/Farming Asset Pack/farming-tileset_38.asset
  artifactKey: Guid(2584d66072d9ef94f8c0ca0095574696) Importer(815301076,1909f56bfc062723c751e8b465ee728b)
Start importing Assets/Farming Asset Pack/farming-tileset_38.asset using Guid(2584d66072d9ef94f8c0ca0095574696) Importer(815301076,1909f56bfc062723c751e8b465ee728b)  -> (artifact id: '7403efb72dfb1c59d4e7a546ff0421a4') in 0.017312 seconds 
========================================================================
Received Import Request.
  Time since last request: 0.000029 seconds.
  path: Assets/Farming Asset Pack/farming-tileset_40.asset
  artifactKey: Guid(8b44b2789dfd03a4985100dc156020df) Importer(815301076,1909f56bfc062723c751e8b465ee728b)
Start importing Assets/Farming Asset Pack/farming-tileset_40.asset using Guid(8b44b2789dfd03a4985100dc156020df) Importer(815301076,1909f56bfc062723c751e8b465ee728b)  -> (artifact id: '9d53097a9340ffde8e41444c9cb40e33') in 0.018191 seconds 
========================================================================
Received Import Request.
  Time since last request: 0.000036 seconds.
  path: Assets/Farming Asset Pack/farming-tileset_47.asset
  artifactKey: Guid(d260ee0b6c234ab4f80c359ca2df04f7) Importer(815301076,1909f56bfc062723c751e8b465ee728b)
Start importing Assets/Farming Asset Pack/farming-tileset_47.asset using Guid(d260ee0b6c234ab4f80c359ca2df04f7) Importer(815301076,1909f56bfc062723c751e8b465ee728b)  -> (artifact id: '39a76f690adfb2d18fe1f36a69d0e7f8') in 0.019853 seconds 
========================================================================
Received Import Request.
  Time since last request: 0.000032 seconds.
  path: Assets/Farming Asset Pack/farming-tileset_46.asset
  artifactKey: Guid(e4141650f11cf6244aa567bea61c00c9) Importer(815301076,1909f56bfc062723c751e8b465ee728b)
Start importing Assets/Farming Asset Pack/farming-tileset_46.asset using Guid(e4141650f11cf6244aa567bea61c00c9) Importer(815301076,1909f56bfc062723c751e8b465ee728b)  -> (artifact id: '65d67b3fd43c494aea68d2cc1dd5bd48') in 0.018509 seconds 
========================================================================
Received Import Request.
  Time since last request: 4.067232 seconds.
  path: Assets/Farming Asset Pack/farming-tileset_50.asset
  artifactKey: Guid(0add761773f0d1746971b825b076b83b) Importer(815301076,1909f56bfc062723c751e8b465ee728b)
Start importing Assets/Farming Asset Pack/farming-tileset_50.asset using Guid(0add761773f0d1746971b825b076b83b) Importer(815301076,1909f56bfc062723c751e8b465ee728b)  -> (artifact id: '7428864808e73ba138d8f64caf85b381') in 0.022979 seconds 
========================================================================
Received Import Request.
  Time since last request: 0.000051 seconds.
  path: Assets/Farming Asset Pack/farming-tileset_56.asset
  artifactKey: Guid(582bed542c064c94899019c948c8d7cc) Importer(815301076,1909f56bfc062723c751e8b465ee728b)
Start importing Assets/Farming Asset Pack/farming-tileset_56.asset using Guid(582bed542c064c94899019c948c8d7cc) Importer(815301076,1909f56bfc062723c751e8b465ee728b)  -> (artifact id: '262d77fb0a6d02a6823e8b5f04b34e72') in 0.025483 seconds 
========================================================================
Received Import Request.
  Time since last request: 0.111376 seconds.
  path: Assets/Farming Asset Pack/farming-tileset_59.asset
  artifactKey: Guid(6c381d917dbebd44face289852351a2c) Importer(815301076,1909f56bfc062723c751e8b465ee728b)
Start importing Assets/Farming Asset Pack/farming-tileset_59.asset using Guid(6c381d917dbebd44face289852351a2c) Importer(815301076,1909f56bfc062723c751e8b465ee728b)  -> (artifact id: 'ab3020b9a00b8c5bbbe31a2018c38ea8') in 0.024059 seconds 
========================================================================
Received Import Request.
  Time since last request: 0.000037 seconds.
  path: Assets/Farming Asset Pack/farming-tileset_62.asset
  artifactKey: Guid(f1c800484ee3f604c9be09acdb95b6f6) Importer(815301076,1909f56bfc062723c751e8b465ee728b)
Start importing Assets/Farming Asset Pack/farming-tileset_62.asset using Guid(f1c800484ee3f604c9be09acdb95b6f6) Importer(815301076,1909f56bfc062723c751e8b465ee728b)  -> (artifact id: '0036083221eee828723629e995d9fe7b') in 0.021951 seconds 
========================================================================
Received Import Request.
  Time since last request: 0.000036 seconds.
  path: Assets/Farming Asset Pack/farming-tileset_67.asset
  artifactKey: Guid(d13fc4dbf73df1a489d32996cbaef780) Importer(815301076,1909f56bfc062723c751e8b465ee728b)
Start importing Assets/Farming Asset Pack/farming-tileset_67.asset using Guid(d13fc4dbf73df1a489d32996cbaef780) Importer(815301076,1909f56bfc062723c751e8b465ee728b)  -> (artifact id: 'da80b1dc3beaf390d160c048dc08b661') in 0.021089 seconds 
========================================================================
Received Import Request.
  Time since last request: 0.000026 seconds.
  path: Assets/Farming Asset Pack/farming-tileset_76.asset
  artifactKey: Guid(dcc03bb47d4607b42b114634dd059ea7) Importer(815301076,1909f56bfc062723c751e8b465ee728b)
Start importing Assets/Farming Asset Pack/farming-tileset_76.asset using Guid(dcc03bb47d4607b42b114634dd059ea7) Importer(815301076,1909f56bfc062723c751e8b465ee728b)  -> (artifact id: '69ab7dba252d85817213879960a988ce') in 0.025175 seconds 
========================================================================
Received Import Request.
  Time since last request: 0.000028 seconds.
  path: Assets/Farming Asset Pack/farming-tileset_73.asset
  artifactKey: Guid(8258042c563b4ac4b9486517959b6a32) Importer(815301076,1909f56bfc062723c751e8b465ee728b)
Start importing Assets/Farming Asset Pack/farming-tileset_73.asset using Guid(8258042c563b4ac4b9486517959b6a32) Importer(815301076,1909f56bfc062723c751e8b465ee728b)  -> (artifact id: 'e98adbcaf8ec32e7d472da82addcb3fe') in 0.025023 seconds 
========================================================================
Received Import Request.
  Time since last request: 0.000030 seconds.
  path: Assets/Farming Asset Pack/farming-tileset_79.asset
  artifactKey: Guid(b5ead037438db2349b87c40313e1632b) Importer(815301076,1909f56bfc062723c751e8b465ee728b)
Start importing Assets/Farming Asset Pack/farming-tileset_79.asset using Guid(b5ead037438db2349b87c40313e1632b) Importer(815301076,1909f56bfc062723c751e8b465ee728b)  -> (artifact id: '3a52524158e25151e2f3e545d8ed8890') in 0.024640 seconds 
========================================================================
Received Import Request.
  Time since last request: 0.000026 seconds.
  path: Assets/Farming Asset Pack/farming-tileset_71.asset
  artifactKey: Guid(341038a178819754aa711ab7b8e65ad4) Importer(815301076,1909f56bfc062723c751e8b465ee728b)
Start importing Assets/Farming Asset Pack/farming-tileset_71.asset using Guid(341038a178819754aa711ab7b8e65ad4) Importer(815301076,1909f56bfc062723c751e8b465ee728b)  -> (artifact id: '63b946b41a2084a90768b2d6c55e421d') in 0.030507 seconds 
========================================================================
Received Import Request.
  Time since last request: 0.027917 seconds.
  path: Assets/Farming Asset Pack/farming-tileset_86.asset
  artifactKey: Guid(f63c22a506eb4ca459bbb5efe4fe0d14) Importer(815301076,1909f56bfc062723c751e8b465ee728b)
Start importing Assets/Farming Asset Pack/farming-tileset_86.asset using Guid(f63c22a506eb4ca459bbb5efe4fe0d14) Importer(815301076,1909f56bfc062723c751e8b465ee728b)  -> (artifact id: '9b8c945f162ba019fbb40070532df028') in 0.021564 seconds 
========================================================================
Received Import Request.
  Time since last request: 0.000031 seconds.
  path: Assets/Farming Asset Pack/farming-tileset_95.asset
  artifactKey: Guid(68662f10ae6610843b4e80fa6c39f0da) Importer(815301076,1909f56bfc062723c751e8b465ee728b)
Start importing Assets/Farming Asset Pack/farming-tileset_95.asset using Guid(68662f10ae6610843b4e80fa6c39f0da) Importer(815301076,1909f56bfc062723c751e8b465ee728b)  -> (artifact id: '538b9146ad2d07052593fad1c04ffe6f') in 0.018990 seconds 
========================================================================
Received Import Request.
  Time since last request: 0.000051 seconds.
  path: Assets/Farming Asset Pack/farming-tileset_102.asset
  artifactKey: Guid(6deaaebf9c30c534cbfc2589aec7eb8e) Importer(815301076,1909f56bfc062723c751e8b465ee728b)
Start importing Assets/Farming Asset Pack/farming-tileset_102.asset using Guid(6deaaebf9c30c534cbfc2589aec7eb8e) Importer(815301076,1909f56bfc062723c751e8b465ee728b)  -> (artifact id: '78d0466a1f0960f1e3f0fa74920393a4') in 0.021349 seconds 
========================================================================
Received Import Request.
  Time since last request: 0.000023 seconds.
  path: Assets/Farming Asset Pack/farming-tileset_91.asset
  artifactKey: Guid(b70e12a8abd166341a0a6b159a16f337) Importer(815301076,1909f56bfc062723c751e8b465ee728b)
Start importing Assets/Farming Asset Pack/farming-tileset_91.asset using Guid(b70e12a8abd166341a0a6b159a16f337) Importer(815301076,1909f56bfc062723c751e8b465ee728b)  -> (artifact id: '10ac7080879d4944bfc4690096883ffa') in 0.020153 seconds 
========================================================================
Received Import Request.
  Time since last request: 0.000029 seconds.
  path: Assets/Farming Asset Pack/farming-tileset_109.asset
  artifactKey: Guid(829a67e5c139c954fbdddc9a51d5cc36) Importer(815301076,1909f56bfc062723c751e8b465ee728b)
Start importing Assets/Farming Asset Pack/farming-tileset_109.asset using Guid(829a67e5c139c954fbdddc9a51d5cc36) Importer(815301076,1909f56bfc062723c751e8b465ee728b)  -> (artifact id: '38206cc190c04b7ba8c5e76271ea4567') in 0.018896 seconds 
========================================================================
Received Import Request.
  Time since last request: 0.000036 seconds.
  path: Assets/Farming Asset Pack/farming-tileset_111.asset
  artifactKey: Guid(b278ef6a0564cce4bb84672a24f21483) Importer(815301076,1909f56bfc062723c751e8b465ee728b)
Start importing Assets/Farming Asset Pack/farming-tileset_111.asset using Guid(b278ef6a0564cce4bb84672a24f21483) Importer(815301076,1909f56bfc062723c751e8b465ee728b)  -> (artifact id: '2c7ab56f5650c0236f93ac60a1d4ff03') in 0.030427 seconds 
========================================================================
Received Import Request.
  Time since last request: 0.000027 seconds.
  path: Assets/Farming Asset Pack/farming-tileset_108.asset
  artifactKey: Guid(68cc6abf3b2542b4283bd16d587115b5) Importer(815301076,1909f56bfc062723c751e8b465ee728b)
Start importing Assets/Farming Asset Pack/farming-tileset_108.asset using Guid(68cc6abf3b2542b4283bd16d587115b5) Importer(815301076,1909f56bfc062723c751e8b465ee728b)  -> (artifact id: 'eed9e036ad6592572e5d546eba8549de') in 0.026523 seconds 
========================================================================
Received Import Request.
  Time since last request: 0.028273 seconds.
  path: Assets/Farming Asset Pack/farming-tileset_113.asset
  artifactKey: Guid(4755c1789fadef44badf4ba0dbe0c655) Importer(815301076,1909f56bfc062723c751e8b465ee728b)
Start importing Assets/Farming Asset Pack/farming-tileset_113.asset using Guid(4755c1789fadef44badf4ba0dbe0c655) Importer(815301076,1909f56bfc062723c751e8b465ee728b)  -> (artifact id: '1c2c3b75ab5e0b9699322a1793189df9') in 0.019625 seconds 
========================================================================
Received Import Request.
  Time since last request: 0.000023 seconds.
  path: Assets/Farming Asset Pack/farming-tileset_118.asset
  artifactKey: Guid(a0ae6b537407cb74f945fd423b058ac4) Importer(815301076,1909f56bfc062723c751e8b465ee728b)
Start importing Assets/Farming Asset Pack/farming-tileset_118.asset using Guid(a0ae6b537407cb74f945fd423b058ac4) Importer(815301076,1909f56bfc062723c751e8b465ee728b)  -> (artifact id: 'f0bf97d0460317fb478cba636a275093') in 0.022681 seconds 
========================================================================
Received Import Request.
  Time since last request: 0.000028 seconds.
  path: Assets/Farming Asset Pack/farming-tileset_121.asset
  artifactKey: Guid(86578e3cc077d86499785c0e8e296257) Importer(815301076,1909f56bfc062723c751e8b465ee728b)
Start importing Assets/Farming Asset Pack/farming-tileset_121.asset using Guid(86578e3cc077d86499785c0e8e296257) Importer(815301076,1909f56bfc062723c751e8b465ee728b)  -> (artifact id: 'e6e71bd268a5934822f4fccac9e9430d') in 0.023005 seconds 
========================================================================
Received Import Request.
  Time since last request: 0.000071 seconds.
  path: Assets/Farming Asset Pack/farming-tileset_124.asset
  artifactKey: Guid(316b866774b6ab14da0de4e6052bbd2a) Importer(815301076,1909f56bfc062723c751e8b465ee728b)
Start importing Assets/Farming Asset Pack/farming-tileset_124.asset using Guid(316b866774b6ab14da0de4e6052bbd2a) Importer(815301076,1909f56bfc062723c751e8b465ee728b)  -> (artifact id: 'e7828c7b0331d919edadbd831b031056') in 0.028437 seconds 
========================================================================
Received Import Request.
  Time since last request: 0.000061 seconds.
  path: Assets/Farming Asset Pack/farming-tileset_126.asset
  artifactKey: Guid(6f2de9ae27bfe194cb357e43c7a87182) Importer(815301076,1909f56bfc062723c751e8b465ee728b)
Start importing Assets/Farming Asset Pack/farming-tileset_126.asset using Guid(6f2de9ae27bfe194cb357e43c7a87182) Importer(815301076,1909f56bfc062723c751e8b465ee728b)  -> (artifact id: '51859c45114aa5a3315c30366eb9094c') in 0.020334 seconds 
========================================================================
Received Import Request.
  Time since last request: 0.062295 seconds.
  path: Assets/Farming Asset Pack/farming-tileset_131.asset
  artifactKey: Guid(eb888ee814deec744af271b33ef34368) Importer(815301076,1909f56bfc062723c751e8b465ee728b)
Start importing Assets/Farming Asset Pack/farming-tileset_131.asset using Guid(eb888ee814deec744af271b33ef34368) Importer(815301076,1909f56bfc062723c751e8b465ee728b)  -> (artifact id: '6ab3eaa54f374e586e6109eb9724ca46') in 0.024272 seconds 
========================================================================
Received Import Request.
  Time since last request: 0.000026 seconds.
  path: Assets/Farming Asset Pack/farming-tileset_134.asset
  artifactKey: Guid(f1f18c371da78cd4489a176f0c70991d) Importer(815301076,1909f56bfc062723c751e8b465ee728b)
Start importing Assets/Farming Asset Pack/farming-tileset_134.asset using Guid(f1f18c371da78cd4489a176f0c70991d) Importer(815301076,1909f56bfc062723c751e8b465ee728b)  -> (artifact id: 'e8f204b2ce2dfe00ee4e72772d5979a3') in 0.017848 seconds 
========================================================================
Received Import Request.
  Time since last request: 0.000027 seconds.
  path: Assets/Farming Asset Pack/farming-tileset_141.asset
  artifactKey: Guid(9427f6c818dbfc2438550eb9a4d4443d) Importer(815301076,1909f56bfc062723c751e8b465ee728b)
Start importing Assets/Farming Asset Pack/farming-tileset_141.asset using Guid(9427f6c818dbfc2438550eb9a4d4443d) Importer(815301076,1909f56bfc062723c751e8b465ee728b)  -> (artifact id: '59454041d60dfb81664aee3b2aa2aacf') in 0.019123 seconds 
========================================================================
Received Import Request.
  Time since last request: 0.000037 seconds.
  path: Assets/Farming Asset Pack/farming-tileset_146.asset
  artifactKey: Guid(bc8baeff83925294d80cdfcff311d274) Importer(815301076,1909f56bfc062723c751e8b465ee728b)
Start importing Assets/Farming Asset Pack/farming-tileset_146.asset using Guid(bc8baeff83925294d80cdfcff311d274) Importer(815301076,1909f56bfc062723c751e8b465ee728b)  -> (artifact id: 'e384ce8a485a6e17d39f64867de72a1e') in 0.020236 seconds 
========================================================================
Received Import Request.
  Time since last request: 0.000049 seconds.
  path: Assets/Farming Asset Pack/farming-tileset_147.asset
  artifactKey: Guid(2ddac1292e5ea1a43a0b4bd2b4225155) Importer(815301076,1909f56bfc062723c751e8b465ee728b)
Start importing Assets/Farming Asset Pack/farming-tileset_147.asset using Guid(2ddac1292e5ea1a43a0b4bd2b4225155) Importer(815301076,1909f56bfc062723c751e8b465ee728b)  -> (artifact id: 'f8c5c23114ef1196a4ccf593cdbb7c00') in 0.018499 seconds 
========================================================================
Received Import Request.
  Time since last request: 0.089760 seconds.
  path: Assets/Farming Asset Pack/farming-tileset_149.asset
  artifactKey: Guid(ccc167024e670b844ac9f9b1cbef15ac) Importer(815301076,1909f56bfc062723c751e8b465ee728b)
Start importing Assets/Farming Asset Pack/farming-tileset_149.asset using Guid(ccc167024e670b844ac9f9b1cbef15ac) Importer(815301076,1909f56bfc062723c751e8b465ee728b)  -> (artifact id: '044c546034118091fa6ebc416aa89c17') in 0.020001 seconds 
========================================================================
Received Import Request.
  Time since last request: 0.000219 seconds.
  path: Assets/Farming Asset Pack/farming-tileset_153.asset
  artifactKey: Guid(9cb03eb329dc4aa4aafffb0da92ae585) Importer(815301076,1909f56bfc062723c751e8b465ee728b)
Start importing Assets/Farming Asset Pack/farming-tileset_153.asset using Guid(9cb03eb329dc4aa4aafffb0da92ae585) Importer(815301076,1909f56bfc062723c751e8b465ee728b)  -> (artifact id: 'e81e7ceb06619e88ba0aa5f60623b343') in 0.022273 seconds 
Editor requested this worker to shutdown with reason: Scaling down because of idle timeout
AssetImportWorker is now disconnected from the server
Process exiting
Exiting without the bug reporter. Application will terminate with return code 0