Using pre-set license
Built from '2021.3/china_unity/release' branch; Version is '2021.3.10f1c1 (fad0948fb939) revision 16437396'; Using compiler version '192829333'; Build Type 'Release'
OS: 'Windows 11  (10.0.22621) 64bit ProfessionalEducation' Language: 'zh' Physical Memory: 16005 MB
BatchMode: 1, IsHumanControllingUs: 0, StartBugReporterOnCrash: 0, Is64bit: 1, IsPro: 1

COMMAND LINE ARGUMENTS:
D:\Unity\2021.3.10f1c1\Editor\Unity.exe
-adb2
-batchMode
-noUpm
-name
AssetImportWorker7
-projectPath
E:/Sweet_Dream/Sweet_Dream
-logFile
Logs/AssetImportWorker7.log
-srvPort
9376
Successfully changed project path to: E:/Sweet_Dream/Sweet_Dream
E:/Sweet_Dream/Sweet_Dream
[UnityMemory] Configuration Parameters - Can be set up in boot.config
    "memorysetup-bucket-allocator-granularity=16"
    "memorysetup-bucket-allocator-bucket-count=8"
    "memorysetup-bucket-allocator-block-size=33554432"
    "memorysetup-bucket-allocator-block-count=8"
    "memorysetup-main-allocator-block-size=16777216"
    "memorysetup-thread-allocator-block-size=16777216"
    "memorysetup-gfx-main-allocator-block-size=16777216"
    "memorysetup-gfx-thread-allocator-block-size=16777216"
    "memorysetup-cache-allocator-block-size=4194304"
    "memorysetup-typetree-allocator-block-size=2097152"
    "memorysetup-profiler-bucket-allocator-granularity=16"
    "memorysetup-profiler-bucket-allocator-bucket-count=8"
    "memorysetup-profiler-bucket-allocator-block-size=33554432"
    "memorysetup-profiler-bucket-allocator-block-count=8"
    "memorysetup-profiler-allocator-block-size=16777216"
    "memorysetup-profiler-editor-allocator-block-size=1048576"
    "memorysetup-temp-allocator-size-main=16777216"
    "memorysetup-job-temp-allocator-block-size=2097152"
    "memorysetup-job-temp-allocator-block-size-background=1048576"
    "memorysetup-job-temp-allocator-reduction-small-platforms=262144"
    "memorysetup-temp-allocator-size-background-worker=32768"
    "memorysetup-temp-allocator-size-job-worker=262144"
    "memorysetup-temp-allocator-size-preload-manager=33554432"
    "memorysetup-temp-allocator-size-nav-mesh-worker=65536"
    "memorysetup-temp-allocator-size-audio-worker=65536"
    "memorysetup-temp-allocator-size-cloud-worker=32768"
    "memorysetup-temp-allocator-size-gi-baking-worker=262144"
    "memorysetup-temp-allocator-size-gfx=262144"
AS: AutoStreaming module initializing.
Refreshing native plugins compatible for Editor in 83.48 ms, found 4 plugins.
Preloading 0 native plugins for Editor in 0.00 ms.
Initialize engine version: 2021.3.10f1c1 (fad0948fb939)
[Subsystems] Discovering subsystems at path D:/Unity/2021.3.10f1c1/Editor/Data/Resources/UnitySubsystems
[Subsystems] Discovering subsystems at path E:/Sweet_Dream/Sweet_Dream/Assets
GfxDevice: creating device client; threaded=0; jobified=0
Direct3D:
    Version:  Direct3D 11.0 [level 11.1]
    Renderer: NVIDIA GeForce RTX 3050 Ti Laptop GPU (ID=0x25a0)
    Vendor:   NVIDIA
    VRAM:     3990 MB
    Driver:   30.0.15.1278
Initialize mono
Mono path[0] = 'D:/Unity/2021.3.10f1c1/Editor/Data/Managed'
Mono path[1] = 'D:/Unity/2021.3.10f1c1/Editor/Data/MonoBleedingEdge/lib/mono/unityjit-win32'
Mono config path = 'D:/Unity/2021.3.10f1c1/Editor/Data/MonoBleedingEdge/etc'
Using monoOptions --debugger-agent=transport=dt_socket,embedding=1,server=y,suspend=n,address=127.0.0.1:56380
Begin MonoManager ReloadAssembly
Registering precompiled unity dll's ...
Register platform support module: D:/Unity/2021.3.10f1c1/Editor/Data/PlaybackEngines/WebGLSupport/UnityEditor.WebGL.Extensions.dll
Register platform support module: D:/Unity/2021.3.10f1c1/Editor/Data/PlaybackEngines/AndroidPlayer/UnityEditor.Android.Extensions.dll
Register platform support module: D:/Unity/2021.3.10f1c1/Editor/Data/PlaybackEngines/WindowsStandaloneSupport/UnityEditor.WindowsStandalone.Extensions.dll
Registered in 0.006208 seconds.
Native extension for WindowsStandalone target not found
Native extension for Android target not found
Native extension for WebGL target not found
Refreshing native plugins compatible for Editor in 71.16 ms, found 4 plugins.
Preloading 0 native plugins for Editor in 0.00 ms.
Mono: successfully reloaded assembly
- Completed reload, in  0.602 seconds
Domain Reload Profiling:
	ReloadAssembly (602ms)
		BeginReloadAssembly (108ms)
			ExecutionOrderSort (0ms)
			DisableScriptedObjects (0ms)
			BackupInstance (0ms)
			ReleaseScriptingObjects (0ms)
			CreateAndSetChildDomain (1ms)
		EndReloadAssembly (402ms)
			LoadAssemblies (107ms)
			RebuildTransferFunctionScriptingTraits (0ms)
			SetupTypeCache (98ms)
			ReleaseScriptCaches (0ms)
			RebuildScriptCaches (22ms)
			SetupLoadedEditorAssemblies (239ms)
				LogAssemblyErrors (0ms)
				InitializePlatformSupportModulesInManaged (47ms)
				SetLoadedEditorAssemblies (0ms)
				RefreshPlugins (71ms)
				BeforeProcessingInitializeOnLoad (1ms)
				ProcessInitializeOnLoadAttributes (81ms)
				ProcessInitializeOnLoadMethodAttributes (39ms)
				AfterProcessingInitializeOnLoad (0ms)
				EditorAssembliesLoaded (0ms)
			ExecutionOrderSort2 (0ms)
			AwakeInstancesAfterBackupRestoration (0ms)
Platform modules already initialized, skipping
Registering precompiled user dll's ...
Registered in 0.008293 seconds.
Begin MonoManager ReloadAssembly
Native extension for WindowsStandalone target not found
Native extension for Android target not found
Native extension for WebGL target not found
Refreshing native plugins compatible for Editor in 70.71 ms, found 4 plugins.
Preloading 0 native plugins for Editor in 0.00 ms.
Mono: successfully reloaded assembly
- Completed reload, in  1.077 seconds
Domain Reload Profiling:
	ReloadAssembly (1077ms)
		BeginReloadAssembly (192ms)
			ExecutionOrderSort (0ms)
			DisableScriptedObjects (4ms)
			BackupInstance (0ms)
			ReleaseScriptingObjects (0ms)
			CreateAndSetChildDomain (127ms)
		EndReloadAssembly (793ms)
			LoadAssemblies (108ms)
			RebuildTransferFunctionScriptingTraits (0ms)
			SetupTypeCache (211ms)
			ReleaseScriptCaches (0ms)
			RebuildScriptCaches (47ms)
			SetupLoadedEditorAssemblies (379ms)
				LogAssemblyErrors (0ms)
				InitializePlatformSupportModulesInManaged (11ms)
				SetLoadedEditorAssemblies (0ms)
				RefreshPlugins (71ms)
				BeforeProcessingInitializeOnLoad (64ms)
				ProcessInitializeOnLoadAttributes (191ms)
				ProcessInitializeOnLoadMethodAttributes (38ms)
				AfterProcessingInitializeOnLoad (5ms)
				EditorAssembliesLoaded (0ms)
			ExecutionOrderSort2 (0ms)
			AwakeInstancesAfterBackupRestoration (9ms)
Platform modules already initialized, skipping
========================================================================
Worker process is ready to serve import requests
Launched and connected shader compiler UnityShaderCompiler.exe after 0.05 seconds
Refreshing native plugins compatible for Editor in 0.69 ms, found 4 plugins.
Preloading 0 native plugins for Editor in 0.00 ms.
Unloading 4069 Unused Serialized files (Serialized files now loaded: 0)
Unloading 38 unused Assets / (56.0 KB). Loaded Objects now: 4528.
Memory consumption went from 155.6 MB to 155.5 MB.
Total: 3.488700 ms (FindLiveObjects: 0.396700 ms CreateObjectMapping: 0.116200 ms MarkObjects: 2.907900 ms  DeleteObjects: 0.066700 ms)

AssetImportParameters requested are different than current active one (requested -> active):
  custom:video-decoder-ogg-theora: a1e56fd34408186e4bbccfd4996cb3dc -> 
  custom:container-muxer-webm: aa71ff27fc2769a1b78a27578f13a17b -> 
  custom:container-demuxer-webm: 4f35f7cbe854078d1ac9338744f61a02 -> 
  custom:video-encoder-webm-vp8: eb34c28f22e8b96e1ab97ce403110664 -> 
  custom:video-codec-MediaFoundation-h265: 746d11721c4dcdbdad8f713fa42b33f4 -> 
  custom:audio-encoder-webm-vorbis: bf7c407c2cedff20999df2af8eb42d56 -> 
  custom:framework-win-MediaFoundation: 216162199b28c13a410421893ffa2e32 -> 
  custom:container-demuxer-ogg: 62fdf1f143b41e24485cea50d1cbac27 -> 
  custom:video-decoder-webm-vp8: 9c59270c3fd7afecdb556c50c9e8de78 -> 
  custom:audio-decoder-ogg-vorbis: bf7c407c2cedff20999df2af8eb42d56 -> 
========================================================================
Received Import Request.
  Time since last request: 269032.801015 seconds.
  path: Assets/Farming Asset Pack/farming-tileset_13.asset
  artifactKey: Guid(675e2f10382038c448d1c1c3a0cebdb3) Importer(815301076,1909f56bfc062723c751e8b465ee728b)
Start importing Assets/Farming Asset Pack/farming-tileset_13.asset using Guid(675e2f10382038c448d1c1c3a0cebdb3) Importer(815301076,1909f56bfc062723c751e8b465ee728b)  -> (artifact id: '38b48ee44330f2e92ef3b9ccf00ecd52') in 0.104515 seconds 
========================================================================
Received Import Request.
  Time since last request: 0.000031 seconds.
  path: Assets/Farming Asset Pack/farming-tileset_20.asset
  artifactKey: Guid(436ac2a01f01339438a93c7b64fa9f6a) Importer(815301076,1909f56bfc062723c751e8b465ee728b)
Start importing Assets/Farming Asset Pack/farming-tileset_20.asset using Guid(436ac2a01f01339438a93c7b64fa9f6a) Importer(815301076,1909f56bfc062723c751e8b465ee728b)  -> (artifact id: 'a9b83e7e16c02d4d67da4fc85b105de7') in 0.021433 seconds 
========================================================================
Received Import Request.
  Time since last request: 0.000059 seconds.
  path: Assets/Farming Asset Pack/farming-tileset_15.asset
  artifactKey: Guid(17516493453f8e74eabbaf1af217f9c5) Importer(815301076,1909f56bfc062723c751e8b465ee728b)
Start importing Assets/Farming Asset Pack/farming-tileset_15.asset using Guid(17516493453f8e74eabbaf1af217f9c5) Importer(815301076,1909f56bfc062723c751e8b465ee728b)  -> (artifact id: '8a6519e588d462ff889862dd5c081ff8') in 0.019819 seconds 
========================================================================
Received Import Request.
  Time since last request: 6.211510 seconds.
  path: Assets/Farming Asset Pack/farming-tileset_34.asset
  artifactKey: Guid(88e434d20cee5e846beb069c49790a4a) Importer(815301076,1909f56bfc062723c751e8b465ee728b)
Start importing Assets/Farming Asset Pack/farming-tileset_34.asset using Guid(88e434d20cee5e846beb069c49790a4a) Importer(815301076,1909f56bfc062723c751e8b465ee728b)  -> (artifact id: '31a928cad0011ce2d3958369fe1cf38c') in 0.018858 seconds 
========================================================================
Received Import Request.
  Time since last request: 0.000030 seconds.
  path: Assets/Farming Asset Pack/farming-tileset_35.asset
  artifactKey: Guid(c9e346bf3d38cde4a85d009e0e65a9e4) Importer(815301076,1909f56bfc062723c751e8b465ee728b)
Start importing Assets/Farming Asset Pack/farming-tileset_35.asset using Guid(c9e346bf3d38cde4a85d009e0e65a9e4) Importer(815301076,1909f56bfc062723c751e8b465ee728b)  -> (artifact id: '1b27792362308ea6aa43d88f3f00711f') in 0.018068 seconds 
========================================================================
Received Import Request.
  Time since last request: 0.000026 seconds.
  path: Assets/Farming Asset Pack/farming-tileset_43.asset
  artifactKey: Guid(c125c2d3d49b0f44b8d6d07b8d0f5426) Importer(815301076,1909f56bfc062723c751e8b465ee728b)
Start importing Assets/Farming Asset Pack/farming-tileset_43.asset using Guid(c125c2d3d49b0f44b8d6d07b8d0f5426) Importer(815301076,1909f56bfc062723c751e8b465ee728b)  -> (artifact id: '4fbde7bffbf5b0ce488810972c7a1b6a') in 0.017435 seconds 
========================================================================
Received Import Request.
  Time since last request: 0.000035 seconds.
  path: Assets/Farming Asset Pack/farming-tileset_45.asset
  artifactKey: Guid(e79dafe4bf564d84c8c4ef3feaa49f1d) Importer(815301076,1909f56bfc062723c751e8b465ee728b)
Start importing Assets/Farming Asset Pack/farming-tileset_45.asset using Guid(e79dafe4bf564d84c8c4ef3feaa49f1d) Importer(815301076,1909f56bfc062723c751e8b465ee728b)  -> (artifact id: '8ab4c058ed171005b43b1a2ae89ce9a0') in 0.022676 seconds 
========================================================================
Received Import Request.
  Time since last request: 4.086129 seconds.
  path: Assets/Farming Asset Pack/farming-tileset_52.asset
  artifactKey: Guid(e4fcf6e4172cdaa46880b909e5dac562) Importer(815301076,1909f56bfc062723c751e8b465ee728b)
Start importing Assets/Farming Asset Pack/farming-tileset_52.asset using Guid(e4fcf6e4172cdaa46880b909e5dac562) Importer(815301076,1909f56bfc062723c751e8b465ee728b)  -> (artifact id: 'b71e41c94ad0cab9378da31e27ea82db') in 0.027065 seconds 
========================================================================
Received Import Request.
  Time since last request: 0.000054 seconds.
  path: Assets/Farming Asset Pack/farming-tileset_57.asset
  artifactKey: Guid(e45e5dae9b0ad8841a4231514d6110a2) Importer(815301076,1909f56bfc062723c751e8b465ee728b)
Start importing Assets/Farming Asset Pack/farming-tileset_57.asset using Guid(e45e5dae9b0ad8841a4231514d6110a2) Importer(815301076,1909f56bfc062723c751e8b465ee728b)  -> (artifact id: 'a61ddbd146a5afe341b71fd22f752d01') in 0.020519 seconds 
========================================================================
Received Import Request.
  Time since last request: 0.106137 seconds.
  path: Assets/Farming Asset Pack/farming-tileset_61.asset
  artifactKey: Guid(a41cdd3749c6c464687d6c65020eccb3) Importer(815301076,1909f56bfc062723c751e8b465ee728b)
Start importing Assets/Farming Asset Pack/farming-tileset_61.asset using Guid(a41cdd3749c6c464687d6c65020eccb3) Importer(815301076,1909f56bfc062723c751e8b465ee728b)  -> (artifact id: '9f257db0649eb356849e73cf36c8959e') in 0.023408 seconds 
========================================================================
Received Import Request.
  Time since last request: 0.000040 seconds.
  path: Assets/Farming Asset Pack/farming-tileset_63.asset
  artifactKey: Guid(4a426c283ba961840b70634c68e54c4a) Importer(815301076,1909f56bfc062723c751e8b465ee728b)
Start importing Assets/Farming Asset Pack/farming-tileset_63.asset using Guid(4a426c283ba961840b70634c68e54c4a) Importer(815301076,1909f56bfc062723c751e8b465ee728b)  -> (artifact id: '7c9673414a21ce7e176ca4f6d0cacfa6') in 0.026042 seconds 
========================================================================
Received Import Request.
  Time since last request: 0.000035 seconds.
  path: Assets/Farming Asset Pack/farming-tileset_70.asset
  artifactKey: Guid(4a47e179b2e2b47458bb9ec37f3c4d2d) Importer(815301076,1909f56bfc062723c751e8b465ee728b)
Start importing Assets/Farming Asset Pack/farming-tileset_70.asset using Guid(4a47e179b2e2b47458bb9ec37f3c4d2d) Importer(815301076,1909f56bfc062723c751e8b465ee728b)  -> (artifact id: '8903ac1e083abbe1b968789db8cc449a') in 0.018488 seconds 
========================================================================
Received Import Request.
  Time since last request: 0.000027 seconds.
  path: Assets/Farming Asset Pack/farming-tileset_77.asset
  artifactKey: Guid(e93f57350abc5ba45bfe676d9471a937) Importer(815301076,1909f56bfc062723c751e8b465ee728b)
Start importing Assets/Farming Asset Pack/farming-tileset_77.asset using Guid(e93f57350abc5ba45bfe676d9471a937) Importer(815301076,1909f56bfc062723c751e8b465ee728b)  -> (artifact id: '5ff3f1ace215fa4b21dfd4259982547f') in 0.025124 seconds 
========================================================================
Received Import Request.
  Time since last request: 0.000025 seconds.
  path: Assets/Farming Asset Pack/farming-tileset_78.asset
  artifactKey: Guid(9255554c1cd408e41af1ca71332af95a) Importer(815301076,1909f56bfc062723c751e8b465ee728b)
Start importing Assets/Farming Asset Pack/farming-tileset_78.asset using Guid(9255554c1cd408e41af1ca71332af95a) Importer(815301076,1909f56bfc062723c751e8b465ee728b)  -> (artifact id: '46c4d69362d7c264bc4b5e3c15e81d84') in 0.022810 seconds 
========================================================================
Received Import Request.
  Time since last request: 0.000032 seconds.
  path: Assets/Farming Asset Pack/farming-tileset_74.asset
  artifactKey: Guid(ef75d9f40ffbd674f992886a5bbb19bc) Importer(815301076,1909f56bfc062723c751e8b465ee728b)
Start importing Assets/Farming Asset Pack/farming-tileset_74.asset using Guid(ef75d9f40ffbd674f992886a5bbb19bc) Importer(815301076,1909f56bfc062723c751e8b465ee728b)  -> (artifact id: '8b2adcba4141353468079dd3549c9b9a') in 0.023336 seconds 
========================================================================
Received Import Request.
  Time since last request: 0.000035 seconds.
  path: Assets/Farming Asset Pack/farming-tileset_72.asset
  artifactKey: Guid(6b23ac354a617684993021828cc056fa) Importer(815301076,1909f56bfc062723c751e8b465ee728b)
Start importing Assets/Farming Asset Pack/farming-tileset_72.asset using Guid(6b23ac354a617684993021828cc056fa) Importer(815301076,1909f56bfc062723c751e8b465ee728b)  -> (artifact id: '0ccde6033a3922453c63392fad96433d') in 0.023108 seconds 
========================================================================
Received Import Request.
  Time since last request: 0.042163 seconds.
  path: Assets/Farming Asset Pack/farming-tileset_88.asset
  artifactKey: Guid(d30a8e01af53ba34cba768d15b5706a0) Importer(815301076,1909f56bfc062723c751e8b465ee728b)
Start importing Assets/Farming Asset Pack/farming-tileset_88.asset using Guid(d30a8e01af53ba34cba768d15b5706a0) Importer(815301076,1909f56bfc062723c751e8b465ee728b)  -> (artifact id: 'c118fb543b934668093b34c9020e9e6c') in 0.028327 seconds 
========================================================================
Received Import Request.
  Time since last request: 0.000104 seconds.
  path: Assets/Farming Asset Pack/farming-tileset_99.asset
  artifactKey: Guid(78560ed77de029e4bbdb6d5181b370de) Importer(815301076,1909f56bfc062723c751e8b465ee728b)
Start importing Assets/Farming Asset Pack/farming-tileset_99.asset using Guid(78560ed77de029e4bbdb6d5181b370de) Importer(815301076,1909f56bfc062723c751e8b465ee728b)  -> (artifact id: '10d6a5c4bdf23ea0898a3047202b5e4b') in 0.022777 seconds 
========================================================================
Received Import Request.
  Time since last request: 0.000075 seconds.
  path: Assets/Farming Asset Pack/farming-tileset_107.asset
  artifactKey: Guid(6b5912f0726d6304a9f3d0cb1122b0ae) Importer(815301076,1909f56bfc062723c751e8b465ee728b)
Start importing Assets/Farming Asset Pack/farming-tileset_107.asset using Guid(6b5912f0726d6304a9f3d0cb1122b0ae) Importer(815301076,1909f56bfc062723c751e8b465ee728b)  -> (artifact id: '17b4572040767b6e95d58313b2da9557') in 0.026514 seconds 
========================================================================
Received Import Request.
  Time since last request: 0.000027 seconds.
  path: Assets/Farming Asset Pack/farming-tileset_92.asset
  artifactKey: Guid(c46e46cedb651974a99b6b80893c2ef1) Importer(815301076,1909f56bfc062723c751e8b465ee728b)
Start importing Assets/Farming Asset Pack/farming-tileset_92.asset using Guid(c46e46cedb651974a99b6b80893c2ef1) Importer(815301076,1909f56bfc062723c751e8b465ee728b)  -> (artifact id: '6c267a826adca60a39b614abb28bccd2') in 0.020663 seconds 
========================================================================
Received Import Request.
  Time since last request: 0.000089 seconds.
  path: Assets/Farming Asset Pack/farming-tileset_98.asset
  artifactKey: Guid(bf804819603e1094cac9a403bc09937f) Importer(815301076,1909f56bfc062723c751e8b465ee728b)
Start importing Assets/Farming Asset Pack/farming-tileset_98.asset using Guid(bf804819603e1094cac9a403bc09937f) Importer(815301076,1909f56bfc062723c751e8b465ee728b)  -> (artifact id: 'c0ce2b0c8da02df6e4a8693b4f2c2334') in 0.022953 seconds 
========================================================================
Received Import Request.
  Time since last request: 0.000030 seconds.
  path: Assets/Farming Asset Pack/farming-tileset_89.asset
  artifactKey: Guid(455dbca11e609024c8e3e7ac041e6726) Importer(815301076,1909f56bfc062723c751e8b465ee728b)
Start importing Assets/Farming Asset Pack/farming-tileset_89.asset using Guid(455dbca11e609024c8e3e7ac041e6726) Importer(815301076,1909f56bfc062723c751e8b465ee728b)  -> (artifact id: 'a17b3a419aae9c10859b0772c76cf1ac') in 0.021896 seconds 
========================================================================
Received Import Request.
  Time since last request: 0.045247 seconds.
  path: Assets/Farming Asset Pack/farming-tileset_115.asset
  artifactKey: Guid(5a4ee71d5ba12f049a1566cad7da6957) Importer(815301076,1909f56bfc062723c751e8b465ee728b)
Start importing Assets/Farming Asset Pack/farming-tileset_115.asset using Guid(5a4ee71d5ba12f049a1566cad7da6957) Importer(815301076,1909f56bfc062723c751e8b465ee728b)  -> (artifact id: '3c02730ae0c89c69c011f2dfcb586bee') in 0.017740 seconds 
========================================================================
Received Import Request.
  Time since last request: 0.000024 seconds.
  path: Assets/Farming Asset Pack/farming-tileset_119.asset
  artifactKey: Guid(ade20ff9b15119941ba7c2f183bdddc3) Importer(815301076,1909f56bfc062723c751e8b465ee728b)
Start importing Assets/Farming Asset Pack/farming-tileset_119.asset using Guid(ade20ff9b15119941ba7c2f183bdddc3) Importer(815301076,1909f56bfc062723c751e8b465ee728b)  -> (artifact id: '0203dcabe28f6d0b962b68cf6e33878e') in 0.025593 seconds 
========================================================================
Received Import Request.
  Time since last request: 0.000030 seconds.
  path: Assets/Farming Asset Pack/farming-tileset_123.asset
  artifactKey: Guid(16fac52826f1fbc428fbba1d0285ecad) Importer(815301076,1909f56bfc062723c751e8b465ee728b)
Start importing Assets/Farming Asset Pack/farming-tileset_123.asset using Guid(16fac52826f1fbc428fbba1d0285ecad) Importer(815301076,1909f56bfc062723c751e8b465ee728b)  -> (artifact id: 'ee85e2d32cc832d5522a52ab86e91dbf') in 0.023864 seconds 
========================================================================
Received Import Request.
  Time since last request: 0.000049 seconds.
  path: Assets/Farming Asset Pack/farming-tileset_127.asset
  artifactKey: Guid(671fe38b01e46e24686fe13e98f64515) Importer(815301076,1909f56bfc062723c751e8b465ee728b)
Start importing Assets/Farming Asset Pack/farming-tileset_127.asset using Guid(671fe38b01e46e24686fe13e98f64515) Importer(815301076,1909f56bfc062723c751e8b465ee728b)  -> (artifact id: '8b5cb119042825daae8ad07e2524fb29') in 0.027250 seconds 
========================================================================
Received Import Request.
  Time since last request: 0.082896 seconds.
  path: Assets/Farming Asset Pack/farming-tileset_133.asset
  artifactKey: Guid(efe30ba4ae059cf46b687c3d1640ea1d) Importer(815301076,1909f56bfc062723c751e8b465ee728b)
Start importing Assets/Farming Asset Pack/farming-tileset_133.asset using Guid(efe30ba4ae059cf46b687c3d1640ea1d) Importer(815301076,1909f56bfc062723c751e8b465ee728b)  -> (artifact id: '292cfcca35b187a538fea9e8aea2565c') in 0.023936 seconds 
========================================================================
Received Import Request.
  Time since last request: 0.000034 seconds.
  path: Assets/Farming Asset Pack/farming-tileset_135.asset
  artifactKey: Guid(b061f456391c30341a9e65c35b65627d) Importer(815301076,1909f56bfc062723c751e8b465ee728b)
Start importing Assets/Farming Asset Pack/farming-tileset_135.asset using Guid(b061f456391c30341a9e65c35b65627d) Importer(815301076,1909f56bfc062723c751e8b465ee728b)  -> (artifact id: '835da0f5279e38ecfe0703c91a3b4545') in 0.024414 seconds 
========================================================================
Received Import Request.
  Time since last request: 0.000027 seconds.
  path: Assets/Farming Asset Pack/farming-tileset_140.asset
  artifactKey: Guid(f5e0d6c8ff1065848a2b7e3780a95066) Importer(815301076,1909f56bfc062723c751e8b465ee728b)
Start importing Assets/Farming Asset Pack/farming-tileset_140.asset using Guid(f5e0d6c8ff1065848a2b7e3780a95066) Importer(815301076,1909f56bfc062723c751e8b465ee728b)  -> (artifact id: 'ab1e4db77e2817c3746b7d30ea628902') in 0.028820 seconds 
========================================================================
Received Import Request.
  Time since last request: 0.000028 seconds.
  path: Assets/Farming Asset Pack/farming-tileset_138.asset
  artifactKey: Guid(3e1e495c0ed526b46beb96b9df3409db) Importer(815301076,1909f56bfc062723c751e8b465ee728b)
Start importing Assets/Farming Asset Pack/farming-tileset_138.asset using Guid(3e1e495c0ed526b46beb96b9df3409db) Importer(815301076,1909f56bfc062723c751e8b465ee728b)  -> (artifact id: '7aa205dd905112675a5a9ca6099e481b') in 0.020897 seconds 
========================================================================
Received Import Request.
  Time since last request: 0.094324 seconds.
  path: Assets/Farming Asset Pack/farming-tileset_151.asset
  artifactKey: Guid(5f5e1b432bb4f314aa6a8a75d34d72f2) Importer(815301076,1909f56bfc062723c751e8b465ee728b)
Start importing Assets/Farming Asset Pack/farming-tileset_151.asset using Guid(5f5e1b432bb4f314aa6a8a75d34d72f2) Importer(815301076,1909f56bfc062723c751e8b465ee728b)  -> (artifact id: '86389dd84adf11d2837341701aad37a2') in 0.023502 seconds 
========================================================================
Received Import Request.
  Time since last request: 0.000030 seconds.
  path: Assets/Farming Asset Pack/farming-tileset_152.asset
  artifactKey: Guid(af14c17f943a0fe4492f254c8bdfe8df) Importer(815301076,1909f56bfc062723c751e8b465ee728b)
Start importing Assets/Farming Asset Pack/farming-tileset_152.asset using Guid(af14c17f943a0fe4492f254c8bdfe8df) Importer(815301076,1909f56bfc062723c751e8b465ee728b)  -> (artifact id: '5339b811fe9d92889233a5f347029b26') in 0.026022 seconds 
========================================================================
Received Import Request.
  Time since last request: 118.539486 seconds.
  path: Assets/Sprites/Tile palettes/墙面挂饰_27.asset
  artifactKey: Guid(50eb4bcfbf07ffe428d252ccfef29703) Importer(815301076,1909f56bfc062723c751e8b465ee728b)
Start importing Assets/Sprites/Tile palettes/墙面挂饰_27.asset using Guid(50eb4bcfbf07ffe428d252ccfef29703) Importer(815301076,1909f56bfc062723c751e8b465ee728b)  -> (artifact id: '3f831e221cf820bdeca5fd8195465c11') in 0.031154 seconds 
========================================================================
Received Import Request.
  Time since last request: 0.018762 seconds.
  path: Assets/Sprites/Tile palettes/墙面挂饰_30.asset
  artifactKey: Guid(af2df6ec28a10ef42a71fbfa7cfe1be2) Importer(815301076,1909f56bfc062723c751e8b465ee728b)
Start importing Assets/Sprites/Tile palettes/墙面挂饰_30.asset using Guid(af2df6ec28a10ef42a71fbfa7cfe1be2) Importer(815301076,1909f56bfc062723c751e8b465ee728b)  -> (artifact id: '43678ba949be447c36b53328541c236a') in 0.025171 seconds 
========================================================================
Received Import Request.
  Time since last request: 0.000027 seconds.
  path: Assets/Sprites/Tile palettes/墙面挂饰_33.asset
  artifactKey: Guid(2024efbe15b77394bbf1905006981dca) Importer(815301076,1909f56bfc062723c751e8b465ee728b)
Start importing Assets/Sprites/Tile palettes/墙面挂饰_33.asset using Guid(2024efbe15b77394bbf1905006981dca) Importer(815301076,1909f56bfc062723c751e8b465ee728b)  -> (artifact id: '414ec21f64ef7c8d3d8407f284866a02') in 0.024154 seconds 
========================================================================
Received Import Request.
  Time since last request: 0.000034 seconds.
  path: Assets/Sprites/Tile palettes/墙面挂饰_35.asset
  artifactKey: Guid(e72a18f2843584441a3e811985d16c49) Importer(815301076,1909f56bfc062723c751e8b465ee728b)
Start importing Assets/Sprites/Tile palettes/墙面挂饰_35.asset using Guid(e72a18f2843584441a3e811985d16c49) Importer(815301076,1909f56bfc062723c751e8b465ee728b)  -> (artifact id: '5558bb1ed7c2e7e7ecc6d43c91018740') in 0.025167 seconds 
========================================================================
Received Import Request.
  Time since last request: 0.000024 seconds.
  path: Assets/Sprites/Tile palettes/墙面挂饰_31.asset
  artifactKey: Guid(e59c8a4edeb45014bb78c9715820db27) Importer(815301076,1909f56bfc062723c751e8b465ee728b)
Start importing Assets/Sprites/Tile palettes/墙面挂饰_31.asset using Guid(e59c8a4edeb45014bb78c9715820db27) Importer(815301076,1909f56bfc062723c751e8b465ee728b)  -> (artifact id: 'bbb817579415d508a8be4e3a82a55d2f') in 0.023945 seconds 
========================================================================
Received Import Request.
  Time since last request: 0.000024 seconds.
  path: Assets/Sprites/Tile palettes/墙面挂饰_28.asset
  artifactKey: Guid(8de8415d3c9068b4aa8ccb1c5be7b325) Importer(815301076,1909f56bfc062723c751e8b465ee728b)
Start importing Assets/Sprites/Tile palettes/墙面挂饰_28.asset using Guid(8de8415d3c9068b4aa8ccb1c5be7b325) Importer(815301076,1909f56bfc062723c751e8b465ee728b)  -> (artifact id: '9c3de6129b53e584c6b8723941c11d80') in 0.022932 seconds 
========================================================================
Received Import Request.
  Time since last request: 0.000022 seconds.
  path: Assets/Sprites/Tile palettes/墙面挂饰_29.asset
  artifactKey: Guid(b87bdc48b741f034dbafff3da52270a3) Importer(815301076,1909f56bfc062723c751e8b465ee728b)
Start importing Assets/Sprites/Tile palettes/墙面挂饰_29.asset using Guid(b87bdc48b741f034dbafff3da52270a3) Importer(815301076,1909f56bfc062723c751e8b465ee728b)  -> (artifact id: '5c7cdedd05b7d79ecaa88b740886b3ce') in 0.023534 seconds 
========================================================================
Received Import Request.
  Time since last request: 0.000023 seconds.
  path: Assets/Sprites/Tile palettes/墙面挂饰_34.asset
  artifactKey: Guid(e4a257a4cb62bd34997b2292a1ea6b3c) Importer(815301076,1909f56bfc062723c751e8b465ee728b)
Start importing Assets/Sprites/Tile palettes/墙面挂饰_34.asset using Guid(e4a257a4cb62bd34997b2292a1ea6b3c) Importer(815301076,1909f56bfc062723c751e8b465ee728b)  -> (artifact id: 'dbc5ffdca3c888a2adb3f0cf05d19478') in 0.021982 seconds 
========================================================================
Received Import Request.
  Time since last request: 0.000026 seconds.
  path: Assets/Sprites/Tile palettes/墙面挂饰_32.asset
  artifactKey: Guid(329f289f96cd86841af2399770b5cb8c) Importer(815301076,1909f56bfc062723c751e8b465ee728b)
Start importing Assets/Sprites/Tile palettes/墙面挂饰_32.asset using Guid(329f289f96cd86841af2399770b5cb8c) Importer(815301076,1909f56bfc062723c751e8b465ee728b)  -> (artifact id: 'c80ee200c6cc47cfb412d4cb6363862d') in 0.024687 seconds 
========================================================================
Received Import Request.
  Time since last request: 0.000038 seconds.
  path: Assets/Sprites/Tile palettes/墙面挂饰_36.asset
  artifactKey: Guid(a4286f2b20b8b1c4fb8f31dc4e03251f) Importer(815301076,1909f56bfc062723c751e8b465ee728b)
Start importing Assets/Sprites/Tile palettes/墙面挂饰_36.asset using Guid(a4286f2b20b8b1c4fb8f31dc4e03251f) Importer(815301076,1909f56bfc062723c751e8b465ee728b)  -> (artifact id: 'c2c462f146b6258fdcfc1bd6f4b49283') in 0.021313 seconds 
========================================================================
Received Import Request.
  Time since last request: 0.000029 seconds.
  path: Assets/Sprites/Tile palettes/墙面挂饰_42.asset
  artifactKey: Guid(3dd322cd8b607af42b9db80ccb534206) Importer(815301076,1909f56bfc062723c751e8b465ee728b)
Start importing Assets/Sprites/Tile palettes/墙面挂饰_42.asset using Guid(3dd322cd8b607af42b9db80ccb534206) Importer(815301076,1909f56bfc062723c751e8b465ee728b)  -> (artifact id: 'e202d5db85fc6236bc08c4da3b09b6f9') in 0.022336 seconds 
========================================================================
Received Import Request.
  Time since last request: 0.000028 seconds.
  path: Assets/Sprites/Tile palettes/墙面挂饰_47.asset
  artifactKey: Guid(7b4fc09f8f2b3174bbbca2e8df53fc3e) Importer(815301076,1909f56bfc062723c751e8b465ee728b)
Start importing Assets/Sprites/Tile palettes/墙面挂饰_47.asset using Guid(7b4fc09f8f2b3174bbbca2e8df53fc3e) Importer(815301076,1909f56bfc062723c751e8b465ee728b)  -> (artifact id: '137b89b84dbb58a66668f8081e13b054') in 0.021416 seconds 
========================================================================
Received Import Request.
  Time since last request: 0.000038 seconds.
  path: Assets/Sprites/Tile palettes/墙面挂饰_50.asset
  artifactKey: Guid(f735aef8f7bf2f04a9557343376d15a3) Importer(815301076,1909f56bfc062723c751e8b465ee728b)
Start importing Assets/Sprites/Tile palettes/墙面挂饰_50.asset using Guid(f735aef8f7bf2f04a9557343376d15a3) Importer(815301076,1909f56bfc062723c751e8b465ee728b)  -> (artifact id: '59e332b2c99c6e60e499b899e9626d7a') in 0.022459 seconds 
========================================================================
Received Import Request.
  Time since last request: 0.000020 seconds.
  path: Assets/Sprites/Tile palettes/墙面挂饰_52.asset
  artifactKey: Guid(514ffa7a56cad8340a5db7c3be2a4186) Importer(815301076,1909f56bfc062723c751e8b465ee728b)
Start importing Assets/Sprites/Tile palettes/墙面挂饰_52.asset using Guid(514ffa7a56cad8340a5db7c3be2a4186) Importer(815301076,1909f56bfc062723c751e8b465ee728b)  -> (artifact id: '446b0d59327227497bfa3ac33c9a7297') in 0.021272 seconds 
========================================================================
Received Import Request.
  Time since last request: 0.000026 seconds.
  path: Assets/Sprites/Tile palettes/墙面挂饰_51.asset
  artifactKey: Guid(c083be73210187f4e94e78b4605e0bf6) Importer(815301076,1909f56bfc062723c751e8b465ee728b)
Start importing Assets/Sprites/Tile palettes/墙面挂饰_51.asset using Guid(c083be73210187f4e94e78b4605e0bf6) Importer(815301076,1909f56bfc062723c751e8b465ee728b)  -> (artifact id: '3a540b0750adac480b5e21e49b890048') in 0.024413 seconds 
========================================================================
Received Import Request.
  Time since last request: 0.000023 seconds.
  path: Assets/Sprites/Tile palettes/墙面挂饰_46.asset
  artifactKey: Guid(efddef8e854532a40aa1bf1cc3fee96b) Importer(815301076,1909f56bfc062723c751e8b465ee728b)
Start importing Assets/Sprites/Tile palettes/墙面挂饰_46.asset using Guid(efddef8e854532a40aa1bf1cc3fee96b) Importer(815301076,1909f56bfc062723c751e8b465ee728b)  -> (artifact id: '65d401e308f6a5541896cd7f39905e90') in 0.021735 seconds 
========================================================================
Received Import Request.
  Time since last request: 0.000020 seconds.
  path: Assets/Sprites/Tile palettes/墙面挂饰_43.asset
  artifactKey: Guid(b32d4158fbaee9c4888e5c0c766e0f1d) Importer(815301076,1909f56bfc062723c751e8b465ee728b)
Start importing Assets/Sprites/Tile palettes/墙面挂饰_43.asset using Guid(b32d4158fbaee9c4888e5c0c766e0f1d) Importer(815301076,1909f56bfc062723c751e8b465ee728b)  -> (artifact id: 'd3face58cf78ff567d91607ab91020c2') in 0.021179 seconds 
========================================================================
Received Import Request.
  Time since last request: 0.000022 seconds.
  path: Assets/Sprites/Tile palettes/墙面挂饰_44.asset
  artifactKey: Guid(1c4fb2e1ca77263458433a5514019931) Importer(815301076,1909f56bfc062723c751e8b465ee728b)
Start importing Assets/Sprites/Tile palettes/墙面挂饰_44.asset using Guid(1c4fb2e1ca77263458433a5514019931) Importer(815301076,1909f56bfc062723c751e8b465ee728b)  -> (artifact id: 'd4e1381f6982c1cad4f1bd1eb7014758') in 0.021116 seconds 
========================================================================
Received Import Request.
  Time since last request: 0.000021 seconds.
  path: Assets/Sprites/Tile palettes/墙面挂饰_39.asset
  artifactKey: Guid(1ab901357da3ab64ebfb2e9286ebfeda) Importer(815301076,1909f56bfc062723c751e8b465ee728b)
Start importing Assets/Sprites/Tile palettes/墙面挂饰_39.asset using Guid(1ab901357da3ab64ebfb2e9286ebfeda) Importer(815301076,1909f56bfc062723c751e8b465ee728b)  -> (artifact id: 'f5ba17639e61ef13b07650f405fc4853') in 0.020420 seconds 
========================================================================
Received Import Request.
  Time since last request: 0.000018 seconds.
  path: Assets/Sprites/Tile palettes/墙面挂饰_54.asset
  artifactKey: Guid(bf168511ea5a26d40bf803b913cd75ac) Importer(815301076,1909f56bfc062723c751e8b465ee728b)
Start importing Assets/Sprites/Tile palettes/墙面挂饰_54.asset using Guid(bf168511ea5a26d40bf803b913cd75ac) Importer(815301076,1909f56bfc062723c751e8b465ee728b)  -> (artifact id: '662765e58ed632f086d7e9d1aae2a342') in 0.018483 seconds 
========================================================================
Received Import Request.
  Time since last request: 0.000027 seconds.
  path: Assets/Sprites/Tile palettes/墙面挂饰_61.asset
  artifactKey: Guid(295be1ee9aa2cfe46a46b3746ec3adb7) Importer(815301076,1909f56bfc062723c751e8b465ee728b)
Start importing Assets/Sprites/Tile palettes/墙面挂饰_61.asset using Guid(295be1ee9aa2cfe46a46b3746ec3adb7) Importer(815301076,1909f56bfc062723c751e8b465ee728b)  -> (artifact id: '7bd55cc3f6c00d04ee5bb5717fc9c1d9') in 0.018931 seconds 
========================================================================
Received Import Request.
  Time since last request: 0.000030 seconds.
  path: Assets/Sprites/Tile palettes/墙面挂饰_63.asset
  artifactKey: Guid(896acd490ba40c842b809fec8edef8c0) Importer(815301076,1909f56bfc062723c751e8b465ee728b)
Start importing Assets/Sprites/Tile palettes/墙面挂饰_63.asset using Guid(896acd490ba40c842b809fec8edef8c0) Importer(815301076,1909f56bfc062723c751e8b465ee728b)  -> (artifact id: 'b22252426dd236aea01eae1169cb6419') in 0.019693 seconds 
========================================================================
Received Import Request.
  Time since last request: 0.000031 seconds.
  path: Assets/Sprites/Tile palettes/墙面挂饰_69.asset
  artifactKey: Guid(b110e8ca883a23b40b7a96277e49cef8) Importer(815301076,1909f56bfc062723c751e8b465ee728b)
Start importing Assets/Sprites/Tile palettes/墙面挂饰_69.asset using Guid(b110e8ca883a23b40b7a96277e49cef8) Importer(815301076,1909f56bfc062723c751e8b465ee728b)  -> (artifact id: '8b626e96da6449d62cc9c4404ad38a31') in 0.023963 seconds 
========================================================================
Received Import Request.
  Time since last request: 0.000025 seconds.
  path: Assets/Sprites/Tile palettes/墙面挂饰_67.asset
  artifactKey: Guid(94203bc3e09f8664b80f43366a8a1c70) Importer(815301076,1909f56bfc062723c751e8b465ee728b)
Start importing Assets/Sprites/Tile palettes/墙面挂饰_67.asset using Guid(94203bc3e09f8664b80f43366a8a1c70) Importer(815301076,1909f56bfc062723c751e8b465ee728b)  -> (artifact id: '9ed328723a37140f25210b79134f9093') in 0.021837 seconds 
========================================================================
Received Import Request.
  Time since last request: 0.000025 seconds.
  path: Assets/Sprites/Tile palettes/墙面挂饰_55.asset
  artifactKey: Guid(11f086e261aa61841b16e0696cbe8471) Importer(815301076,1909f56bfc062723c751e8b465ee728b)
Start importing Assets/Sprites/Tile palettes/墙面挂饰_55.asset using Guid(11f086e261aa61841b16e0696cbe8471) Importer(815301076,1909f56bfc062723c751e8b465ee728b)  -> (artifact id: '8359e5685fca924e4299877e66bdc10b') in 0.021434 seconds 
========================================================================
Received Import Request.
  Time since last request: 0.000022 seconds.
  path: Assets/Sprites/Tile palettes/墙面挂饰_70.asset
  artifactKey: Guid(6520654ec9cdfd74f89dfc41bead4a86) Importer(815301076,1909f56bfc062723c751e8b465ee728b)
Start importing Assets/Sprites/Tile palettes/墙面挂饰_70.asset using Guid(6520654ec9cdfd74f89dfc41bead4a86) Importer(815301076,1909f56bfc062723c751e8b465ee728b)  -> (artifact id: '00d7a92691da8a0034a1e98d84e9eaee') in 0.021109 seconds 
========================================================================
Received Import Request.
  Time since last request: 0.000023 seconds.
  path: Assets/Sprites/Tile palettes/墙面挂饰_66.asset
  artifactKey: Guid(a2054f3abeaec1d4aa02920169b69403) Importer(815301076,1909f56bfc062723c751e8b465ee728b)
Start importing Assets/Sprites/Tile palettes/墙面挂饰_66.asset using Guid(a2054f3abeaec1d4aa02920169b69403) Importer(815301076,1909f56bfc062723c751e8b465ee728b)  -> (artifact id: '4e322c69841f40d0a5c627a244d571bf') in 0.023190 seconds 
========================================================================
Received Import Request.
  Time since last request: 0.000018 seconds.
  path: Assets/Sprites/Tile palettes/墙面挂饰_68.asset
  artifactKey: Guid(4c6d98f82b1c14f48a234ef868a5c0ff) Importer(815301076,1909f56bfc062723c751e8b465ee728b)
Start importing Assets/Sprites/Tile palettes/墙面挂饰_68.asset using Guid(4c6d98f82b1c14f48a234ef868a5c0ff) Importer(815301076,1909f56bfc062723c751e8b465ee728b)  -> (artifact id: '25a5f14970b8747de12276ce75ec6323') in 0.019178 seconds 
========================================================================
Received Import Request.
  Time since last request: 0.000021 seconds.
  path: Assets/Sprites/Tile palettes/天台1_1.asset
  artifactKey: Guid(40d01f773c0bf934b8608aae15c493b2) Importer(815301076,1909f56bfc062723c751e8b465ee728b)
Start importing Assets/Sprites/Tile palettes/天台1_1.asset using Guid(40d01f773c0bf934b8608aae15c493b2) Importer(815301076,1909f56bfc062723c751e8b465ee728b)  -> (artifact id: '8f288b6309f0324c9f4dbeae52bf4492') in 0.025063 seconds 
========================================================================
Received Import Request.
  Time since last request: 0.000024 seconds.
  path: Assets/Sprites/Tile palettes/天台1_3.asset
  artifactKey: Guid(27a4c7b0a482f3f45a81b55e2ff95e86) Importer(815301076,1909f56bfc062723c751e8b465ee728b)
Start importing Assets/Sprites/Tile palettes/天台1_3.asset using Guid(27a4c7b0a482f3f45a81b55e2ff95e86) Importer(815301076,1909f56bfc062723c751e8b465ee728b)  -> (artifact id: '3231b2aa4fbfeb5992f1b4c2be2307ad') in 0.021122 seconds 
========================================================================
Received Import Request.
  Time since last request: 0.000034 seconds.
  path: Assets/Sprites/Tile palettes/天台1_9.asset
  artifactKey: Guid(da2c43551dd7bca479b81393fcea41ed) Importer(815301076,1909f56bfc062723c751e8b465ee728b)
Start importing Assets/Sprites/Tile palettes/天台1_9.asset using Guid(da2c43551dd7bca479b81393fcea41ed) Importer(815301076,1909f56bfc062723c751e8b465ee728b)  -> (artifact id: '2825ee91c484b7c0dcfe9e14e529aabd') in 0.025156 seconds 
========================================================================
Received Import Request.
  Time since last request: 0.000031 seconds.
  path: Assets/Sprites/Tile palettes/天台1_11.asset
  artifactKey: Guid(f869611b956d7134b9fc0101b8eb753b) Importer(815301076,1909f56bfc062723c751e8b465ee728b)
Start importing Assets/Sprites/Tile palettes/天台1_11.asset using Guid(f869611b956d7134b9fc0101b8eb753b) Importer(815301076,1909f56bfc062723c751e8b465ee728b)  -> (artifact id: 'aec39c028381beb479d8d880b92179f3') in 0.023037 seconds 
========================================================================
Received Import Request.
  Time since last request: 0.000019 seconds.
  path: Assets/Sprites/Tile palettes/天台1_8.asset
  artifactKey: Guid(a46525b0abe60d44f8ad0fccc85f1d8a) Importer(815301076,1909f56bfc062723c751e8b465ee728b)
Start importing Assets/Sprites/Tile palettes/天台1_8.asset using Guid(a46525b0abe60d44f8ad0fccc85f1d8a) Importer(815301076,1909f56bfc062723c751e8b465ee728b)  -> (artifact id: '11b9e5cebfb0f65ae53b7a285b263da4') in 0.020075 seconds 
========================================================================
Received Import Request.
  Time since last request: 0.000021 seconds.
  path: Assets/Sprites/Tile palettes/天台1_6.asset
  artifactKey: Guid(2352fc993210845468d29d1e8be5d26e) Importer(815301076,1909f56bfc062723c751e8b465ee728b)
Start importing Assets/Sprites/Tile palettes/天台1_6.asset using Guid(2352fc993210845468d29d1e8be5d26e) Importer(815301076,1909f56bfc062723c751e8b465ee728b)  -> (artifact id: '9e59f19fcae8c15e546007038b91abf0') in 0.020569 seconds 
========================================================================
Received Import Request.
  Time since last request: 0.000021 seconds.
  path: Assets/Sprites/Tile palettes/墙面挂饰_74.asset
  artifactKey: Guid(1c9fcf2f15bab2f46838d44365752706) Importer(815301076,1909f56bfc062723c751e8b465ee728b)
Start importing Assets/Sprites/Tile palettes/墙面挂饰_74.asset using Guid(1c9fcf2f15bab2f46838d44365752706) Importer(815301076,1909f56bfc062723c751e8b465ee728b)  -> (artifact id: '001ac9fd2976c2972bb1a010558e33c1') in 0.023512 seconds 
========================================================================
Received Import Request.
  Time since last request: 0.000020 seconds.
  path: Assets/Sprites/Tile palettes/天台1_0.asset
  artifactKey: Guid(876e2ec5b6ed4e54f890b11fce2cc10a) Importer(815301076,1909f56bfc062723c751e8b465ee728b)
Start importing Assets/Sprites/Tile palettes/天台1_0.asset using Guid(876e2ec5b6ed4e54f890b11fce2cc10a) Importer(815301076,1909f56bfc062723c751e8b465ee728b)  -> (artifact id: '7c6c0f07e5da4ff38d1126f2064faf6c') in 0.022160 seconds 
========================================================================
Received Import Request.
  Time since last request: 0.000022 seconds.
  path: Assets/Sprites/Tile palettes/天台1_15.asset
  artifactKey: Guid(16bbcaa9b1ebed54583feaaa48721e02) Importer(815301076,1909f56bfc062723c751e8b465ee728b)
Start importing Assets/Sprites/Tile palettes/天台1_15.asset using Guid(16bbcaa9b1ebed54583feaaa48721e02) Importer(815301076,1909f56bfc062723c751e8b465ee728b)  -> (artifact id: '9fa25b1ff0fd7258945db5e2a7ce2a33') in 0.018544 seconds 
========================================================================
Received Import Request.
  Time since last request: 0.000018 seconds.
  path: Assets/Sprites/Tile palettes/天台1_18.asset
  artifactKey: Guid(e41985cdae24f5347ac46cc9c4be7494) Importer(815301076,1909f56bfc062723c751e8b465ee728b)
Start importing Assets/Sprites/Tile palettes/天台1_18.asset using Guid(e41985cdae24f5347ac46cc9c4be7494) Importer(815301076,1909f56bfc062723c751e8b465ee728b)  -> (artifact id: '9d4dace7eec71ba2b6974eb065bbd99a') in 0.019084 seconds 
========================================================================
Received Import Request.
  Time since last request: 0.000022 seconds.
  path: Assets/Sprites/Tile palettes/天台1_14.asset
  artifactKey: Guid(dde54c9a97ba55949a0c837c680c19d9) Importer(815301076,1909f56bfc062723c751e8b465ee728b)
Start importing Assets/Sprites/Tile palettes/天台1_14.asset using Guid(dde54c9a97ba55949a0c837c680c19d9) Importer(815301076,1909f56bfc062723c751e8b465ee728b)  -> (artifact id: '5fb8147c26a56c8b8b73269c02eff0e1') in 0.020241 seconds 
========================================================================
Received Import Request.
  Time since last request: 0.000031 seconds.
  path: Assets/Sprites/Tile palettes/天台1_22.asset
  artifactKey: Guid(21f6e300e7be33d45a62185fd4f6b7f1) Importer(815301076,1909f56bfc062723c751e8b465ee728b)
Start importing Assets/Sprites/Tile palettes/天台1_22.asset using Guid(21f6e300e7be33d45a62185fd4f6b7f1) Importer(815301076,1909f56bfc062723c751e8b465ee728b)  -> (artifact id: '7b8dcf83f17838bef9109b46652cc536') in 0.023571 seconds 
========================================================================
Received Import Request.
  Time since last request: 0.000024 seconds.
  path: Assets/Sprites/Tile palettes/天台1_24.asset
  artifactKey: Guid(4ad41e5878686f14cb8028c87bf51c7e) Importer(815301076,1909f56bfc062723c751e8b465ee728b)
Start importing Assets/Sprites/Tile palettes/天台1_24.asset using Guid(4ad41e5878686f14cb8028c87bf51c7e) Importer(815301076,1909f56bfc062723c751e8b465ee728b)  -> (artifact id: '5a725a329131ba855e7c2a11dfbe573f') in 0.020904 seconds 
========================================================================
Received Import Request.
  Time since last request: 0.000019 seconds.
  path: Assets/Sprites/Tile palettes/墙面挂饰_56.asset
  artifactKey: Guid(6ef926ede8765364db06ee0cbf8e8fd9) Importer(815301076,1909f56bfc062723c751e8b465ee728b)
Start importing Assets/Sprites/Tile palettes/墙面挂饰_56.asset using Guid(6ef926ede8765364db06ee0cbf8e8fd9) Importer(815301076,1909f56bfc062723c751e8b465ee728b)  -> (artifact id: '56c48848b8d9dafc4994cf7902452b17') in 0.022284 seconds 
========================================================================
Received Import Request.
  Time since last request: 0.000020 seconds.
  path: Assets/Sprites/Tile palettes/天台1_28.asset
  artifactKey: Guid(d85766db6b264c946ad0d9498620b299) Importer(815301076,1909f56bfc062723c751e8b465ee728b)
Start importing Assets/Sprites/Tile palettes/天台1_28.asset using Guid(d85766db6b264c946ad0d9498620b299) Importer(815301076,1909f56bfc062723c751e8b465ee728b)  -> (artifact id: '9157fcaf55cbbe653598c46a622fa865') in 0.020494 seconds 
========================================================================
Received Import Request.
  Time since last request: 0.000022 seconds.
  path: Assets/Sprites/Tile palettes/天台1_31.asset
  artifactKey: Guid(5af3ff615c3393443bdf99f6283610d0) Importer(815301076,1909f56bfc062723c751e8b465ee728b)
Start importing Assets/Sprites/Tile palettes/天台1_31.asset using Guid(5af3ff615c3393443bdf99f6283610d0) Importer(815301076,1909f56bfc062723c751e8b465ee728b)  -> (artifact id: 'd84a630d1489a58030b966646515bca6') in 0.022360 seconds 
========================================================================
Received Import Request.
  Time since last request: 0.000023 seconds.
  path: Assets/Sprites/Tile palettes/天台1_5.asset
  artifactKey: Guid(bd60ec0250b82664b8c863b3f24d6c44) Importer(815301076,1909f56bfc062723c751e8b465ee728b)
Start importing Assets/Sprites/Tile palettes/天台1_5.asset using Guid(bd60ec0250b82664b8c863b3f24d6c44) Importer(815301076,1909f56bfc062723c751e8b465ee728b)  -> (artifact id: '610d4f88b09ee851a5b6f181e0d06ef0') in 0.026121 seconds 
========================================================================
Received Import Request.
  Time since last request: 0.000021 seconds.
  path: Assets/Sprites/Tile palettes/天台1_30.asset
  artifactKey: Guid(6419c776458770c48a3f0df733899f54) Importer(815301076,1909f56bfc062723c751e8b465ee728b)
Start importing Assets/Sprites/Tile palettes/天台1_30.asset using Guid(6419c776458770c48a3f0df733899f54) Importer(815301076,1909f56bfc062723c751e8b465ee728b)  -> (artifact id: '406539922aa187b6912ee2d17bfaabad') in 0.021404 seconds 
========================================================================
Received Import Request.
  Time since last request: 0.000028 seconds.
  path: Assets/Sprites/Tile palettes/墙面挂饰_45.asset
  artifactKey: Guid(7fafd9857fbb4ed4292f9c9794bf8f51) Importer(815301076,1909f56bfc062723c751e8b465ee728b)
Start importing Assets/Sprites/Tile palettes/墙面挂饰_45.asset using Guid(7fafd9857fbb4ed4292f9c9794bf8f51) Importer(815301076,1909f56bfc062723c751e8b465ee728b)  -> (artifact id: '66947e19b26f69c796e3c75b2086ee8b') in 0.025639 seconds 
========================================================================
Received Import Request.
  Time since last request: 0.000024 seconds.
  path: Assets/Sprites/Tile palettes/天台1_17.asset
  artifactKey: Guid(492643afeb83e3d42882def1f8a4a099) Importer(815301076,1909f56bfc062723c751e8b465ee728b)
Start importing Assets/Sprites/Tile palettes/天台1_17.asset using Guid(492643afeb83e3d42882def1f8a4a099) Importer(815301076,1909f56bfc062723c751e8b465ee728b)  -> (artifact id: '75302551c6d505f956ca1bf29ac60d7b') in 0.021015 seconds 
========================================================================
Received Import Request.
  Time since last request: 0.000027 seconds.
  path: Assets/Sprites/Tile palettes/墙面挂饰_57.asset
  artifactKey: Guid(203386a858aa99b4f8038f4a4c52593c) Importer(815301076,1909f56bfc062723c751e8b465ee728b)
Start importing Assets/Sprites/Tile palettes/墙面挂饰_57.asset using Guid(203386a858aa99b4f8038f4a4c52593c) Importer(815301076,1909f56bfc062723c751e8b465ee728b)  -> (artifact id: '88d255578aba1a09a4f184905c46d92f') in 0.022462 seconds 
========================================================================
Received Import Request.
  Time since last request: 0.000020 seconds.
  path: Assets/Sprites/Tile palettes/墙面挂饰_58.asset
  artifactKey: Guid(9f581209b3d6f9e47be2054294d90d16) Importer(815301076,1909f56bfc062723c751e8b465ee728b)
Start importing Assets/Sprites/Tile palettes/墙面挂饰_58.asset using Guid(9f581209b3d6f9e47be2054294d90d16) Importer(815301076,1909f56bfc062723c751e8b465ee728b)  -> (artifact id: '58bca52d1eeb112fce9fa32cfad08318') in 0.020249 seconds 
========================================================================
Received Import Request.
  Time since last request: 0.000026 seconds.
  path: Assets/Sprites/Tile palettes/墙面挂饰_64.asset
  artifactKey: Guid(25cf527924c7e094c947b3a6fc2d4691) Importer(815301076,1909f56bfc062723c751e8b465ee728b)
Start importing Assets/Sprites/Tile palettes/墙面挂饰_64.asset using Guid(25cf527924c7e094c947b3a6fc2d4691) Importer(815301076,1909f56bfc062723c751e8b465ee728b)  -> (artifact id: 'e5fc9bebb5c42d91964334cfbd7193fb') in 0.022879 seconds 
========================================================================
Received Import Request.
  Time since last request: 0.000021 seconds.
  path: Assets/Sprites/Tile palettes/天台1_19.asset
  artifactKey: Guid(14f31aa65c0cf6f43ad021016f3faf3e) Importer(815301076,1909f56bfc062723c751e8b465ee728b)
Start importing Assets/Sprites/Tile palettes/天台1_19.asset using Guid(14f31aa65c0cf6f43ad021016f3faf3e) Importer(815301076,1909f56bfc062723c751e8b465ee728b)  -> (artifact id: 'b3dce0dc27863ee59a1a8d9a717ceac3') in 0.020494 seconds 
========================================================================
Received Import Request.
  Time since last request: 0.000024 seconds.
  path: Assets/Sprites/Tile palettes/天台1_21.asset
  artifactKey: Guid(d1e84f6c8c54517439d4fb0891620c2e) Importer(815301076,1909f56bfc062723c751e8b465ee728b)
Start importing Assets/Sprites/Tile palettes/天台1_21.asset using Guid(d1e84f6c8c54517439d4fb0891620c2e) Importer(815301076,1909f56bfc062723c751e8b465ee728b)  -> (artifact id: '2f29e4399bef44055d43fed9e58e32ac') in 0.022468 seconds 
========================================================================
Received Import Request.
  Time since last request: 0.000019 seconds.
  path: Assets/Sprites/Tile palettes/天台1_25.asset
  artifactKey: Guid(1c380bc8c90d3384b85c10e442810e52) Importer(815301076,1909f56bfc062723c751e8b465ee728b)
Start importing Assets/Sprites/Tile palettes/天台1_25.asset using Guid(1c380bc8c90d3384b85c10e442810e52) Importer(815301076,1909f56bfc062723c751e8b465ee728b)  -> (artifact id: 'b596d62ec8d0e7cd60d2f783223c03fe') in 0.020999 seconds 
========================================================================
Received Import Request.
  Time since last request: 0.000025 seconds.
  path: Assets/Sprites/Tile palettes/墙面挂饰_73.asset
  artifactKey: Guid(c467749025bb5cd4e920e62d94d2b855) Importer(815301076,1909f56bfc062723c751e8b465ee728b)
Start importing Assets/Sprites/Tile palettes/墙面挂饰_73.asset using Guid(c467749025bb5cd4e920e62d94d2b855) Importer(815301076,1909f56bfc062723c751e8b465ee728b)  -> (artifact id: '7443741c4ea217b8dec895ffad42e45d') in 0.025151 seconds 
========================================================================
Received Import Request.
  Time since last request: 0.000018 seconds.
  path: Assets/Sprites/Tile palettes/天台1_16.asset
  artifactKey: Guid(8532b4246a4f0064dab2c8a843bb2e60) Importer(815301076,1909f56bfc062723c751e8b465ee728b)
Start importing Assets/Sprites/Tile palettes/天台1_16.asset using Guid(8532b4246a4f0064dab2c8a843bb2e60) Importer(815301076,1909f56bfc062723c751e8b465ee728b)  -> (artifact id: 'c18567e94acbbc7963a5f4a802002efb') in 0.021175 seconds 
========================================================================
Received Import Request.
  Time since last request: 0.000024 seconds.
  path: Assets/Sprites/Tile palettes/天台1_20.asset
  artifactKey: Guid(192bbfe82d36317429f15d3b3a19e07b) Importer(815301076,1909f56bfc062723c751e8b465ee728b)
Start importing Assets/Sprites/Tile palettes/天台1_20.asset using Guid(192bbfe82d36317429f15d3b3a19e07b) Importer(815301076,1909f56bfc062723c751e8b465ee728b)  -> (artifact id: 'c5b83213049b1d8d843fdbdebf35e050') in 0.022677 seconds 
========================================================================
Received Import Request.
  Time since last request: 0.000030 seconds.
  path: Assets/Sprites/Tile palettes/天台1_29.asset
  artifactKey: Guid(9a6884baeb2d1c94f893ac32a3e320cd) Importer(815301076,1909f56bfc062723c751e8b465ee728b)
Start importing Assets/Sprites/Tile palettes/天台1_29.asset using Guid(9a6884baeb2d1c94f893ac32a3e320cd) Importer(815301076,1909f56bfc062723c751e8b465ee728b)  -> (artifact id: '8eecc57c1a2e62ab8e9e18072beb20d5') in 0.022804 seconds 
========================================================================
Received Import Request.
  Time since last request: 0.000024 seconds.
  path: Assets/Sprites/Tile palettes/墙面挂饰_59.asset
  artifactKey: Guid(bb2e383f10f971a45852cda57a9e2968) Importer(815301076,1909f56bfc062723c751e8b465ee728b)
Start importing Assets/Sprites/Tile palettes/墙面挂饰_59.asset using Guid(bb2e383f10f971a45852cda57a9e2968) Importer(815301076,1909f56bfc062723c751e8b465ee728b)  -> (artifact id: 'e48dd75c4d2d13786d2ab2f400cc55d3') in 0.023533 seconds 
========================================================================
Received Import Request.
  Time since last request: 0.000024 seconds.
  path: Assets/Sprites/Tile palettes/墙面挂饰_62.asset
  artifactKey: Guid(655b7e621f840c949b2d243c42e717b4) Importer(815301076,1909f56bfc062723c751e8b465ee728b)
Start importing Assets/Sprites/Tile palettes/墙面挂饰_62.asset using Guid(655b7e621f840c949b2d243c42e717b4) Importer(815301076,1909f56bfc062723c751e8b465ee728b)  -> (artifact id: 'ef5beb6e4b9f6c7069ede6946715b9ae') in 0.023769 seconds 
========================================================================
Received Import Request.
  Time since last request: 0.000019 seconds.
  path: Assets/Sprites/Tile palettes/墙面挂饰_60.asset
  artifactKey: Guid(14160e05c61301944b03c9f620ef72de) Importer(815301076,1909f56bfc062723c751e8b465ee728b)
Start importing Assets/Sprites/Tile palettes/墙面挂饰_60.asset using Guid(14160e05c61301944b03c9f620ef72de) Importer(815301076,1909f56bfc062723c751e8b465ee728b)  -> (artifact id: 'f9bd4ae16aff4f12eb842d432e5583f5') in 0.022724 seconds 
========================================================================
Received Import Request.
  Time since last request: 0.000023 seconds.
  path: Assets/Sprites/Tile palettes/天台1_12.asset
  artifactKey: Guid(c4e8473255965e94a8256d961068b0ce) Importer(815301076,1909f56bfc062723c751e8b465ee728b)
Start importing Assets/Sprites/Tile palettes/天台1_12.asset using Guid(c4e8473255965e94a8256d961068b0ce) Importer(815301076,1909f56bfc062723c751e8b465ee728b)  -> (artifact id: '83b191f64b4b57557d2f7dec35d23a95') in 0.022095 seconds 
========================================================================
Received Import Request.
  Time since last request: 0.000018 seconds.
  path: Assets/Sprites/Tile palettes/墙面挂饰_75.asset
  artifactKey: Guid(021a571decbae8144a68163badf6a820) Importer(815301076,1909f56bfc062723c751e8b465ee728b)
Start importing Assets/Sprites/Tile palettes/墙面挂饰_75.asset using Guid(021a571decbae8144a68163badf6a820) Importer(815301076,1909f56bfc062723c751e8b465ee728b)  -> (artifact id: '654e138832eeb07a96c55aeed85d13d8') in 0.023564 seconds 
========================================================================
Received Import Request.
  Time since last request: 0.000018 seconds.
  path: Assets/Sprites/Tile palettes/天台1_26.asset
  artifactKey: Guid(485de878ff6038849b70b330e8fc7dea) Importer(815301076,1909f56bfc062723c751e8b465ee728b)
Start importing Assets/Sprites/Tile palettes/天台1_26.asset using Guid(485de878ff6038849b70b330e8fc7dea) Importer(815301076,1909f56bfc062723c751e8b465ee728b)  -> (artifact id: '8cb9eb59117429de34e36a57f84bffc8') in 0.022447 seconds 
========================================================================
Received Import Request.
  Time since last request: 0.000019 seconds.
  path: Assets/Sprites/Tile palettes/墙面挂饰_41.asset
  artifactKey: Guid(35b87209f8d6b6446b394eb94e1b0cfb) Importer(815301076,1909f56bfc062723c751e8b465ee728b)
Start importing Assets/Sprites/Tile palettes/墙面挂饰_41.asset using Guid(35b87209f8d6b6446b394eb94e1b0cfb) Importer(815301076,1909f56bfc062723c751e8b465ee728b)  -> (artifact id: '7ee70eaed1df76240f6cbc0fe70ed20b') in 0.023584 seconds 
========================================================================
Received Import Request.
  Time since last request: 0.000023 seconds.
  path: Assets/Sprites/Tile palettes/天台1_4.asset
  artifactKey: Guid(832a30100596d4747b005db019fd7f29) Importer(815301076,1909f56bfc062723c751e8b465ee728b)
Start importing Assets/Sprites/Tile palettes/天台1_4.asset using Guid(832a30100596d4747b005db019fd7f29) Importer(815301076,1909f56bfc062723c751e8b465ee728b)  -> (artifact id: 'caa5f98b6f0b81fe99079f711230f43a') in 0.021324 seconds 
========================================================================
Received Import Request.
  Time since last request: 0.000030 seconds.
  path: Assets/Sprites/Tile palettes/墙面挂饰_38.asset
  artifactKey: Guid(4ab8c06b36bbdaf409eef4cbadc2459a) Importer(815301076,1909f56bfc062723c751e8b465ee728b)
Start importing Assets/Sprites/Tile palettes/墙面挂饰_38.asset using Guid(4ab8c06b36bbdaf409eef4cbadc2459a) Importer(815301076,1909f56bfc062723c751e8b465ee728b)  -> (artifact id: '1c1c61d053234ed501a5b1ccc083bedc') in 0.020752 seconds 
========================================================================
Received Import Request.
  Time since last request: 0.000020 seconds.
  path: Assets/Sprites/Tile palettes/墙面挂饰_72.asset
  artifactKey: Guid(4423d05fe13435748a285320706083ad) Importer(815301076,1909f56bfc062723c751e8b465ee728b)
Start importing Assets/Sprites/Tile palettes/墙面挂饰_72.asset using Guid(4423d05fe13435748a285320706083ad) Importer(815301076,1909f56bfc062723c751e8b465ee728b)  -> (artifact id: 'ce31e6064cb62000b4df0beb43447973') in 0.023515 seconds 
========================================================================
Received Import Request.
  Time since last request: 0.000022 seconds.
  path: Assets/Sprites/Tile palettes/天台1_13.asset
  artifactKey: Guid(8f8caf567ab0ea949bb8cd0c51dc392f) Importer(815301076,1909f56bfc062723c751e8b465ee728b)
Start importing Assets/Sprites/Tile palettes/天台1_13.asset using Guid(8f8caf567ab0ea949bb8cd0c51dc392f) Importer(815301076,1909f56bfc062723c751e8b465ee728b)  -> (artifact id: '5e9ff4d492993ee2217edacac9a4a361') in 0.021917 seconds 
========================================================================
Received Import Request.
  Time since last request: 0.000021 seconds.
  path: Assets/Sprites/Tile palettes/天台1_2.asset
  artifactKey: Guid(20f10f2dff593fc439eb10ac57f4a2c4) Importer(815301076,1909f56bfc062723c751e8b465ee728b)
Start importing Assets/Sprites/Tile palettes/天台1_2.asset using Guid(20f10f2dff593fc439eb10ac57f4a2c4) Importer(815301076,1909f56bfc062723c751e8b465ee728b)  -> (artifact id: 'aa4382bc06bbb90151dcd3ea4e5ac713') in 0.020609 seconds 
========================================================================
Received Import Request.
  Time since last request: 0.000025 seconds.
  path: Assets/Sprites/Tile palettes/天台1_27.asset
  artifactKey: Guid(ef432a498a925224d8be3884d3d3a43c) Importer(815301076,1909f56bfc062723c751e8b465ee728b)
Start importing Assets/Sprites/Tile palettes/天台1_27.asset using Guid(ef432a498a925224d8be3884d3d3a43c) Importer(815301076,1909f56bfc062723c751e8b465ee728b)  -> (artifact id: '12f13218baabd02020498ce6f324d5fb') in 0.024840 seconds 
========================================================================
Received Import Request.
  Time since last request: 0.000017 seconds.
  path: Assets/Sprites/Tile palettes/墙面挂饰_40.asset
  artifactKey: Guid(35d93abe66115864ab146340b549bb5d) Importer(815301076,1909f56bfc062723c751e8b465ee728b)
Start importing Assets/Sprites/Tile palettes/墙面挂饰_40.asset using Guid(35d93abe66115864ab146340b549bb5d) Importer(815301076,1909f56bfc062723c751e8b465ee728b)  -> (artifact id: '434d269649d4b50e898ac83348f310d1') in 0.022662 seconds 
========================================================================
Received Import Request.
  Time since last request: 0.000024 seconds.
  path: Assets/Sprites/Tile palettes/天台1_7.asset
  artifactKey: Guid(53e6bc1eed9434e4abbfa9c7afaa9c49) Importer(815301076,1909f56bfc062723c751e8b465ee728b)
Start importing Assets/Sprites/Tile palettes/天台1_7.asset using Guid(53e6bc1eed9434e4abbfa9c7afaa9c49) Importer(815301076,1909f56bfc062723c751e8b465ee728b)  -> (artifact id: 'b7d21cb400d28c7b74ddc331829908fd') in 0.021735 seconds 
========================================================================
Received Import Request.
  Time since last request: 0.000021 seconds.
  path: Assets/Sprites/Tile palettes/天台1_23.asset
  artifactKey: Guid(ffd6732fb22ba8e4cab1ab8b076ca40f) Importer(815301076,1909f56bfc062723c751e8b465ee728b)
Start importing Assets/Sprites/Tile palettes/天台1_23.asset using Guid(ffd6732fb22ba8e4cab1ab8b076ca40f) Importer(815301076,1909f56bfc062723c751e8b465ee728b)  -> (artifact id: '01d7a009175010d6c1343643d9348c43') in 0.021539 seconds 
========================================================================
Received Import Request.
  Time since last request: 0.000025 seconds.
  path: Assets/Sprites/Tile palettes/墙面挂饰_49.asset
  artifactKey: Guid(deed0cfb872a73f40b713d366de23c6f) Importer(815301076,1909f56bfc062723c751e8b465ee728b)
Start importing Assets/Sprites/Tile palettes/墙面挂饰_49.asset using Guid(deed0cfb872a73f40b713d366de23c6f) Importer(815301076,1909f56bfc062723c751e8b465ee728b)  -> (artifact id: '053d0f7071c507a2450736eb769bd06a') in 0.021910 seconds 
========================================================================
Received Import Request.
  Time since last request: 0.000032 seconds.
  path: Assets/Sprites/Tile palettes/墙面挂饰_48.asset
  artifactKey: Guid(47e166e85f91c47449f421c9f49a6acf) Importer(815301076,1909f56bfc062723c751e8b465ee728b)
Start importing Assets/Sprites/Tile palettes/墙面挂饰_48.asset using Guid(47e166e85f91c47449f421c9f49a6acf) Importer(815301076,1909f56bfc062723c751e8b465ee728b)  -> (artifact id: '121217579efc77c303331764a4394c03') in 0.023387 seconds 
========================================================================
Received Import Request.
  Time since last request: 0.000023 seconds.
  path: Assets/Sprites/Tile palettes/墙面挂饰_71.asset
  artifactKey: Guid(304d8dd0b4b79424c81cf75c1aa51140) Importer(815301076,1909f56bfc062723c751e8b465ee728b)
Start importing Assets/Sprites/Tile palettes/墙面挂饰_71.asset using Guid(304d8dd0b4b79424c81cf75c1aa51140) Importer(815301076,1909f56bfc062723c751e8b465ee728b)  -> (artifact id: '3f8d1d4e20438051041005a81c4a91c6') in 0.021283 seconds 
========================================================================
Received Import Request.
  Time since last request: 0.000020 seconds.
  path: Assets/Sprites/Tile palettes/墙面挂饰_65.asset
  artifactKey: Guid(3a2e7dcdbd5f6ce4693849e15a556bcf) Importer(815301076,1909f56bfc062723c751e8b465ee728b)
Start importing Assets/Sprites/Tile palettes/墙面挂饰_65.asset using Guid(3a2e7dcdbd5f6ce4693849e15a556bcf) Importer(815301076,1909f56bfc062723c751e8b465ee728b)  -> (artifact id: 'a03168d1f09c41136a3b36c067f4e19d') in 0.021535 seconds 
========================================================================
Received Import Request.
  Time since last request: 0.000021 seconds.
  path: Assets/Sprites/Tile palettes/天台1_10.asset
  artifactKey: Guid(9302fd1acee381f4da5fc346c747b86a) Importer(815301076,1909f56bfc062723c751e8b465ee728b)
Start importing Assets/Sprites/Tile palettes/天台1_10.asset using Guid(9302fd1acee381f4da5fc346c747b86a) Importer(815301076,1909f56bfc062723c751e8b465ee728b)  -> (artifact id: 'fa6e1ec25174886c67a065e26114c5d2') in 0.022098 seconds 
========================================================================
Received Import Request.
  Time since last request: 0.000022 seconds.
  path: Assets/Sprites/Tile palettes/墙面挂饰_53.asset
  artifactKey: Guid(ebc5d1bfeb44dcb4383513e3b30ea69b) Importer(815301076,1909f56bfc062723c751e8b465ee728b)
Start importing Assets/Sprites/Tile palettes/墙面挂饰_53.asset using Guid(ebc5d1bfeb44dcb4383513e3b30ea69b) Importer(815301076,1909f56bfc062723c751e8b465ee728b)  -> (artifact id: '488f18c7a767302c26e2055212b336d2') in 0.021666 seconds 
========================================================================
Received Import Request.
  Time since last request: 0.000024 seconds.
  path: Assets/Sprites/Tile palettes/墙面挂饰_37.asset
  artifactKey: Guid(f046aef0b2c1ad842845c59de6cf8e44) Importer(815301076,1909f56bfc062723c751e8b465ee728b)
Start importing Assets/Sprites/Tile palettes/墙面挂饰_37.asset using Guid(f046aef0b2c1ad842845c59de6cf8e44) Importer(815301076,1909f56bfc062723c751e8b465ee728b)  -> (artifact id: '93da8006e52786b5428c7683300fb43b') in 0.024762 seconds 
Editor requested this worker to shutdown with reason: Scaling down because of idle timeout
AssetImportWorker is now disconnected from the server
Process exiting
Exiting without the bug reporter. Application will terminate with return code 0